#
# There is insufficient memory for the Java Runtime Environment to continue.
# Native memory allocation (malloc) failed to allocate 1362832 bytes. Error detail: Chunk::new
# Possible reasons:
#   The system is out of physical RAM or swap space
#   This process is running with CompressedOops enabled, and the Java Heap may be blocking the growth of the native heap
# Possible solutions:
#   Reduce memory load on the system
#   Increase physical memory or swap space
#   Check if swap backing store is full
#   Decrease Java heap size (-Xmx/-Xms)
#   Decrease number of Java threads
#   Decrease Java thread stack sizes (-Xss)
#   Set larger code cache with -XX:ReservedCodeCacheSize=
#   JVM is running with Zero Based Compressed Oops mode in which the Java heap is
#     placed in the first 32GB address space. The Java Heap base address is the
#     maximum limit for the native heap growth. Please use -XX:HeapBaseMinAddress
#     to set the Java Heap base and to place the Java Heap above 32GB virtual address.
# This output file may be truncated or incomplete.
#
#  Out of Memory Error (arena.cpp:162), pid=1560, tid=20524
#
# JRE version: OpenJDK Runtime Environment (24.0+36) (build 24+36-3646)
# Java VM: OpenJDK 64-Bit Server VM (24+36-3646, mixed mode, sharing, tiered, compressed oops, compressed class ptrs, g1 gc, windows-amd64)
# No core dump will be written. Minidumps are not enabled by default on client versions of Windows
#

---------------  S U M M A R Y ------------

Command Line: -javaagent:C:\Program Files\JetBrains\IntelliJ IDEA 2025.1.1.1\lib\idea_rt.jar=55316 -Dfile.encoding=UTF-8 -Dsun.stdout.encoding=UTF-8 -Dsun.stderr.encoding=UTF-8 Monitor

Host: 13th Gen Intel(R) Core(TM) i5-1335U, 12 cores, 15G,  Windows 11 , 64 bit Build 26100 (10.0.26100.3912)
Time: Fri May 30 13:38:56 2025  Windows 11 , 64 bit Build 26100 (10.0.26100.3912) elapsed time: 2.269435 seconds (0d 0h 0m 2s)

---------------  T H R E A D  ---------------

Current thread (0x000001bb453b1b90):  JavaThread "C2 CompilerThread1" daemon [_thread_in_native, id=20524, stack(0x000000a2a9600000,0x000000a2a9700000) (1024K)]


Current CompileTask:
C2:2269  743       4       java.util.HashMap::put (13 bytes)

Stack: [0x000000a2a9600000,0x000000a2a9700000]
Native frames: (J=compiled Java code, j=interpreted, Vv=VM code, C=native code)
V  [jvm.dll+0x7308c9]  (no source info available)
V  [jvm.dll+0x8d9ca3]  (no source info available)
V  [jvm.dll+0x8dc13d]  (no source info available)
V  [jvm.dll+0x8dc7b3]  (no source info available)
V  [jvm.dll+0x2aa046]  (no source info available)
V  [jvm.dll+0xced8f]  (no source info available)
V  [jvm.dll+0xcefef]  (no source info available)
V  [jvm.dll+0x154d23]  (no source info available)
V  [jvm.dll+0x7360ef]  (no source info available)
V  [jvm.dll+0x26f9dc]  (no source info available)
V  [jvm.dll+0x26e9ff]  (no source info available)
V  [jvm.dll+0x1e9d00]  (no source info available)
V  [jvm.dll+0x27e1bb]  (no source info available)
V  [jvm.dll+0x27c45a]  (no source info available)
V  [jvm.dll+0x42f566]  (no source info available)
V  [jvm.dll+0x87d8fb]  (no source info available)
V  [jvm.dll+0x72efe5]  (no source info available)
C  [ucrtbase.dll+0x37b0]  (no source info available)
C  [KERNEL32.DLL+0x2e8d7]  (no source info available)
C  [ntdll.dll+0x9c5dc]  (no source info available)

Lock stack of current Java thread (top to bottom):


---------------  P R O C E S S  ---------------

Threads class SMR info:
_java_thread_list=0x000001bb453af320, length=13, elements={
0x000001bb558d6ca0, 0x000001bb75b2df90, 0x000001bb75b2e8d0, 0x000001bb75b317c0,
0x000001bb75b327d0, 0x000001bb75b37050, 0x000001bb75b38190, 0x000001bb75b38f30,
0x000001bb75b3a0e0, 0x000001bb75b09af0, 0x000001bb4521e710, 0x000001bb4521ee50,
0x000001bb453b1b90
}

Java Threads: ( => current thread )
  0x000001bb558d6ca0 JavaThread "main"                              [_thread_blocked, id=5168, stack(0x000000a2a8500000,0x000000a2a8600000) (1024K)]
  0x000001bb75b2df90 JavaThread "Reference Handler"          daemon [_thread_blocked, id=14812, stack(0x000000a2a8d00000,0x000000a2a8e00000) (1024K)]
  0x000001bb75b2e8d0 JavaThread "Finalizer"                  daemon [_thread_blocked, id=8080, stack(0x000000a2a8e00000,0x000000a2a8f00000) (1024K)]
  0x000001bb75b317c0 JavaThread "Signal Dispatcher"          daemon [_thread_blocked, id=19284, stack(0x000000a2a8f00000,0x000000a2a9000000) (1024K)]
  0x000001bb75b327d0 JavaThread "Attach Listener"            daemon [_thread_in_native, id=20720, stack(0x000000a2a9000000,0x000000a2a9100000) (1024K)]
  0x000001bb75b37050 JavaThread "Service Thread"             daemon [_thread_blocked, id=7880, stack(0x000000a2a9100000,0x000000a2a9200000) (1024K)]
  0x000001bb75b38190 JavaThread "Monitor Deflation Thread"   daemon [_thread_blocked, id=15620, stack(0x000000a2a9200000,0x000000a2a9300000) (1024K)]
  0x000001bb75b38f30 JavaThread "C2 CompilerThread0"         daemon [_thread_in_native, id=10676, stack(0x000000a2a9300000,0x000000a2a9400000) (1024K)]
  0x000001bb75b3a0e0 JavaThread "C1 CompilerThread0"         daemon [_thread_in_native, id=10472, stack(0x000000a2a9400000,0x000000a2a9500000) (1024K)]
  0x000001bb75b09af0 JavaThread "Common-Cleaner"             daemon [_thread_blocked, id=8068, stack(0x000000a2a9500000,0x000000a2a9600000) (1024K)]
  0x000001bb4521e710 JavaThread "Monitor Ctrl-Break"         daemon [_thread_in_native, id=816, stack(0x000000a2a9700000,0x000000a2a9800000) (1024K)]
  0x000001bb4521ee50 JavaThread "Notification Thread"        daemon [_thread_blocked, id=15316, stack(0x000000a2a9800000,0x000000a2a9900000) (1024K)]
=>0x000001bb453b1b90 JavaThread "C2 CompilerThread1"         daemon [_thread_in_native, id=20524, stack(0x000000a2a9600000,0x000000a2a9700000) (1024K)]
Total: 13

Other Threads:
  0x000001bb75b1aa80 VMThread "VM Thread"                           [id=14472, stack(0x000000a2a8c00000,0x000000a2a8d00000) (1024K)]
  0x000001bb75b09140 WatcherThread "VM Periodic Task Thread"        [id=21432, stack(0x000000a2a8b00000,0x000000a2a8c00000) (1024K)]
  0x000001bb5593f7b0 WorkerThread "GC Thread#0"                     [id=2564, stack(0x000000a2a8600000,0x000000a2a8700000) (1024K)]
  0x000001bb55954680 ConcurrentGCThread "G1 Main Marker"            [id=7068, stack(0x000000a2a8700000,0x000000a2a8800000) (1024K)]
  0x000001bb55956fb0 WorkerThread "G1 Conc#0"                       [id=18420, stack(0x000000a2a8800000,0x000000a2a8900000) (1024K)]
  0x000001bb5599e400 ConcurrentGCThread "G1 Refine#0"               [id=17200, stack(0x000000a2a8900000,0x000000a2a8a00000) (1024K)]
  0x000001bb5599ea30 ConcurrentGCThread "G1 Service"                [id=6168, stack(0x000000a2a8a00000,0x000000a2a8b00000) (1024K)]
Total: 7

Threads with active compile tasks:
C2 CompilerThread0  3331  840       4       java.lang.String::substring (58 bytes)
C2 CompilerThread1  3331  743       4       java.util.HashMap::put (13 bytes)
Total: 2

VM state: not at safepoint (normal execution)

VM Mutex/Monitor currently owned by a thread: None

Heap address: 0x0000000704000000, size: 4032 MB, Compressed Oops mode: Zero based, Oop shift amount: 3

CDS archive(s) mapped at: [0x000001bb00000000-0x000001bb00d40000-0x000001bb00d40000), size 13893632, SharedBaseAddress: 0x000001bb00000000, ArchiveRelocationMode: 1.
Compressed class space mapped at: 0x000001bb01000000-0x000001bb41000000, reserved size: 1073741824
UseCompressedClassPointers 1, UseCompactObjectHeaders 0
Narrow klass pointer bits 32, Max shift 3
Narrow klass base: 0x000001bb00000000, Narrow klass shift: 0
Encoding Range: [0x000001bb00000000 - 0x000001bc00000000), (4294967296 bytes)
Klass Range:    [0x000001bb00000000 - 0x000001bb41000000), (1090519040 bytes)
Klass ID Range:  [8 - 1090519033) (1090519025)

GC Precious Log:
 CardTable entry size: 512
 Card Set container configuration: InlinePtr #cards 4 size 8 Array Of Cards #cards 16 size 48 Howl #buckets 8 coarsen threshold 3686 Howl Bitmap #cards 512 size 80 coarsen threshold 460 Card regions per heap region 1 cards per card region 4096
 CPUs: 12 total, 12 available
 Memory: 16122M
 Large Page Support: Disabled
 NUMA Support: Disabled
 Compressed Oops: Enabled (Zero based)
 Heap Region Size: 2M
 Heap Min Capacity: 8M
 Heap Initial Capacity: 252M
 Heap Max Capacity: 4032M
 Pre-touch: Disabled
 Parallel Workers: 10
 Concurrent Workers: 3
 Concurrent Refinement Workers: 10
 Periodic GC: Disabled

Heap:
 garbage-first heap   total reserved 4128768K, committed 260096K, used 13424K [0x0000000704000000, 0x0000000800000000)
  region size 2048K, 7 young (14336K), 0 survivors (0K)
 Metaspace       used 6378K, committed 6592K, reserved 1114112K
  class space    used 534K, committed 640K, reserved 1048576K

Heap Regions: E=young(eden), S=young(survivor), O=old, HS=humongous(starts), HC=humongous(continues), CS=collection set, F=free, TAMS=top-at-mark-start, PB=parsable bottom
|   0|0x0000000704000000, 0x0000000704000000, 0x0000000704200000|  0%| F|  |TAMS 0x0000000704000000| PB 0x0000000704000000| Untracked |  0
|   1|0x0000000704200000, 0x0000000704200000, 0x0000000704400000|  0%| F|  |TAMS 0x0000000704200000| PB 0x0000000704200000| Untracked |  0
|   2|0x0000000704400000, 0x0000000704400000, 0x0000000704600000|  0%| F|  |TAMS 0x0000000704400000| PB 0x0000000704400000| Untracked |  0
|   3|0x0000000704600000, 0x0000000704600000, 0x0000000704800000|  0%| F|  |TAMS 0x0000000704600000| PB 0x0000000704600000| Untracked |  0
|   4|0x0000000704800000, 0x0000000704800000, 0x0000000704a00000|  0%| F|  |TAMS 0x0000000704800000| PB 0x0000000704800000| Untracked |  0
|   5|0x0000000704a00000, 0x0000000704a00000, 0x0000000704c00000|  0%| F|  |TAMS 0x0000000704a00000| PB 0x0000000704a00000| Untracked |  0
|   6|0x0000000704c00000, 0x0000000704c00000, 0x0000000704e00000|  0%| F|  |TAMS 0x0000000704c00000| PB 0x0000000704c00000| Untracked |  0
|   7|0x0000000704e00000, 0x0000000704e00000, 0x0000000705000000|  0%| F|  |TAMS 0x0000000704e00000| PB 0x0000000704e00000| Untracked |  0
|   8|0x0000000705000000, 0x0000000705000000, 0x0000000705200000|  0%| F|  |TAMS 0x0000000705000000| PB 0x0000000705000000| Untracked |  0
|   9|0x0000000705200000, 0x0000000705200000, 0x0000000705400000|  0%| F|  |TAMS 0x0000000705200000| PB 0x0000000705200000| Untracked |  0
|  10|0x0000000705400000, 0x0000000705400000, 0x0000000705600000|  0%| F|  |TAMS 0x0000000705400000| PB 0x0000000705400000| Untracked |  0
|  11|0x0000000705600000, 0x0000000705600000, 0x0000000705800000|  0%| F|  |TAMS 0x0000000705600000| PB 0x0000000705600000| Untracked |  0
|  12|0x0000000705800000, 0x0000000705800000, 0x0000000705a00000|  0%| F|  |TAMS 0x0000000705800000| PB 0x0000000705800000| Untracked |  0
|  13|0x0000000705a00000, 0x0000000705a00000, 0x0000000705c00000|  0%| F|  |TAMS 0x0000000705a00000| PB 0x0000000705a00000| Untracked |  0
|  14|0x0000000705c00000, 0x0000000705c00000, 0x0000000705e00000|  0%| F|  |TAMS 0x0000000705c00000| PB 0x0000000705c00000| Untracked |  0
|  15|0x0000000705e00000, 0x0000000705e00000, 0x0000000706000000|  0%| F|  |TAMS 0x0000000705e00000| PB 0x0000000705e00000| Untracked |  0
|  16|0x0000000706000000, 0x0000000706000000, 0x0000000706200000|  0%| F|  |TAMS 0x0000000706000000| PB 0x0000000706000000| Untracked |  0
|  17|0x0000000706200000, 0x0000000706200000, 0x0000000706400000|  0%| F|  |TAMS 0x0000000706200000| PB 0x0000000706200000| Untracked |  0
|  18|0x0000000706400000, 0x0000000706400000, 0x0000000706600000|  0%| F|  |TAMS 0x0000000706400000| PB 0x0000000706400000| Untracked |  0
|  19|0x0000000706600000, 0x0000000706600000, 0x0000000706800000|  0%| F|  |TAMS 0x0000000706600000| PB 0x0000000706600000| Untracked |  0
|  20|0x0000000706800000, 0x0000000706800000, 0x0000000706a00000|  0%| F|  |TAMS 0x0000000706800000| PB 0x0000000706800000| Untracked |  0
|  21|0x0000000706a00000, 0x0000000706a00000, 0x0000000706c00000|  0%| F|  |TAMS 0x0000000706a00000| PB 0x0000000706a00000| Untracked |  0
|  22|0x0000000706c00000, 0x0000000706c00000, 0x0000000706e00000|  0%| F|  |TAMS 0x0000000706c00000| PB 0x0000000706c00000| Untracked |  0
|  23|0x0000000706e00000, 0x0000000706e00000, 0x0000000707000000|  0%| F|  |TAMS 0x0000000706e00000| PB 0x0000000706e00000| Untracked |  0
|  24|0x0000000707000000, 0x0000000707000000, 0x0000000707200000|  0%| F|  |TAMS 0x0000000707000000| PB 0x0000000707000000| Untracked |  0
|  25|0x0000000707200000, 0x0000000707200000, 0x0000000707400000|  0%| F|  |TAMS 0x0000000707200000| PB 0x0000000707200000| Untracked |  0
|  26|0x0000000707400000, 0x0000000707400000, 0x0000000707600000|  0%| F|  |TAMS 0x0000000707400000| PB 0x0000000707400000| Untracked |  0
|  27|0x0000000707600000, 0x0000000707600000, 0x0000000707800000|  0%| F|  |TAMS 0x0000000707600000| PB 0x0000000707600000| Untracked |  0
|  28|0x0000000707800000, 0x0000000707800000, 0x0000000707a00000|  0%| F|  |TAMS 0x0000000707800000| PB 0x0000000707800000| Untracked |  0
|  29|0x0000000707a00000, 0x0000000707a00000, 0x0000000707c00000|  0%| F|  |TAMS 0x0000000707a00000| PB 0x0000000707a00000| Untracked |  0
|  30|0x0000000707c00000, 0x0000000707c00000, 0x0000000707e00000|  0%| F|  |TAMS 0x0000000707c00000| PB 0x0000000707c00000| Untracked |  0
|  31|0x0000000707e00000, 0x0000000707e00000, 0x0000000708000000|  0%| F|  |TAMS 0x0000000707e00000| PB 0x0000000707e00000| Untracked |  0
|  32|0x0000000708000000, 0x0000000708000000, 0x0000000708200000|  0%| F|  |TAMS 0x0000000708000000| PB 0x0000000708000000| Untracked |  0
|  33|0x0000000708200000, 0x0000000708200000, 0x0000000708400000|  0%| F|  |TAMS 0x0000000708200000| PB 0x0000000708200000| Untracked |  0
|  34|0x0000000708400000, 0x0000000708400000, 0x0000000708600000|  0%| F|  |TAMS 0x0000000708400000| PB 0x0000000708400000| Untracked |  0
|  35|0x0000000708600000, 0x0000000708600000, 0x0000000708800000|  0%| F|  |TAMS 0x0000000708600000| PB 0x0000000708600000| Untracked |  0
|  36|0x0000000708800000, 0x0000000708800000, 0x0000000708a00000|  0%| F|  |TAMS 0x0000000708800000| PB 0x0000000708800000| Untracked |  0
|  37|0x0000000708a00000, 0x0000000708a00000, 0x0000000708c00000|  0%| F|  |TAMS 0x0000000708a00000| PB 0x0000000708a00000| Untracked |  0
|  38|0x0000000708c00000, 0x0000000708c00000, 0x0000000708e00000|  0%| F|  |TAMS 0x0000000708c00000| PB 0x0000000708c00000| Untracked |  0
|  39|0x0000000708e00000, 0x0000000708e00000, 0x0000000709000000|  0%| F|  |TAMS 0x0000000708e00000| PB 0x0000000708e00000| Untracked |  0
|  40|0x0000000709000000, 0x0000000709000000, 0x0000000709200000|  0%| F|  |TAMS 0x0000000709000000| PB 0x0000000709000000| Untracked |  0
|  41|0x0000000709200000, 0x0000000709200000, 0x0000000709400000|  0%| F|  |TAMS 0x0000000709200000| PB 0x0000000709200000| Untracked |  0
|  42|0x0000000709400000, 0x0000000709400000, 0x0000000709600000|  0%| F|  |TAMS 0x0000000709400000| PB 0x0000000709400000| Untracked |  0
|  43|0x0000000709600000, 0x0000000709600000, 0x0000000709800000|  0%| F|  |TAMS 0x0000000709600000| PB 0x0000000709600000| Untracked |  0
|  44|0x0000000709800000, 0x0000000709800000, 0x0000000709a00000|  0%| F|  |TAMS 0x0000000709800000| PB 0x0000000709800000| Untracked |  0
|  45|0x0000000709a00000, 0x0000000709a00000, 0x0000000709c00000|  0%| F|  |TAMS 0x0000000709a00000| PB 0x0000000709a00000| Untracked |  0
|  46|0x0000000709c00000, 0x0000000709c00000, 0x0000000709e00000|  0%| F|  |TAMS 0x0000000709c00000| PB 0x0000000709c00000| Untracked |  0
|  47|0x0000000709e00000, 0x0000000709e00000, 0x000000070a000000|  0%| F|  |TAMS 0x0000000709e00000| PB 0x0000000709e00000| Untracked |  0
|  48|0x000000070a000000, 0x000000070a000000, 0x000000070a200000|  0%| F|  |TAMS 0x000000070a000000| PB 0x000000070a000000| Untracked |  0
|  49|0x000000070a200000, 0x000000070a200000, 0x000000070a400000|  0%| F|  |TAMS 0x000000070a200000| PB 0x000000070a200000| Untracked |  0
|  50|0x000000070a400000, 0x000000070a400000, 0x000000070a600000|  0%| F|  |TAMS 0x000000070a400000| PB 0x000000070a400000| Untracked |  0
|  51|0x000000070a600000, 0x000000070a600000, 0x000000070a800000|  0%| F|  |TAMS 0x000000070a600000| PB 0x000000070a600000| Untracked |  0
|  52|0x000000070a800000, 0x000000070a800000, 0x000000070aa00000|  0%| F|  |TAMS 0x000000070a800000| PB 0x000000070a800000| Untracked |  0
|  53|0x000000070aa00000, 0x000000070aa00000, 0x000000070ac00000|  0%| F|  |TAMS 0x000000070aa00000| PB 0x000000070aa00000| Untracked |  0
|  54|0x000000070ac00000, 0x000000070ac00000, 0x000000070ae00000|  0%| F|  |TAMS 0x000000070ac00000| PB 0x000000070ac00000| Untracked |  0
|  55|0x000000070ae00000, 0x000000070ae00000, 0x000000070b000000|  0%| F|  |TAMS 0x000000070ae00000| PB 0x000000070ae00000| Untracked |  0
|  56|0x000000070b000000, 0x000000070b000000, 0x000000070b200000|  0%| F|  |TAMS 0x000000070b000000| PB 0x000000070b000000| Untracked |  0
|  57|0x000000070b200000, 0x000000070b200000, 0x000000070b400000|  0%| F|  |TAMS 0x000000070b200000| PB 0x000000070b200000| Untracked |  0
|  58|0x000000070b400000, 0x000000070b400000, 0x000000070b600000|  0%| F|  |TAMS 0x000000070b400000| PB 0x000000070b400000| Untracked |  0
|  59|0x000000070b600000, 0x000000070b600000, 0x000000070b800000|  0%| F|  |TAMS 0x000000070b600000| PB 0x000000070b600000| Untracked |  0
|  60|0x000000070b800000, 0x000000070b800000, 0x000000070ba00000|  0%| F|  |TAMS 0x000000070b800000| PB 0x000000070b800000| Untracked |  0
|  61|0x000000070ba00000, 0x000000070ba00000, 0x000000070bc00000|  0%| F|  |TAMS 0x000000070ba00000| PB 0x000000070ba00000| Untracked |  0
|  62|0x000000070bc00000, 0x000000070bc00000, 0x000000070be00000|  0%| F|  |TAMS 0x000000070bc00000| PB 0x000000070bc00000| Untracked |  0
|  63|0x000000070be00000, 0x000000070be00000, 0x000000070c000000|  0%| F|  |TAMS 0x000000070be00000| PB 0x000000070be00000| Untracked |  0
|  64|0x000000070c000000, 0x000000070c000000, 0x000000070c200000|  0%| F|  |TAMS 0x000000070c000000| PB 0x000000070c000000| Untracked |  0
|  65|0x000000070c200000, 0x000000070c200000, 0x000000070c400000|  0%| F|  |TAMS 0x000000070c200000| PB 0x000000070c200000| Untracked |  0
|  66|0x000000070c400000, 0x000000070c400000, 0x000000070c600000|  0%| F|  |TAMS 0x000000070c400000| PB 0x000000070c400000| Untracked |  0
|  67|0x000000070c600000, 0x000000070c600000, 0x000000070c800000|  0%| F|  |TAMS 0x000000070c600000| PB 0x000000070c600000| Untracked |  0
|  68|0x000000070c800000, 0x000000070c800000, 0x000000070ca00000|  0%| F|  |TAMS 0x000000070c800000| PB 0x000000070c800000| Untracked |  0
|  69|0x000000070ca00000, 0x000000070ca00000, 0x000000070cc00000|  0%| F|  |TAMS 0x000000070ca00000| PB 0x000000070ca00000| Untracked |  0
|  70|0x000000070cc00000, 0x000000070cc00000, 0x000000070ce00000|  0%| F|  |TAMS 0x000000070cc00000| PB 0x000000070cc00000| Untracked |  0
|  71|0x000000070ce00000, 0x000000070ce00000, 0x000000070d000000|  0%| F|  |TAMS 0x000000070ce00000| PB 0x000000070ce00000| Untracked |  0
|  72|0x000000070d000000, 0x000000070d000000, 0x000000070d200000|  0%| F|  |TAMS 0x000000070d000000| PB 0x000000070d000000| Untracked |  0
|  73|0x000000070d200000, 0x000000070d200000, 0x000000070d400000|  0%| F|  |TAMS 0x000000070d200000| PB 0x000000070d200000| Untracked |  0
|  74|0x000000070d400000, 0x000000070d400000, 0x000000070d600000|  0%| F|  |TAMS 0x000000070d400000| PB 0x000000070d400000| Untracked |  0
|  75|0x000000070d600000, 0x000000070d600000, 0x000000070d800000|  0%| F|  |TAMS 0x000000070d600000| PB 0x000000070d600000| Untracked |  0
|  76|0x000000070d800000, 0x000000070d800000, 0x000000070da00000|  0%| F|  |TAMS 0x000000070d800000| PB 0x000000070d800000| Untracked |  0
|  77|0x000000070da00000, 0x000000070da00000, 0x000000070dc00000|  0%| F|  |TAMS 0x000000070da00000| PB 0x000000070da00000| Untracked |  0
|  78|0x000000070dc00000, 0x000000070dc00000, 0x000000070de00000|  0%| F|  |TAMS 0x000000070dc00000| PB 0x000000070dc00000| Untracked |  0
|  79|0x000000070de00000, 0x000000070de00000, 0x000000070e000000|  0%| F|  |TAMS 0x000000070de00000| PB 0x000000070de00000| Untracked |  0
|  80|0x000000070e000000, 0x000000070e000000, 0x000000070e200000|  0%| F|  |TAMS 0x000000070e000000| PB 0x000000070e000000| Untracked |  0
|  81|0x000000070e200000, 0x000000070e200000, 0x000000070e400000|  0%| F|  |TAMS 0x000000070e200000| PB 0x000000070e200000| Untracked |  0
|  82|0x000000070e400000, 0x000000070e400000, 0x000000070e600000|  0%| F|  |TAMS 0x000000070e400000| PB 0x000000070e400000| Untracked |  0
|  83|0x000000070e600000, 0x000000070e600000, 0x000000070e800000|  0%| F|  |TAMS 0x000000070e600000| PB 0x000000070e600000| Untracked |  0
|  84|0x000000070e800000, 0x000000070e800000, 0x000000070ea00000|  0%| F|  |TAMS 0x000000070e800000| PB 0x000000070e800000| Untracked |  0
|  85|0x000000070ea00000, 0x000000070ea00000, 0x000000070ec00000|  0%| F|  |TAMS 0x000000070ea00000| PB 0x000000070ea00000| Untracked |  0
|  86|0x000000070ec00000, 0x000000070ec00000, 0x000000070ee00000|  0%| F|  |TAMS 0x000000070ec00000| PB 0x000000070ec00000| Untracked |  0
|  87|0x000000070ee00000, 0x000000070ee00000, 0x000000070f000000|  0%| F|  |TAMS 0x000000070ee00000| PB 0x000000070ee00000| Untracked |  0
|  88|0x000000070f000000, 0x000000070f000000, 0x000000070f200000|  0%| F|  |TAMS 0x000000070f000000| PB 0x000000070f000000| Untracked |  0
|  89|0x000000070f200000, 0x000000070f200000, 0x000000070f400000|  0%| F|  |TAMS 0x000000070f200000| PB 0x000000070f200000| Untracked |  0
|  90|0x000000070f400000, 0x000000070f400000, 0x000000070f600000|  0%| F|  |TAMS 0x000000070f400000| PB 0x000000070f400000| Untracked |  0
|  91|0x000000070f600000, 0x000000070f600000, 0x000000070f800000|  0%| F|  |TAMS 0x000000070f600000| PB 0x000000070f600000| Untracked |  0
|  92|0x000000070f800000, 0x000000070f800000, 0x000000070fa00000|  0%| F|  |TAMS 0x000000070f800000| PB 0x000000070f800000| Untracked |  0
|  93|0x000000070fa00000, 0x000000070fa00000, 0x000000070fc00000|  0%| F|  |TAMS 0x000000070fa00000| PB 0x000000070fa00000| Untracked |  0
|  94|0x000000070fc00000, 0x000000070fc00000, 0x000000070fe00000|  0%| F|  |TAMS 0x000000070fc00000| PB 0x000000070fc00000| Untracked |  0
|  95|0x000000070fe00000, 0x000000070fe00000, 0x0000000710000000|  0%| F|  |TAMS 0x000000070fe00000| PB 0x000000070fe00000| Untracked |  0
|  96|0x0000000710000000, 0x0000000710000000, 0x0000000710200000|  0%| F|  |TAMS 0x0000000710000000| PB 0x0000000710000000| Untracked |  0
|  97|0x0000000710200000, 0x0000000710200000, 0x0000000710400000|  0%| F|  |TAMS 0x0000000710200000| PB 0x0000000710200000| Untracked |  0
|  98|0x0000000710400000, 0x0000000710400000, 0x0000000710600000|  0%| F|  |TAMS 0x0000000710400000| PB 0x0000000710400000| Untracked |  0
|  99|0x0000000710600000, 0x0000000710600000, 0x0000000710800000|  0%| F|  |TAMS 0x0000000710600000| PB 0x0000000710600000| Untracked |  0
| 100|0x0000000710800000, 0x0000000710800000, 0x0000000710a00000|  0%| F|  |TAMS 0x0000000710800000| PB 0x0000000710800000| Untracked |  0
| 101|0x0000000710a00000, 0x0000000710a00000, 0x0000000710c00000|  0%| F|  |TAMS 0x0000000710a00000| PB 0x0000000710a00000| Untracked |  0
| 102|0x0000000710c00000, 0x0000000710c00000, 0x0000000710e00000|  0%| F|  |TAMS 0x0000000710c00000| PB 0x0000000710c00000| Untracked |  0
| 103|0x0000000710e00000, 0x0000000710e00000, 0x0000000711000000|  0%| F|  |TAMS 0x0000000710e00000| PB 0x0000000710e00000| Untracked |  0
| 104|0x0000000711000000, 0x0000000711000000, 0x0000000711200000|  0%| F|  |TAMS 0x0000000711000000| PB 0x0000000711000000| Untracked |  0
| 105|0x0000000711200000, 0x0000000711200000, 0x0000000711400000|  0%| F|  |TAMS 0x0000000711200000| PB 0x0000000711200000| Untracked |  0
| 106|0x0000000711400000, 0x0000000711400000, 0x0000000711600000|  0%| F|  |TAMS 0x0000000711400000| PB 0x0000000711400000| Untracked |  0
| 107|0x0000000711600000, 0x0000000711600000, 0x0000000711800000|  0%| F|  |TAMS 0x0000000711600000| PB 0x0000000711600000| Untracked |  0
| 108|0x0000000711800000, 0x0000000711800000, 0x0000000711a00000|  0%| F|  |TAMS 0x0000000711800000| PB 0x0000000711800000| Untracked |  0
| 109|0x0000000711a00000, 0x0000000711a00000, 0x0000000711c00000|  0%| F|  |TAMS 0x0000000711a00000| PB 0x0000000711a00000| Untracked |  0
| 110|0x0000000711c00000, 0x0000000711c00000, 0x0000000711e00000|  0%| F|  |TAMS 0x0000000711c00000| PB 0x0000000711c00000| Untracked |  0
| 111|0x0000000711e00000, 0x0000000711e00000, 0x0000000712000000|  0%| F|  |TAMS 0x0000000711e00000| PB 0x0000000711e00000| Untracked |  0
| 112|0x0000000712000000, 0x0000000712000000, 0x0000000712200000|  0%| F|  |TAMS 0x0000000712000000| PB 0x0000000712000000| Untracked |  0
| 113|0x0000000712200000, 0x0000000712200000, 0x0000000712400000|  0%| F|  |TAMS 0x0000000712200000| PB 0x0000000712200000| Untracked |  0
| 114|0x0000000712400000, 0x0000000712400000, 0x0000000712600000|  0%| F|  |TAMS 0x0000000712400000| PB 0x0000000712400000| Untracked |  0
| 115|0x0000000712600000, 0x0000000712600000, 0x0000000712800000|  0%| F|  |TAMS 0x0000000712600000| PB 0x0000000712600000| Untracked |  0
| 116|0x0000000712800000, 0x0000000712800000, 0x0000000712a00000|  0%| F|  |TAMS 0x0000000712800000| PB 0x0000000712800000| Untracked |  0
| 117|0x0000000712a00000, 0x0000000712a00000, 0x0000000712c00000|  0%| F|  |TAMS 0x0000000712a00000| PB 0x0000000712a00000| Untracked |  0
| 118|0x0000000712c00000, 0x0000000712c00000, 0x0000000712e00000|  0%| F|  |TAMS 0x0000000712c00000| PB 0x0000000712c00000| Untracked |  0
| 119|0x0000000712e00000, 0x0000000713000000, 0x0000000713000000|100%| E|  |TAMS 0x0000000712e00000| PB 0x0000000712e00000| Complete |  0
| 120|0x0000000713000000, 0x0000000713200000, 0x0000000713200000|100%| E|CS|TAMS 0x0000000713000000| PB 0x0000000713000000| Complete |  0
| 121|0x0000000713200000, 0x0000000713400000, 0x0000000713400000|100%| E|CS|TAMS 0x0000000713200000| PB 0x0000000713200000| Complete |  0
| 122|0x0000000713400000, 0x0000000713600000, 0x0000000713600000|100%| E|CS|TAMS 0x0000000713400000| PB 0x0000000713400000| Complete |  0
| 123|0x0000000713600000, 0x0000000713800000, 0x0000000713800000|100%| E|CS|TAMS 0x0000000713600000| PB 0x0000000713600000| Complete |  0
| 124|0x0000000713800000, 0x0000000713a00000, 0x0000000713a00000|100%| E|CS|TAMS 0x0000000713800000| PB 0x0000000713800000| Complete |  0
| 125|0x0000000713a00000, 0x0000000713c00000, 0x0000000713c00000|100%| E|CS|TAMS 0x0000000713a00000| PB 0x0000000713a00000| Complete |  0
|2015|0x00000007ffe00000, 0x00000007fff1c348, 0x0000000800000000| 55%| O|  |TAMS 0x00000007ffe00000| PB 0x00000007ffe00000| Untracked |  0

Card table byte_map: [0x000001bb6e750000,0x000001bb6ef30000] _byte_map_base: 0x000001bb6af30000

Marking Bits: (CMBitMap*) 0x000001bb5593fec0
 Bits: [0x000001bb6ef30000, 0x000001bb72e30000)

Polling page: 0x000001bb540a0000

Metaspace:

Usage:
  Non-class:      5.75 MB used.
      Class:    540.63 KB used.
       Both:      6.27 MB used.

Virtual space:
  Non-class space:       64.00 MB reserved,       5.81 MB (  9%) committed,  1 nodes.
      Class space:        1.00 GB reserved,     640.00 KB ( <1%) committed,  1 nodes.
             Both:        1.06 GB reserved,       6.44 MB ( <1%) committed. 

Chunk freelists:
   Non-Class:  10.02 MB
       Class:  15.25 MB
        Both:  25.27 MB

MaxMetaspaceSize: unlimited
CompressedClassSpaceSize: 1.00 GB
Initial GC threshold: 21.00 MB
Current GC threshold: 21.00 MB
CDS: on
 - commit_granule_bytes: 65536.
 - commit_granule_words: 8192.
 - virtual_space_node_default_size: 8388608.
 - enlarge_chunks_in_place: 1.
UseCompressedClassPointers 1, UseCompactObjectHeaders 0
Narrow klass pointer bits 32, Max shift 3
Narrow klass base: 0x000001bb00000000, Narrow klass shift: 0
Encoding Range: [0x000001bb00000000 - 0x000001bc00000000), (4294967296 bytes)
Klass Range:    [0x000001bb00000000 - 0x000001bb41000000), (1090519040 bytes)
Klass ID Range:  [8 - 1090519033) (1090519025)


Internal statistics:

num_allocs_failed_limit: 0.
num_arena_births: 52.
num_arena_deaths: 0.
num_vsnodes_births: 2.
num_vsnodes_deaths: 0.
num_space_committed: 103.
num_space_uncommitted: 0.
num_chunks_returned_to_freelist: 0.
num_chunks_taken_from_freelist: 90.
num_chunk_merges: 0.
num_chunk_splits: 57.
num_chunks_enlarged: 34.
num_inconsistent_stats: 0.

CodeHeap 'non-profiled nmethods': size=120064Kb used=262Kb max_used=262Kb free=119801Kb
 bounds [0x000001bb65db0000, 0x000001bb66020000, 0x000001bb6d2f0000]
CodeHeap 'profiled nmethods': size=120000Kb used=1095Kb max_used=1095Kb free=118904Kb
 bounds [0x000001bb5e2f0000, 0x000001bb5e560000, 0x000001bb65820000]
CodeHeap 'non-nmethods': size=5696Kb used=1331Kb max_used=1344Kb free=4364Kb
 bounds [0x000001bb65820000, 0x000001bb65a90000, 0x000001bb65db0000]
CodeCache: size=245760Kb, used=2688Kb, max_used=2701Kb, free=243069Kb
 total_blobs=1391, nmethods=896, adapters=400, full_count=0
Compilation: enabled, stopped_count=0, restarted_count=0

Compilation events (20 events):
Event: 1.265 Thread 0x000001bb75b3a0e0  798       3       java.lang.Character::isHighSurrogate (18 bytes)
Event: 1.265 Thread 0x000001bb75b3a0e0 nmethod 798 0x000001bb5e3df088 code [0x000001bb5e3df1a0, 0x000001bb5e3df308]
Event: 1.265 Thread 0x000001bb75b3a0e0  802   !   3       java.util.regex.Pattern::matcher (44 bytes)
Event: 1.265 Thread 0x000001bb75b3a0e0 nmethod 802 0x000001bb5e3df388 code [0x000001bb5e3df4c0, 0x000001bb5e3df8a8]
Event: 1.265 Thread 0x000001bb75b3a0e0  801       3       java.util.ImmutableCollections$ListN::get (7 bytes)
Event: 2.265 Thread 0x000001bb75b38f30 nmethod 796 0x000001bb65dea508 code [0x000001bb65dea600, 0x000001bb65dea6a8]
Event: 2.265 Thread 0x000001bb75b38f30  800       4       java.util.HashMap$HashIterator::hasNext (13 bytes)
Event: 2.265 Thread 0x000001bb75b3a0e0 nmethod 801 0x000001bb5e3df908 code [0x000001bb5e3dfa20, 0x000001bb5e3dfb58]
Event: 2.265 Thread 0x000001bb75b3a0e0  803       1       sun.security.ssl.SSLCipher::isAvailable (5 bytes)
Event: 2.265 Thread 0x000001bb75b3a0e0 nmethod 803 0x000001bb65dea808 code [0x000001bb65dea900, 0x000001bb65dea9c8]
Event: 2.265 Thread 0x000001bb75b3a0e0  805   !   3       java.util.ImmutableCollections$ListItr::next (34 bytes)
Event: 2.266 Thread 0x000001bb75b38f30 nmethod 800 0x000001bb65deab08 code [0x000001bb65deac00, 0x000001bb65deac80]
Event: 2.266 Thread 0x000001bb75b3a0e0 nmethod 805 0x000001bb5e3dfc08 code [0x000001bb5e3dfd40, 0x000001bb5e3dffd0]
Event: 2.266 Thread 0x000001bb75b3a0e0  808       3       jdk.internal.access.SharedSecrets::getJavaLangAccess (4 bytes)
Event: 2.266 Thread 0x000001bb75b3a0e0 nmethod 808 0x000001bb5e3e0008 code [0x000001bb5e3e0120, 0x000001bb5e3e0218]
Event: 2.266 Thread 0x000001bb75b3a0e0  806       3       java.util.Arrays$ArrayList::contains (14 bytes)
Event: 2.266 Thread 0x000001bb75b3a0e0 nmethod 806 0x000001bb5e3e0308 code [0x000001bb5e3e0420, 0x000001bb5e3e05c0]
Event: 2.266 Thread 0x000001bb75b3a0e0  807       3       sun.security.ssl.CipherSuite::supports (11 bytes)
Event: 2.266 Thread 0x000001bb75b3a0e0 nmethod 807 0x000001bb5e3e0608 code [0x000001bb5e3e0720, 0x000001bb5e3e0900]
Event: 2.266 Thread 0x000001bb75b3a0e0  809       3       java.util.Properties$LineReader::readLine (584 bytes)

GC Heap History (0 events):
No events

Dll operation events (11 events):
Event: 0.010 Loaded shared library C:\Users\user\.jdks\openjdk-24\bin\java.dll
Event: 0.031 Loaded shared library C:\Users\user\.jdks\openjdk-24\bin\jsvml.dll
Event: 0.064 Loaded shared library C:\Users\user\.jdks\openjdk-24\bin\zip.dll
Event: 0.069 Loaded shared library C:\Users\user\.jdks\openjdk-24\bin\instrument.dll
Event: 0.074 Loaded shared library C:\Users\user\.jdks\openjdk-24\bin\net.dll
Event: 0.076 Loaded shared library C:\Users\user\.jdks\openjdk-24\bin\nio.dll
Event: 0.082 Loaded shared library C:\Users\user\.jdks\openjdk-24\bin\zip.dll
Event: 0.107 Loaded shared library C:\Users\user\.jdks\openjdk-24\bin\extnet.dll
Event: 0.107 Loaded shared library C:\Users\user\.jdks\openjdk-24\bin\jimage.dll
Event: 1.193 Loaded shared library C:\Users\user\.jdks\openjdk-24\bin\management.dll
Event: 1.206 Loaded shared library C:\Users\user\.jdks\openjdk-24\bin\management_ext.dll

Deoptimization events (8 events):
Event: 0.167 Thread 0x000001bb75b327d0 Uncommon trap: trap_request=0xffffff4d fr.pc=0x000001bb65dbf650 relative=0x0000000000000690
Event: 0.167 Thread 0x000001bb75b327d0 Uncommon trap: reason=unstable_if action=reinterpret pc=0x000001bb65dbf650 method=java.util.HashMap.putVal(ILjava/lang/Object;Ljava/lang/Object;ZZ)Ljava/lang/Object; @ 69 c2
Event: 0.167 Thread 0x000001bb75b327d0 DEOPT PACKING pc=0x000001bb65dbf650 sp=0x000000a2a90fea70
Event: 0.167 Thread 0x000001bb75b327d0 DEOPT UNPACKING pc=0x000001bb65935b82 sp=0x000000a2a90fe9f0 mode 2
Event: 1.214 Thread 0x000001bb558d6ca0 Uncommon trap: trap_request=0xffffff76 fr.pc=0x000001bb65dd35d0 relative=0x0000000000000190
Event: 1.214 Thread 0x000001bb558d6ca0 Uncommon trap: reason=predicate action=maybe_recompile pc=0x000001bb65dd35d0 method=java.util.regex.Pattern$BmpCharPropertyGreedy.match(Ljava/util/regex/Matcher;ILjava/lang/CharSequence;)Z @ 12 c2
Event: 1.214 Thread 0x000001bb558d6ca0 DEOPT PACKING pc=0x000001bb65dd35d0 sp=0x000000a2a85fc240
Event: 1.214 Thread 0x000001bb558d6ca0 DEOPT UNPACKING pc=0x000001bb65935b82 sp=0x000000a2a85fc1f8 mode 2

Classes loaded (20 events):
Event: 1.262 Loading class java/security/spec/ECGenParameterSpec
Event: 1.262 Loading class java/security/spec/NamedParameterSpec
Event: 1.262 Loading class java/security/spec/NamedParameterSpec done
Event: 1.262 Loading class java/security/spec/ECGenParameterSpec done
Event: 1.262 Loading class java/security/KeyPairGenerator$Delegate
Event: 1.262 Loading class java/security/KeyPairGenerator$Delegate done
Event: 1.262 Loading class sun/management/CompilationImpl
Event: 1.262 Loading class java/lang/management/CompilationMXBean
Event: 1.262 Loading class java/lang/management/CompilationMXBean done
Event: 1.262 Loading class sun/management/CompilationImpl done
Event: 1.264 Loading class sun/management/ManagementFactoryHelper$PlatformLoggingImpl
Event: 1.264 Loading class java/lang/management/PlatformLoggingMXBean
Event: 1.264 Loading class java/lang/management/PlatformLoggingMXBean done
Event: 1.264 Loading class sun/management/ManagementFactoryHelper$PlatformLoggingImpl done
Event: 1.264 Loading class java/util/logging/LoggingMXBean
Event: 1.264 Loading class java/util/logging/LoggingMXBean done
Event: 1.265 Loading class java/util/logging/Logging
Event: 1.265 Loading class java/util/logging/Logging done
Event: 2.266 Loading class sun/security/ssl/SSLContextImpl$CustomizedSSLProtocols
Event: 2.266 Loading class sun/security/ssl/SSLContextImpl$CustomizedSSLProtocols done

Classes unloaded (0 events):
No events

Classes redefined (0 events):
No events

Internal exceptions (9 events):
Event: 0.086 Thread 0x000001bb558d6ca0 Exception <a 'java/lang/NoSuchMethodError'{0x0000000713896d38}: 'void java.lang.invoke.DirectMethodHandle$Holder.invokeStatic(java.lang.Object, java.lang.Object, java.lang.Object)'> (0x0000000713896d38) 
thrown [s\open\src\hotspot\share\interpreter\linkResolver.cpp, line 805]
Event: 0.093 Thread 0x000001bb558d6ca0 Exception <a 'java/lang/NoSuchMethodError'{0x00000007138cb8f8}: 'java.lang.Object java.lang.invoke.Invokers$Holder.invokeExact_MT(java.lang.Object, java.lang.Object, java.lang.Object, java.lang.Object, java.lang.Object)'> (0x00000007138cb8f8) 
thrown [s\open\src\hotspot\share\interpreter\linkResolver.cpp, line 805]
Event: 0.105 Thread 0x000001bb4521e710 Exception <a 'java/lang/NoSuchMethodError'{0x00000007139f0ff8}: 'java.lang.Object java.lang.invoke.DirectMethodHandle$Holder.invokeStaticInit(java.lang.Object)'> (0x00000007139f0ff8) 
thrown [s\open\src\hotspot\share\interpreter\linkResolver.cpp, line 805]
Event: 0.108 Thread 0x000001bb4521e710 Exception <a 'java/lang/NoSuchMethodError'{0x00000007139fbf48}: 'void java.lang.invoke.DirectMethodHandle$Holder.invokeStatic(java.lang.Object, java.lang.Object)'> (0x00000007139fbf48) 
thrown [s\open\src\hotspot\share\interpreter\linkResolver.cpp, line 805]
Event: 1.211 Thread 0x000001bb75b327d0 Exception <a 'java/lang/NoSuchMethodError'{0x000000071359f550}: 'int java.lang.invoke.DirectMethodHandle$Holder.invokeInterface(java.lang.Object, java.lang.Object)'> (0x000000071359f550) 
thrown [s\open\src\hotspot\share\interpreter\linkResolver.cpp, line 805]
Event: 1.212 Thread 0x000001bb75b327d0 Exception <a 'java/lang/IncompatibleClassChangeError'{0x00000007135a71d0}: Found class java.lang.Object, but interface was expected> (0x00000007135a71d0) 
thrown [s\open\src\hotspot\share\interpreter\linkResolver.cpp, line 872]
Event: 1.227 Thread 0x000001bb558d6ca0 Exception <a 'sun/nio/fs/WindowsException'{0x00000007132ca568}> (0x00000007132ca568) 
thrown [s\open\src\hotspot\share\prims\jni.cpp, line 518]
Event: 1.246 Thread 0x000001bb75b327d0 Exception <a 'java/lang/NoSuchMethodError'{0x00000007133505a8}: 'void java.lang.invoke.DirectMethodHandle$Holder.invokeSpecial(java.lang.Object, java.lang.Object, java.lang.Object)'> (0x00000007133505a8) 
thrown [s\open\src\hotspot\share\interpreter\linkResolver.cpp, line 805]
Event: 1.254 Thread 0x000001bb75b327d0 Exception <a 'java/lang/NoSuchMethodError'{0x00000007133b5a78}: 'int java.lang.invoke.DirectMethodHandle$Holder.invokeSpecial(java.lang.Object, java.lang.Object, java.lang.Object)'> (0x00000007133b5a78) 
thrown [s\open\src\hotspot\share\interpreter\linkResolver.cpp, line 805]

VM Operations (2 events):
Event: 0.170 Executing VM operation: HandshakeAllThreads (Deoptimize)
Event: 1.169 Executing VM operation: HandshakeAllThreads (Deoptimize) done

Memory protections (0 events):
No events

Nmethod flushes (0 events):
No events

Events (15 events):
Event: 0.020 Thread 0x000001bb558d6ca0 Thread added: 0x000001bb558d6ca0
Event: 0.029 Thread 0x000001bb558d6ca0 Thread added: 0x000001bb75b2df90
Event: 0.029 Thread 0x000001bb558d6ca0 Thread added: 0x000001bb75b2e8d0
Event: 0.029 Thread 0x000001bb558d6ca0 Thread added: 0x000001bb75b317c0
Event: 0.029 Thread 0x000001bb558d6ca0 Thread added: 0x000001bb75b327d0
Event: 0.030 Thread 0x000001bb558d6ca0 Thread added: 0x000001bb75b37050
Event: 0.030 Thread 0x000001bb558d6ca0 Thread added: 0x000001bb75b38190
Event: 0.030 Thread 0x000001bb558d6ca0 Thread added: 0x000001bb75b38f30
Event: 0.030 Thread 0x000001bb558d6ca0 Thread added: 0x000001bb75b3a0e0
Event: 0.050 Thread 0x000001bb558d6ca0 Thread added: 0x000001bb75b09af0
Event: 0.062 Thread 0x000001bb75b3a0e0 Thread added: 0x000001bb451e2370
Event: 0.096 Thread 0x000001bb558d6ca0 Thread added: 0x000001bb4521e710
Event: 0.096 Thread 0x000001bb558d6ca0 Thread added: 0x000001bb4521ee50
Event: 1.171 Thread 0x000001bb451e2370 Thread exited: 0x000001bb451e2370
Event: 1.205 Thread 0x000001bb75b3a0e0 Thread added: 0x000001bb453b1b90


Dynamic libraries:
0x00007ff76f7e0000 - 0x00007ff76f7ee000 	C:\Users\user\.jdks\openjdk-24\bin\java.exe
0x00007ff8ec800000 - 0x00007ff8eca66000 	C:\WINDOWS\SYSTEM32\ntdll.dll
0x00007ff8ebef0000 - 0x00007ff8ebfb9000 	C:\WINDOWS\System32\KERNEL32.DLL
0x00007ff8e9ef0000 - 0x00007ff8ea2bc000 	C:\WINDOWS\System32\KERNELBASE.dll
0x00007ff8ea470000 - 0x00007ff8ea5bb000 	C:\WINDOWS\System32\ucrtbase.dll
0x00007ff8916c0000 - 0x00007ff8916db000 	C:\Users\user\.jdks\openjdk-24\bin\VCRUNTIME140.dll
0x00007ff892640000 - 0x00007ff892656000 	C:\Users\user\.jdks\openjdk-24\bin\jli.dll
0x00007ff8ec1b0000 - 0x00007ff8ec37a000 	C:\WINDOWS\System32\USER32.dll
0x00007ff8ea440000 - 0x00007ff8ea467000 	C:\WINDOWS\System32\win32u.dll
0x00007ff8eb3c0000 - 0x00007ff8eb3eb000 	C:\WINDOWS\System32\GDI32.dll
0x00007ff8d4e60000 - 0x00007ff8d50fa000 	C:\WINDOWS\WinSxS\amd64_microsoft.windows.common-controls_6595b64144ccf1df_6.0.26100.3912_none_3e07963ce335137e\COMCTL32.dll
0x00007ff8e9990000 - 0x00007ff8e9ac2000 	C:\WINDOWS\System32\gdi32full.dll
0x00007ff8e9ad0000 - 0x00007ff8e9b73000 	C:\WINDOWS\System32\msvcp_win.dll
0x00007ff8ec380000 - 0x00007ff8ec429000 	C:\WINDOWS\System32\msvcrt.dll
0x00007ff8ebfc0000 - 0x00007ff8ebff0000 	C:\WINDOWS\System32\IMM32.DLL
0x00007ff8e42d0000 - 0x00007ff8e42dc000 	C:\Users\user\.jdks\openjdk-24\bin\vcruntime140_1.dll
0x00007ff876f60000 - 0x00007ff876fee000 	C:\Users\user\.jdks\openjdk-24\bin\msvcp140.dll
0x00007ff84ec70000 - 0x00007ff84fa12000 	C:\Users\user\.jdks\openjdk-24\bin\server\jvm.dll
0x00007ff8ec550000 - 0x00007ff8ec602000 	C:\WINDOWS\System32\ADVAPI32.dll
0x00007ff8ec100000 - 0x00007ff8ec1a6000 	C:\WINDOWS\System32\sechost.dll
0x00007ff8ec430000 - 0x00007ff8ec546000 	C:\WINDOWS\System32\RPCRT4.dll
0x00007ff8ea820000 - 0x00007ff8ea894000 	C:\WINDOWS\System32\WS2_32.dll
0x00007ff8e0340000 - 0x00007ff8e0376000 	C:\WINDOWS\SYSTEM32\WINMM.dll
0x00007ff8e97e0000 - 0x00007ff8e983e000 	C:\WINDOWS\SYSTEM32\POWRPROF.dll
0x00007ff8d8500000 - 0x00007ff8d850b000 	C:\WINDOWS\SYSTEM32\VERSION.dll
0x00007ff8e97c0000 - 0x00007ff8e97d4000 	C:\WINDOWS\SYSTEM32\UMPDC.dll
0x00007ff8e8750000 - 0x00007ff8e876a000 	C:\WINDOWS\SYSTEM32\kernel.appcore.dll
0x00007ff8bf340000 - 0x00007ff8bf34a000 	C:\Users\user\.jdks\openjdk-24\bin\jimage.dll
0x00007ff8e6ae0000 - 0x00007ff8e6d21000 	C:\WINDOWS\SYSTEM32\DBGHELP.DLL
0x00007ff8eafd0000 - 0x00007ff8eb354000 	C:\WINDOWS\System32\combase.dll
0x00007ff8ebe00000 - 0x00007ff8ebee0000 	C:\WINDOWS\System32\OLEAUT32.dll
0x00007ff8cc370000 - 0x00007ff8cc3a9000 	C:\WINDOWS\SYSTEM32\dbgcore.DLL
0x00007ff8e9c40000 - 0x00007ff8e9cd9000 	C:\WINDOWS\System32\bcryptPrimitives.dll
0x00007ff8bcab0000 - 0x00007ff8bcabf000 	C:\Users\user\.jdks\openjdk-24\bin\instrument.dll
0x00007ff88f740000 - 0x00007ff88f75e000 	C:\Users\user\.jdks\openjdk-24\bin\java.dll
0x00007ff8eb470000 - 0x00007ff8eb60f000 	C:\WINDOWS\System32\ole32.dll
0x00007ff8eb650000 - 0x00007ff8ebd7d000 	C:\WINDOWS\System32\SHELL32.dll
0x00007ff8ea2c0000 - 0x00007ff8ea434000 	C:\WINDOWS\System32\wintypes.dll
0x00007ff8e7620000 - 0x00007ff8e7e76000 	C:\WINDOWS\SYSTEM32\windows.storage.dll
0x00007ff8ea8a0000 - 0x00007ff8ea98f000 	C:\WINDOWS\System32\SHCORE.dll
0x00007ff8ebd80000 - 0x00007ff8ebde9000 	C:\WINDOWS\System32\shlwapi.dll
0x00007ff8e98a0000 - 0x00007ff8e98cf000 	C:\WINDOWS\SYSTEM32\profapi.dll
0x00007ff876960000 - 0x00007ff876a37000 	C:\Users\user\.jdks\openjdk-24\bin\jsvml.dll
0x00007ff887200000 - 0x00007ff887217000 	C:\Users\user\.jdks\openjdk-24\bin\zip.dll
0x00007ff8bce00000 - 0x00007ff8bce10000 	C:\Users\user\.jdks\openjdk-24\bin\net.dll
0x00007ff8e8cc0000 - 0x00007ff8e8d2a000 	C:\WINDOWS\system32\mswsock.dll
0x00007ff887d00000 - 0x00007ff887d16000 	C:\Users\user\.jdks\openjdk-24\bin\nio.dll
0x00007ff8bc670000 - 0x00007ff8bc679000 	C:\Users\user\.jdks\openjdk-24\bin\extnet.dll
0x00007ff8e8280000 - 0x00007ff8e83a7000 	C:\WINDOWS\SYSTEM32\DNSAPI.dll
0x00007ff8e81e0000 - 0x00007ff8e8213000 	C:\WINDOWS\SYSTEM32\IPHLPAPI.DLL
0x00007ff8ebdf0000 - 0x00007ff8ebdfa000 	C:\WINDOWS\System32\NSI.dll
0x00007ff8e22e0000 - 0x00007ff8e22eb000 	C:\Windows\System32\rasadhlp.dll
0x00007ff8e34c0000 - 0x00007ff8e3546000 	C:\WINDOWS\System32\fwpuclnt.dll
0x00007ff8bbce0000 - 0x00007ff8bbcea000 	C:\Users\user\.jdks\openjdk-24\bin\management.dll
0x00007ff8ba310000 - 0x00007ff8ba31b000 	C:\Users\user\.jdks\openjdk-24\bin\management_ext.dll
0x00007ff8ec630000 - 0x00007ff8ec638000 	C:\WINDOWS\System32\PSAPI.DLL

dbghelp: loaded successfully - version: 4.0.5 - missing functions: none
symbol engine: initialized successfully - sym options: 0x614 - pdb path: .;C:\Users\user\.jdks\openjdk-24\bin;C:\WINDOWS\SYSTEM32;C:\WINDOWS\WinSxS\amd64_microsoft.windows.common-controls_6595b64144ccf1df_6.0.26100.3912_none_3e07963ce335137e;C:\Users\user\.jdks\openjdk-24\bin\server

VM Arguments:
jvm_args: -javaagent:C:\Program Files\JetBrains\IntelliJ IDEA 2025.1.1.1\lib\idea_rt.jar=55316 -Dfile.encoding=UTF-8 -Dsun.stdout.encoding=UTF-8 -Dsun.stderr.encoding=UTF-8 
java_command: Monitor
java_class_path (initial): C:\Users\user\IdeaProjects\Monitoring\out\production\Monitoring;C:\Users\user\IdeaProjects\Monitoring\jsoup-1.20.1.jar
Launcher Type: SUN_STANDARD

[Global flags]
     intx CICompilerCount                          = 4                                         {product} {ergonomic}
     uint ConcGCThreads                            = 3                                         {product} {ergonomic}
     uint G1ConcRefinementThreads                  = 10                                        {product} {ergonomic}
   size_t G1HeapRegionSize                         = 2097152                                   {product} {ergonomic}
   size_t InitialHeapSize                          = 264241152                                 {product} {ergonomic}
   size_t MarkStackSize                            = 4194304                                   {product} {ergonomic}
   size_t MarkStackSizeMax                         = 536870912                                 {product} {ergonomic}
   size_t MaxHeapSize                              = 4227858432                                {product} {ergonomic}
   size_t MaxNewSize                               = 2535456768                                {product} {ergonomic}
   size_t MinHeapDeltaBytes                        = 2097152                                   {product} {ergonomic}
   size_t MinHeapSize                              = 8388608                                   {product} {ergonomic}
    uintx NonNMethodCodeHeapSize                   = 5832704                                {pd product} {ergonomic}
    uintx NonProfiledCodeHeapSize                  = 122945536                              {pd product} {ergonomic}
    uintx ProfiledCodeHeapSize                     = 122880000                              {pd product} {ergonomic}
    uintx ReservedCodeCacheSize                    = 251658240                              {pd product} {ergonomic}
     bool SegmentedCodeCache                       = true                                      {product} {ergonomic}
   size_t SoftMaxHeapSize                          = 4227858432                             {manageable} {ergonomic}
     bool UseCompressedOops                        = true                           {product lp64_product} {ergonomic}
     bool UseG1GC                                  = true                                      {product} {ergonomic}
     bool UseLargePagesIndividualAllocation        = false                                  {pd product} {ergonomic}

Logging:
Log output configuration:
 #0: stdout all=warning uptime,level,tags foldmultilines=false
 #1: stderr all=off uptime,level,tags foldmultilines=false

Environment Variables:
JAVA_HOME=C:\Users\user\.jdks\OpenJDK11U-jdk_x64_windows_hotspot_11.0.26_4\jdk-11.0.26+4
PATH=C:\app\user\product\21c\dbhomeXE\bin;C:\WINDOWS\system32;C:\WINDOWS;C:\WINDOWS\System32\Wbem;C:\WINDOWS\System32\WindowsPowerShell\v1.0\;C:\WINDOWS\System32\OpenSSH\;C:\Program Files\Git\cmd;C:\Users\user\maven-mvnd-1.0.2-windows-amd64\maven-mvnd-1.0.2-windows-amd64\mvn\bin;C:\Users\user\.jdks\OpenJDK11U-jdk_x64_windows_hotspot_11.0.26_4\jdk-11.0.26+4\bin;C:\Users\user\AppData\Local\Programs\Python\Python313\Scripts\;C:\Users\user\AppData\Local\Programs\Python\Python313\;C:\Users\user\AppData\Local\Programs\Python\Launcher\;C:\Users\user\AppData\Local\Microsoft\WindowsApps;C:\Users\user\AppData\Local\Programs\Microsoft VS Code\bin
USERNAME=user
OS=Windows_NT
PROCESSOR_IDENTIFIER=Intel64 Family 6 Model 186 Stepping 3, GenuineIntel
TMP=C:\Users\user\AppData\Local\Temp
TEMP=C:\Users\user\AppData\Local\Temp




Periodic native trim disabled

---------------  S Y S T E M  ---------------

OS:
 Windows 11 , 64 bit Build 26100 (10.0.26100.3912)
OS uptime: 2 days 18:41 hours

CPU: total 12 (initial active 12) (6 cores per cpu, 2 threads per core) family 6 model 186 stepping 3 microcode 0x410e, cx8, cmov, fxsr, ht, mmx, 3dnowpref, sse, sse2, sse3, ssse3, sse4.1, sse4.2, popcnt, lzcnt, tsc, tscinvbit, avx, avx2, aes, erms, clmul, bmi1, bmi2, adx, sha, fma, vzeroupper, clflush, clflushopt, clwb, serialize, rdtscp, rdpid, fsrm, gfni, f16c, pku, cet_ibt, cet_ss
Processor Information for the first 12 processors :
  Max Mhz: 1300, Current Mhz: 1300, Mhz Limit: 1300

Memory: 4k page, system-wide physical 16122M (3160M free)
TotalPageFile size 19122M (AvailPageFile size 359M)
current process WorkingSet (physical memory assigned to process): 72M, peak: 72M
current process commit charge ("private bytes"): 360M, peak: 361M

vm_info: OpenJDK 64-Bit Server VM (24+36-3646) for windows-amd64 JRE (24+36-3646), built on 2025-02-06T00:20:43Z with MS VC++ 17.6 (VS2022)

END.
