#
# There is insufficient memory for the Java Runtime Environment to continue.
# Native memory allocation (malloc) failed to allocate 1727376 bytes for Chunk::new
# Possible reasons:
#   The system is out of physical RAM or swap space
#   The process is running with CompressedOops enabled, and the Java Heap may be blocking the growth of the native heap
# Possible solutions:
#   Reduce memory load on the system
#   Increase physical memory or swap space
#   Check if swap backing store is full
#   Decrease Java heap size (-Xmx/-Xms)
#   Decrease number of Java threads
#   Decrease Java thread stack sizes (-Xss)
#   Set larger code cache with -XX:ReservedCodeCacheSize=
#   JVM is running with Zero Based Compressed Oops mode in which the Java heap is
#     placed in the first 32GB address space. The Java Heap base address is the
#     maximum limit for the native heap growth. Please use -XX:HeapBaseMinAddress
#     to set the Java Heap base and to place the Java Heap above 32GB virtual address.
# This output file may be truncated or incomplete.
#
#  Out of Memory Error (arena.cpp:197), pid=20292, tid=19120
#
# JRE version: OpenJDK Runtime Environment Temurin-11.0.26+4 (11.0.26+4) (build 11.0.26+4)
# Java VM: OpenJDK 64-Bit Server VM Temurin-11.0.26+4 (11.0.26+4, mixed mode, tiered, compressed oops, g1 gc, windows-amd64)
# No core dump will be written. Minidumps are not enabled by default on client versions of Windows
#

---------------  S U M M A R Y ------------

Command Line: Monitor

Host: 13th Gen Intel(R) Core(TM) i5-1335U, 12 cores, 15G,  Windows 11 , 64 bit Build 26100 (10.0.26100.3912)
Time: Fri May 30 14:11:34 2025  Windows 11 , 64 bit Build 26100 (10.0.26100.3912) elapsed time: 11.923243 seconds (0d 0h 0m 11s)

---------------  T H R E A D  ---------------

Current thread (0x000001488569e800):  JavaThread "C2 CompilerThread1" daemon [_thread_in_native, id=19120, stack(0x00000029c7700000,0x00000029c7800000)]


Current CompileTask:
C2:  11923 1835       4       org.jsoup.parser.HtmlTreeBuilderState$7::inBodyStartTag (3224 bytes)

Stack: [0x00000029c7700000,0x00000029c7800000]
Native frames: (J=compiled Java code, j=interpreted, Vv=VM code, C=native code)
V  [jvm.dll+0x64485a]
V  [jvm.dll+0x7d7099]
V  [jvm.dll+0x7d8779]
V  [jvm.dll+0x7d8e73]
V  [jvm.dll+0x269095]
V  [jvm.dll+0xc26fc]
V  [jvm.dll+0xc2d0c]
V  [jvm.dll+0x3785f1]
V  [jvm.dll+0x343115]
V  [jvm.dll+0x3424da]
V  [jvm.dll+0x22123d]
V  [jvm.dll+0x220263]
V  [jvm.dll+0x19dfc1]
V  [jvm.dll+0x230244]
V  [jvm.dll+0x22e63c]
V  [jvm.dll+0x7982f1]
V  [jvm.dll+0x790e54]
V  [jvm.dll+0x643625]
C  [ucrtbase.dll+0x37b0]
C  [KERNEL32.DLL+0x2e8d7]
C  [ntdll.dll+0x9c5dc]


---------------  P R O C E S S  ---------------

Threads class SMR info:
_java_thread_list=0x0000014885a89a10, length=12, elements={
0x00000148e084a000, 0x000001488497b800, 0x000001488497c800, 0x0000014885295000,
0x0000014885298000, 0x0000014885299800, 0x000001488529a800, 0x000001488529b800,
0x00000148852a0800, 0x000001488545a800, 0x000001488569e800, 0x000001488749f800
}

Java Threads: ( => current thread )
  0x00000148e084a000 JavaThread "main" [_thread_blocked, id=13092, stack(0x00000029c6500000,0x00000029c6600000)]
  0x000001488497b800 JavaThread "Reference Handler" daemon [_thread_blocked, id=16292, stack(0x00000029c6c00000,0x00000029c6d00000)]
  0x000001488497c800 JavaThread "Finalizer" daemon [_thread_blocked, id=12424, stack(0x00000029c6d00000,0x00000029c6e00000)]
  0x0000014885295000 JavaThread "Signal Dispatcher" daemon [_thread_blocked, id=21540, stack(0x00000029c6e00000,0x00000029c6f00000)]
  0x0000014885298000 JavaThread "Attach Listener" daemon [_thread_blocked, id=17056, stack(0x00000029c6f00000,0x00000029c7000000)]
  0x0000014885299800 JavaThread "Service Thread" daemon [_thread_blocked, id=19976, stack(0x00000029c7000000,0x00000029c7100000)]
  0x000001488529a800 JavaThread "C2 CompilerThread0" daemon [_thread_in_native, id=9736, stack(0x00000029c7100000,0x00000029c7200000)]
  0x000001488529b800 JavaThread "C1 CompilerThread0" daemon [_thread_blocked, id=14768, stack(0x00000029c7200000,0x00000029c7300000)]
  0x00000148852a0800 JavaThread "Sweeper thread" daemon [_thread_blocked, id=11004, stack(0x00000029c7300000,0x00000029c7400000)]
  0x000001488545a800 JavaThread "Common-Cleaner" daemon [_thread_blocked, id=4116, stack(0x00000029c7500000,0x00000029c7600000)]
=>0x000001488569e800 JavaThread "C2 CompilerThread1" daemon [_thread_in_native, id=19120, stack(0x00000029c7700000,0x00000029c7800000)]
  0x000001488749f800 JavaThread "C2 CompilerThread2" daemon [_thread_blocked, id=22336, stack(0x00000029c7800000,0x00000029c7900000)]

Other Threads:
  0x0000014884979000 VMThread "VM Thread" [stack: 0x00000029c6b00000,0x00000029c6c00000] [id=14204]
  0x000001488541f800 WatcherThread [stack: 0x00000029c7400000,0x00000029c7500000] [id=19040]
  0x00000148e0861800 GCTaskThread "GC Thread#0" [stack: 0x00000029c6600000,0x00000029c6700000] [id=18820]
  0x0000014885c9b800 GCTaskThread "GC Thread#1" [stack: 0x00000029c7900000,0x00000029c7a00000] [id=16212]
  0x0000014885c06000 GCTaskThread "GC Thread#2" [stack: 0x00000029c7a00000,0x00000029c7b00000] [id=16356]
  0x0000014885d2d000 GCTaskThread "GC Thread#3" [stack: 0x00000029c7b00000,0x00000029c7c00000] [id=20656]
  0x0000014885c36800 GCTaskThread "GC Thread#4" [stack: 0x00000029c7c00000,0x00000029c7d00000] [id=9728]
  0x0000014886c2f800 GCTaskThread "GC Thread#5" [stack: 0x00000029c7d00000,0x00000029c7e00000] [id=13660]
  0x00000148e08be000 ConcurrentGCThread "G1 Main Marker" [stack: 0x00000029c6700000,0x00000029c6800000] [id=22024]
  0x00000148e08c3800 ConcurrentGCThread "G1 Conc#0" [stack: 0x00000029c6800000,0x00000029c6900000] [id=8228]
  0x00000148e08d3000 ConcurrentGCThread "G1 Refine#0" [stack: 0x00000029c6900000,0x00000029c6a00000] [id=13812]
  0x0000014886a9e800 ConcurrentGCThread "G1 Refine#1" [stack: 0x00000029c7e00000,0x00000029c7f00000] [id=21876]
  0x0000014886aa1800 ConcurrentGCThread "G1 Refine#2" [stack: 0x00000029c7f00000,0x00000029c8000000] [id=13272]
  0x0000014884864000 ConcurrentGCThread "G1 Young RemSet Sampling" [stack: 0x00000029c6a00000,0x00000029c6b00000] [id=19568]

Threads with active compile tasks:
C2 CompilerThread0    11942 1838       4       org.jsoup.parser.TokeniserState$34::read (260 bytes)
C2 CompilerThread1    11942 1835       4       org.jsoup.parser.HtmlTreeBuilderState$7::inBodyStartTag (3224 bytes)

VM state:not at safepoint (normal execution)

VM Mutex/Monitor currently owned by a thread: None

Heap address: 0x0000000704000000, size: 4032 MB, Compressed Oops mode: Zero based, Oop shift amount: 3
Narrow klass base: 0x0000000800000000, Narrow klass shift: 0
Compressed class space size: 1073741824 Address: 0x0000000800000000

Heap:
 garbage-first heap   total 258048K, used 12288K [0x0000000704000000, 0x0000000800000000)
  region size 1024K, 5 young (5120K), 2 survivors (2048K)
 Metaspace       used 17722K, capacity 18050K, committed 18304K, reserved 1064960K
  class space    used 1757K, capacity 1886K, committed 1920K, reserved 1048576K
Heap Regions: E=young(eden), S=young(survivor), O=old, HS=humongous(starts), HC=humongous(continues), CS=collection set, F=free, A=archive, TAMS=top-at-mark-start (previous, next)
|   0|0x0000000704000000, 0x0000000704100000, 0x0000000704100000|100%| O|  |TAMS 0x0000000704000000, 0x0000000704000000| Untracked 
|   1|0x0000000704100000, 0x0000000704200000, 0x0000000704200000|100%| O|  |TAMS 0x0000000704100000, 0x0000000704100000| Untracked 
|   2|0x0000000704200000, 0x0000000704300000, 0x0000000704300000|100%| O|  |TAMS 0x0000000704200000, 0x0000000704200000| Untracked 
|   3|0x0000000704300000, 0x0000000704400000, 0x0000000704400000|100%| O|  |TAMS 0x0000000704300000, 0x0000000704300000| Untracked 
|   4|0x0000000704400000, 0x0000000704500000, 0x0000000704500000|100%| O|  |TAMS 0x0000000704400000, 0x0000000704400000| Untracked 
|   5|0x0000000704500000, 0x0000000704600000, 0x0000000704600000|100%| O|  |TAMS 0x0000000704500000, 0x0000000704500000| Untracked 
|   6|0x0000000704600000, 0x0000000704700000, 0x0000000704700000|100%| O|  |TAMS 0x0000000704600000, 0x0000000704600000| Untracked 
|   7|0x0000000704700000, 0x0000000704800000, 0x0000000704800000|100%| O|  |TAMS 0x0000000704700000, 0x0000000704700000| Untracked 
|   8|0x0000000704800000, 0x0000000704800000, 0x0000000704900000|  0%| F|  |TAMS 0x0000000704800000, 0x0000000704800000| Untracked 
|   9|0x0000000704900000, 0x0000000704900000, 0x0000000704a00000|  0%| F|  |TAMS 0x0000000704900000, 0x0000000704900000| Untracked 
|  10|0x0000000704a00000, 0x0000000704a00000, 0x0000000704b00000|  0%| F|  |TAMS 0x0000000704a00000, 0x0000000704a00000| Untracked 
|  11|0x0000000704b00000, 0x0000000704b00000, 0x0000000704c00000|  0%| F|  |TAMS 0x0000000704b00000, 0x0000000704b00000| Untracked 
|  12|0x0000000704c00000, 0x0000000704c00000, 0x0000000704d00000|  0%| F|  |TAMS 0x0000000704c00000, 0x0000000704c00000| Untracked 
|  13|0x0000000704d00000, 0x0000000704d00000, 0x0000000704e00000|  0%| F|  |TAMS 0x0000000704d00000, 0x0000000704d00000| Untracked 
|  14|0x0000000704e00000, 0x0000000704e00000, 0x0000000704f00000|  0%| F|  |TAMS 0x0000000704e00000, 0x0000000704e00000| Untracked 
|  15|0x0000000704f00000, 0x0000000704f00000, 0x0000000705000000|  0%| F|  |TAMS 0x0000000704f00000, 0x0000000704f00000| Untracked 
|  16|0x0000000705000000, 0x0000000705000000, 0x0000000705100000|  0%| F|  |TAMS 0x0000000705000000, 0x0000000705000000| Untracked 
|  17|0x0000000705100000, 0x0000000705100000, 0x0000000705200000|  0%| F|  |TAMS 0x0000000705100000, 0x0000000705100000| Untracked 
|  18|0x0000000705200000, 0x0000000705200000, 0x0000000705300000|  0%| F|  |TAMS 0x0000000705200000, 0x0000000705200000| Untracked 
|  19|0x0000000705300000, 0x0000000705300000, 0x0000000705400000|  0%| F|  |TAMS 0x0000000705300000, 0x0000000705300000| Untracked 
|  20|0x0000000705400000, 0x0000000705400000, 0x0000000705500000|  0%| F|  |TAMS 0x0000000705400000, 0x0000000705400000| Untracked 
|  21|0x0000000705500000, 0x0000000705500000, 0x0000000705600000|  0%| F|  |TAMS 0x0000000705500000, 0x0000000705500000| Untracked 
|  22|0x0000000705600000, 0x0000000705600000, 0x0000000705700000|  0%| F|  |TAMS 0x0000000705600000, 0x0000000705600000| Untracked 
|  23|0x0000000705700000, 0x0000000705700000, 0x0000000705800000|  0%| F|  |TAMS 0x0000000705700000, 0x0000000705700000| Untracked 
|  24|0x0000000705800000, 0x0000000705800000, 0x0000000705900000|  0%| F|  |TAMS 0x0000000705800000, 0x0000000705800000| Untracked 
|  25|0x0000000705900000, 0x0000000705900000, 0x0000000705a00000|  0%| F|  |TAMS 0x0000000705900000, 0x0000000705900000| Untracked 
|  26|0x0000000705a00000, 0x0000000705a00000, 0x0000000705b00000|  0%| F|  |TAMS 0x0000000705a00000, 0x0000000705a00000| Untracked 
|  27|0x0000000705b00000, 0x0000000705b00000, 0x0000000705c00000|  0%| F|  |TAMS 0x0000000705b00000, 0x0000000705b00000| Untracked 
|  28|0x0000000705c00000, 0x0000000705c00000, 0x0000000705d00000|  0%| F|  |TAMS 0x0000000705c00000, 0x0000000705c00000| Untracked 
|  29|0x0000000705d00000, 0x0000000705d00000, 0x0000000705e00000|  0%| F|  |TAMS 0x0000000705d00000, 0x0000000705d00000| Untracked 
|  30|0x0000000705e00000, 0x0000000705e00000, 0x0000000705f00000|  0%| F|  |TAMS 0x0000000705e00000, 0x0000000705e00000| Untracked 
|  31|0x0000000705f00000, 0x0000000705f00000, 0x0000000706000000|  0%| F|  |TAMS 0x0000000705f00000, 0x0000000705f00000| Untracked 
|  32|0x0000000706000000, 0x0000000706000000, 0x0000000706100000|  0%| F|  |TAMS 0x0000000706000000, 0x0000000706000000| Untracked 
|  33|0x0000000706100000, 0x0000000706100000, 0x0000000706200000|  0%| F|  |TAMS 0x0000000706100000, 0x0000000706100000| Untracked 
|  34|0x0000000706200000, 0x0000000706200000, 0x0000000706300000|  0%| F|  |TAMS 0x0000000706200000, 0x0000000706200000| Untracked 
|  35|0x0000000706300000, 0x0000000706300000, 0x0000000706400000|  0%| F|  |TAMS 0x0000000706300000, 0x0000000706300000| Untracked 
|  36|0x0000000706400000, 0x0000000706400000, 0x0000000706500000|  0%| F|  |TAMS 0x0000000706400000, 0x0000000706400000| Untracked 
|  37|0x0000000706500000, 0x0000000706500000, 0x0000000706600000|  0%| F|  |TAMS 0x0000000706500000, 0x0000000706500000| Untracked 
|  38|0x0000000706600000, 0x0000000706600000, 0x0000000706700000|  0%| F|  |TAMS 0x0000000706600000, 0x0000000706600000| Untracked 
|  39|0x0000000706700000, 0x0000000706700000, 0x0000000706800000|  0%| F|  |TAMS 0x0000000706700000, 0x0000000706700000| Untracked 
|  40|0x0000000706800000, 0x0000000706800000, 0x0000000706900000|  0%| F|  |TAMS 0x0000000706800000, 0x0000000706800000| Untracked 
|  41|0x0000000706900000, 0x0000000706900000, 0x0000000706a00000|  0%| F|  |TAMS 0x0000000706900000, 0x0000000706900000| Untracked 
|  42|0x0000000706a00000, 0x0000000706a00000, 0x0000000706b00000|  0%| F|  |TAMS 0x0000000706a00000, 0x0000000706a00000| Untracked 
|  43|0x0000000706b00000, 0x0000000706b00000, 0x0000000706c00000|  0%| F|  |TAMS 0x0000000706b00000, 0x0000000706b00000| Untracked 
|  44|0x0000000706c00000, 0x0000000706c00000, 0x0000000706d00000|  0%| F|  |TAMS 0x0000000706c00000, 0x0000000706c00000| Untracked 
|  45|0x0000000706d00000, 0x0000000706d00000, 0x0000000706e00000|  0%| F|  |TAMS 0x0000000706d00000, 0x0000000706d00000| Untracked 
|  46|0x0000000706e00000, 0x0000000706e00000, 0x0000000706f00000|  0%| F|  |TAMS 0x0000000706e00000, 0x0000000706e00000| Untracked 
|  47|0x0000000706f00000, 0x0000000706f00000, 0x0000000707000000|  0%| F|  |TAMS 0x0000000706f00000, 0x0000000706f00000| Untracked 
|  48|0x0000000707000000, 0x0000000707000000, 0x0000000707100000|  0%| F|  |TAMS 0x0000000707000000, 0x0000000707000000| Untracked 
|  49|0x0000000707100000, 0x0000000707100000, 0x0000000707200000|  0%| F|  |TAMS 0x0000000707100000, 0x0000000707100000| Untracked 
|  50|0x0000000707200000, 0x0000000707200000, 0x0000000707300000|  0%| F|  |TAMS 0x0000000707200000, 0x0000000707200000| Untracked 
|  51|0x0000000707300000, 0x0000000707300000, 0x0000000707400000|  0%| F|  |TAMS 0x0000000707300000, 0x0000000707300000| Untracked 
|  52|0x0000000707400000, 0x0000000707400000, 0x0000000707500000|  0%| F|  |TAMS 0x0000000707400000, 0x0000000707400000| Untracked 
|  53|0x0000000707500000, 0x0000000707500000, 0x0000000707600000|  0%| F|  |TAMS 0x0000000707500000, 0x0000000707500000| Untracked 
|  54|0x0000000707600000, 0x0000000707600000, 0x0000000707700000|  0%| F|  |TAMS 0x0000000707600000, 0x0000000707600000| Untracked 
|  55|0x0000000707700000, 0x0000000707700000, 0x0000000707800000|  0%| F|  |TAMS 0x0000000707700000, 0x0000000707700000| Untracked 
|  56|0x0000000707800000, 0x0000000707800000, 0x0000000707900000|  0%| F|  |TAMS 0x0000000707800000, 0x0000000707800000| Untracked 
|  57|0x0000000707900000, 0x0000000707900000, 0x0000000707a00000|  0%| F|  |TAMS 0x0000000707900000, 0x0000000707900000| Untracked 
|  58|0x0000000707a00000, 0x0000000707a00000, 0x0000000707b00000|  0%| F|  |TAMS 0x0000000707a00000, 0x0000000707a00000| Untracked 
|  59|0x0000000707b00000, 0x0000000707b00000, 0x0000000707c00000|  0%| F|  |TAMS 0x0000000707b00000, 0x0000000707b00000| Untracked 
|  60|0x0000000707c00000, 0x0000000707c00000, 0x0000000707d00000|  0%| F|  |TAMS 0x0000000707c00000, 0x0000000707c00000| Untracked 
|  61|0x0000000707d00000, 0x0000000707d00000, 0x0000000707e00000|  0%| F|  |TAMS 0x0000000707d00000, 0x0000000707d00000| Untracked 
|  62|0x0000000707e00000, 0x0000000707e00000, 0x0000000707f00000|  0%| F|  |TAMS 0x0000000707e00000, 0x0000000707e00000| Untracked 
|  63|0x0000000707f00000, 0x0000000707f00000, 0x0000000708000000|  0%| F|  |TAMS 0x0000000707f00000, 0x0000000707f00000| Untracked 
|  64|0x0000000708000000, 0x0000000708000000, 0x0000000708100000|  0%| F|  |TAMS 0x0000000708000000, 0x0000000708000000| Untracked 
|  65|0x0000000708100000, 0x0000000708100000, 0x0000000708200000|  0%| F|  |TAMS 0x0000000708100000, 0x0000000708100000| Untracked 
|  66|0x0000000708200000, 0x0000000708200000, 0x0000000708300000|  0%| F|  |TAMS 0x0000000708200000, 0x0000000708200000| Untracked 
|  67|0x0000000708300000, 0x0000000708300000, 0x0000000708400000|  0%| F|  |TAMS 0x0000000708300000, 0x0000000708300000| Untracked 
|  68|0x0000000708400000, 0x0000000708400000, 0x0000000708500000|  0%| F|  |TAMS 0x0000000708400000, 0x0000000708400000| Untracked 
|  69|0x0000000708500000, 0x0000000708500000, 0x0000000708600000|  0%| F|  |TAMS 0x0000000708500000, 0x0000000708500000| Untracked 
|  70|0x0000000708600000, 0x0000000708600000, 0x0000000708700000|  0%| F|  |TAMS 0x0000000708600000, 0x0000000708600000| Untracked 
|  71|0x0000000708700000, 0x0000000708700000, 0x0000000708800000|  0%| F|  |TAMS 0x0000000708700000, 0x0000000708700000| Untracked 
|  72|0x0000000708800000, 0x0000000708800000, 0x0000000708900000|  0%| F|  |TAMS 0x0000000708800000, 0x0000000708800000| Untracked 
|  73|0x0000000708900000, 0x0000000708900000, 0x0000000708a00000|  0%| F|  |TAMS 0x0000000708900000, 0x0000000708900000| Untracked 
|  74|0x0000000708a00000, 0x0000000708a00000, 0x0000000708b00000|  0%| F|  |TAMS 0x0000000708a00000, 0x0000000708a00000| Untracked 
|  75|0x0000000708b00000, 0x0000000708b00000, 0x0000000708c00000|  0%| F|  |TAMS 0x0000000708b00000, 0x0000000708b00000| Untracked 
|  76|0x0000000708c00000, 0x0000000708c00000, 0x0000000708d00000|  0%| F|  |TAMS 0x0000000708c00000, 0x0000000708c00000| Untracked 
|  77|0x0000000708d00000, 0x0000000708d00000, 0x0000000708e00000|  0%| F|  |TAMS 0x0000000708d00000, 0x0000000708d00000| Untracked 
|  78|0x0000000708e00000, 0x0000000708e00000, 0x0000000708f00000|  0%| F|  |TAMS 0x0000000708e00000, 0x0000000708e00000| Untracked 
|  79|0x0000000708f00000, 0x0000000708f00000, 0x0000000709000000|  0%| F|  |TAMS 0x0000000708f00000, 0x0000000708f00000| Untracked 
|  80|0x0000000709000000, 0x0000000709000000, 0x0000000709100000|  0%| F|  |TAMS 0x0000000709000000, 0x0000000709000000| Untracked 
|  81|0x0000000709100000, 0x0000000709100000, 0x0000000709200000|  0%| F|  |TAMS 0x0000000709100000, 0x0000000709100000| Untracked 
|  82|0x0000000709200000, 0x0000000709200000, 0x0000000709300000|  0%| F|  |TAMS 0x0000000709200000, 0x0000000709200000| Untracked 
|  83|0x0000000709300000, 0x0000000709300000, 0x0000000709400000|  0%| F|  |TAMS 0x0000000709300000, 0x0000000709300000| Untracked 
|  84|0x0000000709400000, 0x0000000709400000, 0x0000000709500000|  0%| F|  |TAMS 0x0000000709400000, 0x0000000709400000| Untracked 
|  85|0x0000000709500000, 0x0000000709500000, 0x0000000709600000|  0%| F|  |TAMS 0x0000000709500000, 0x0000000709500000| Untracked 
|  86|0x0000000709600000, 0x0000000709600000, 0x0000000709700000|  0%| F|  |TAMS 0x0000000709600000, 0x0000000709600000| Untracked 
|  87|0x0000000709700000, 0x0000000709700000, 0x0000000709800000|  0%| F|  |TAMS 0x0000000709700000, 0x0000000709700000| Untracked 
|  88|0x0000000709800000, 0x0000000709800000, 0x0000000709900000|  0%| F|  |TAMS 0x0000000709800000, 0x0000000709800000| Untracked 
|  89|0x0000000709900000, 0x0000000709900000, 0x0000000709a00000|  0%| F|  |TAMS 0x0000000709900000, 0x0000000709900000| Untracked 
|  90|0x0000000709a00000, 0x0000000709a00000, 0x0000000709b00000|  0%| F|  |TAMS 0x0000000709a00000, 0x0000000709a00000| Untracked 
|  91|0x0000000709b00000, 0x0000000709b00000, 0x0000000709c00000|  0%| F|  |TAMS 0x0000000709b00000, 0x0000000709b00000| Untracked 
|  92|0x0000000709c00000, 0x0000000709c00000, 0x0000000709d00000|  0%| F|  |TAMS 0x0000000709c00000, 0x0000000709c00000| Untracked 
|  93|0x0000000709d00000, 0x0000000709d00000, 0x0000000709e00000|  0%| F|  |TAMS 0x0000000709d00000, 0x0000000709d00000| Untracked 
|  94|0x0000000709e00000, 0x0000000709e00000, 0x0000000709f00000|  0%| F|  |TAMS 0x0000000709e00000, 0x0000000709e00000| Untracked 
|  95|0x0000000709f00000, 0x0000000709f00000, 0x000000070a000000|  0%| F|  |TAMS 0x0000000709f00000, 0x0000000709f00000| Untracked 
|  96|0x000000070a000000, 0x000000070a000000, 0x000000070a100000|  0%| F|  |TAMS 0x000000070a000000, 0x000000070a000000| Untracked 
|  97|0x000000070a100000, 0x000000070a100000, 0x000000070a200000|  0%| F|  |TAMS 0x000000070a100000, 0x000000070a100000| Untracked 
|  98|0x000000070a200000, 0x000000070a200000, 0x000000070a300000|  0%| F|  |TAMS 0x000000070a200000, 0x000000070a200000| Untracked 
|  99|0x000000070a300000, 0x000000070a300000, 0x000000070a400000|  0%| F|  |TAMS 0x000000070a300000, 0x000000070a300000| Untracked 
| 100|0x000000070a400000, 0x000000070a400000, 0x000000070a500000|  0%| F|  |TAMS 0x000000070a400000, 0x000000070a400000| Untracked 
| 101|0x000000070a500000, 0x000000070a500000, 0x000000070a600000|  0%| F|  |TAMS 0x000000070a500000, 0x000000070a500000| Untracked 
| 102|0x000000070a600000, 0x000000070a600000, 0x000000070a700000|  0%| F|  |TAMS 0x000000070a600000, 0x000000070a600000| Untracked 
| 103|0x000000070a700000, 0x000000070a700000, 0x000000070a800000|  0%| F|  |TAMS 0x000000070a700000, 0x000000070a700000| Untracked 
| 104|0x000000070a800000, 0x000000070a800000, 0x000000070a900000|  0%| F|  |TAMS 0x000000070a800000, 0x000000070a800000| Untracked 
| 105|0x000000070a900000, 0x000000070a900000, 0x000000070aa00000|  0%| F|  |TAMS 0x000000070a900000, 0x000000070a900000| Untracked 
| 106|0x000000070aa00000, 0x000000070aa00000, 0x000000070ab00000|  0%| F|  |TAMS 0x000000070aa00000, 0x000000070aa00000| Untracked 
| 107|0x000000070ab00000, 0x000000070ab00000, 0x000000070ac00000|  0%| F|  |TAMS 0x000000070ab00000, 0x000000070ab00000| Untracked 
| 108|0x000000070ac00000, 0x000000070ac00000, 0x000000070ad00000|  0%| F|  |TAMS 0x000000070ac00000, 0x000000070ac00000| Untracked 
| 109|0x000000070ad00000, 0x000000070ad00000, 0x000000070ae00000|  0%| F|  |TAMS 0x000000070ad00000, 0x000000070ad00000| Untracked 
| 110|0x000000070ae00000, 0x000000070ae00000, 0x000000070af00000|  0%| F|  |TAMS 0x000000070ae00000, 0x000000070ae00000| Untracked 
| 111|0x000000070af00000, 0x000000070af00000, 0x000000070b000000|  0%| F|  |TAMS 0x000000070af00000, 0x000000070af00000| Untracked 
| 112|0x000000070b000000, 0x000000070b000000, 0x000000070b100000|  0%| F|  |TAMS 0x000000070b000000, 0x000000070b000000| Untracked 
| 113|0x000000070b100000, 0x000000070b100000, 0x000000070b200000|  0%| F|  |TAMS 0x000000070b100000, 0x000000070b100000| Untracked 
| 114|0x000000070b200000, 0x000000070b200000, 0x000000070b300000|  0%| F|  |TAMS 0x000000070b200000, 0x000000070b200000| Untracked 
| 115|0x000000070b300000, 0x000000070b300000, 0x000000070b400000|  0%| F|  |TAMS 0x000000070b300000, 0x000000070b300000| Untracked 
| 116|0x000000070b400000, 0x000000070b400000, 0x000000070b500000|  0%| F|  |TAMS 0x000000070b400000, 0x000000070b400000| Untracked 
| 117|0x000000070b500000, 0x000000070b500000, 0x000000070b600000|  0%| F|  |TAMS 0x000000070b500000, 0x000000070b500000| Untracked 
| 118|0x000000070b600000, 0x000000070b600000, 0x000000070b700000|  0%| F|  |TAMS 0x000000070b600000, 0x000000070b600000| Untracked 
| 119|0x000000070b700000, 0x000000070b700000, 0x000000070b800000|  0%| F|  |TAMS 0x000000070b700000, 0x000000070b700000| Untracked 
| 120|0x000000070b800000, 0x000000070b800000, 0x000000070b900000|  0%| F|  |TAMS 0x000000070b800000, 0x000000070b800000| Untracked 
| 121|0x000000070b900000, 0x000000070b900000, 0x000000070ba00000|  0%| F|  |TAMS 0x000000070b900000, 0x000000070b900000| Untracked 
| 122|0x000000070ba00000, 0x000000070ba00000, 0x000000070bb00000|  0%| F|  |TAMS 0x000000070ba00000, 0x000000070ba00000| Untracked 
| 123|0x000000070bb00000, 0x000000070bb00000, 0x000000070bc00000|  0%| F|  |TAMS 0x000000070bb00000, 0x000000070bb00000| Untracked 
| 124|0x000000070bc00000, 0x000000070bc00000, 0x000000070bd00000|  0%| F|  |TAMS 0x000000070bc00000, 0x000000070bc00000| Untracked 
| 125|0x000000070bd00000, 0x000000070bd00000, 0x000000070be00000|  0%| F|  |TAMS 0x000000070bd00000, 0x000000070bd00000| Untracked 
| 126|0x000000070be00000, 0x000000070be00000, 0x000000070bf00000|  0%| F|  |TAMS 0x000000070be00000, 0x000000070be00000| Untracked 
| 127|0x000000070bf00000, 0x000000070bf00000, 0x000000070c000000|  0%| F|  |TAMS 0x000000070bf00000, 0x000000070bf00000| Untracked 
| 128|0x000000070c000000, 0x000000070c000000, 0x000000070c100000|  0%| F|  |TAMS 0x000000070c000000, 0x000000070c000000| Untracked 
| 129|0x000000070c100000, 0x000000070c100000, 0x000000070c200000|  0%| F|  |TAMS 0x000000070c100000, 0x000000070c100000| Untracked 
| 130|0x000000070c200000, 0x000000070c200000, 0x000000070c300000|  0%| F|  |TAMS 0x000000070c200000, 0x000000070c200000| Untracked 
| 131|0x000000070c300000, 0x000000070c300000, 0x000000070c400000|  0%| F|  |TAMS 0x000000070c300000, 0x000000070c300000| Untracked 
| 132|0x000000070c400000, 0x000000070c400000, 0x000000070c500000|  0%| F|  |TAMS 0x000000070c400000, 0x000000070c400000| Untracked 
| 133|0x000000070c500000, 0x000000070c500000, 0x000000070c600000|  0%| F|  |TAMS 0x000000070c500000, 0x000000070c500000| Untracked 
| 134|0x000000070c600000, 0x000000070c600000, 0x000000070c700000|  0%| F|  |TAMS 0x000000070c600000, 0x000000070c600000| Untracked 
| 135|0x000000070c700000, 0x000000070c700000, 0x000000070c800000|  0%| F|  |TAMS 0x000000070c700000, 0x000000070c700000| Untracked 
| 136|0x000000070c800000, 0x000000070c800000, 0x000000070c900000|  0%| F|  |TAMS 0x000000070c800000, 0x000000070c800000| Untracked 
| 137|0x000000070c900000, 0x000000070c900000, 0x000000070ca00000|  0%| F|  |TAMS 0x000000070c900000, 0x000000070c900000| Untracked 
| 138|0x000000070ca00000, 0x000000070ca00000, 0x000000070cb00000|  0%| F|  |TAMS 0x000000070ca00000, 0x000000070ca00000| Untracked 
| 139|0x000000070cb00000, 0x000000070cb00000, 0x000000070cc00000|  0%| F|  |TAMS 0x000000070cb00000, 0x000000070cb00000| Untracked 
| 140|0x000000070cc00000, 0x000000070cc00000, 0x000000070cd00000|  0%| F|  |TAMS 0x000000070cc00000, 0x000000070cc00000| Untracked 
| 141|0x000000070cd00000, 0x000000070cd00000, 0x000000070ce00000|  0%| F|  |TAMS 0x000000070cd00000, 0x000000070cd00000| Untracked 
| 142|0x000000070ce00000, 0x000000070ce00000, 0x000000070cf00000|  0%| F|  |TAMS 0x000000070ce00000, 0x000000070ce00000| Untracked 
| 143|0x000000070cf00000, 0x000000070cf00000, 0x000000070d000000|  0%| F|  |TAMS 0x000000070cf00000, 0x000000070cf00000| Untracked 
| 144|0x000000070d000000, 0x000000070d000000, 0x000000070d100000|  0%| F|  |TAMS 0x000000070d000000, 0x000000070d000000| Untracked 
| 145|0x000000070d100000, 0x000000070d100000, 0x000000070d200000|  0%| F|  |TAMS 0x000000070d100000, 0x000000070d100000| Untracked 
| 146|0x000000070d200000, 0x000000070d200000, 0x000000070d300000|  0%| F|  |TAMS 0x000000070d200000, 0x000000070d200000| Untracked 
| 147|0x000000070d300000, 0x000000070d300000, 0x000000070d400000|  0%| F|  |TAMS 0x000000070d300000, 0x000000070d300000| Untracked 
| 148|0x000000070d400000, 0x000000070d400000, 0x000000070d500000|  0%| F|  |TAMS 0x000000070d400000, 0x000000070d400000| Untracked 
| 149|0x000000070d500000, 0x000000070d500000, 0x000000070d600000|  0%| F|  |TAMS 0x000000070d500000, 0x000000070d500000| Untracked 
| 150|0x000000070d600000, 0x000000070d600000, 0x000000070d700000|  0%| F|  |TAMS 0x000000070d600000, 0x000000070d600000| Untracked 
| 151|0x000000070d700000, 0x000000070d700000, 0x000000070d800000|  0%| F|  |TAMS 0x000000070d700000, 0x000000070d700000| Untracked 
| 152|0x000000070d800000, 0x000000070d800000, 0x000000070d900000|  0%| F|  |TAMS 0x000000070d800000, 0x000000070d800000| Untracked 
| 153|0x000000070d900000, 0x000000070d900000, 0x000000070da00000|  0%| F|  |TAMS 0x000000070d900000, 0x000000070d900000| Untracked 
| 154|0x000000070da00000, 0x000000070da00000, 0x000000070db00000|  0%| F|  |TAMS 0x000000070da00000, 0x000000070da00000| Untracked 
| 155|0x000000070db00000, 0x000000070db00000, 0x000000070dc00000|  0%| F|  |TAMS 0x000000070db00000, 0x000000070db00000| Untracked 
| 156|0x000000070dc00000, 0x000000070dc00000, 0x000000070dd00000|  0%| F|  |TAMS 0x000000070dc00000, 0x000000070dc00000| Untracked 
| 157|0x000000070dd00000, 0x000000070dd00000, 0x000000070de00000|  0%| F|  |TAMS 0x000000070dd00000, 0x000000070dd00000| Untracked 
| 158|0x000000070de00000, 0x000000070de00000, 0x000000070df00000|  0%| F|  |TAMS 0x000000070de00000, 0x000000070de00000| Untracked 
| 159|0x000000070df00000, 0x000000070df00000, 0x000000070e000000|  0%| F|  |TAMS 0x000000070df00000, 0x000000070df00000| Untracked 
| 160|0x000000070e000000, 0x000000070e000000, 0x000000070e100000|  0%| F|  |TAMS 0x000000070e000000, 0x000000070e000000| Untracked 
| 161|0x000000070e100000, 0x000000070e100000, 0x000000070e200000|  0%| F|  |TAMS 0x000000070e100000, 0x000000070e100000| Untracked 
| 162|0x000000070e200000, 0x000000070e200000, 0x000000070e300000|  0%| F|  |TAMS 0x000000070e200000, 0x000000070e200000| Untracked 
| 163|0x000000070e300000, 0x000000070e300000, 0x000000070e400000|  0%| F|  |TAMS 0x000000070e300000, 0x000000070e300000| Untracked 
| 164|0x000000070e400000, 0x000000070e400000, 0x000000070e500000|  0%| F|  |TAMS 0x000000070e400000, 0x000000070e400000| Untracked 
| 165|0x000000070e500000, 0x000000070e500000, 0x000000070e600000|  0%| F|  |TAMS 0x000000070e500000, 0x000000070e500000| Untracked 
| 166|0x000000070e600000, 0x000000070e600000, 0x000000070e700000|  0%| F|  |TAMS 0x000000070e600000, 0x000000070e600000| Untracked 
| 167|0x000000070e700000, 0x000000070e700000, 0x000000070e800000|  0%| F|  |TAMS 0x000000070e700000, 0x000000070e700000| Untracked 
| 168|0x000000070e800000, 0x000000070e800000, 0x000000070e900000|  0%| F|  |TAMS 0x000000070e800000, 0x000000070e800000| Untracked 
| 169|0x000000070e900000, 0x000000070e900000, 0x000000070ea00000|  0%| F|  |TAMS 0x000000070e900000, 0x000000070e900000| Untracked 
| 170|0x000000070ea00000, 0x000000070ea00000, 0x000000070eb00000|  0%| F|  |TAMS 0x000000070ea00000, 0x000000070ea00000| Untracked 
| 171|0x000000070eb00000, 0x000000070eb00000, 0x000000070ec00000|  0%| F|  |TAMS 0x000000070eb00000, 0x000000070eb00000| Untracked 
| 172|0x000000070ec00000, 0x000000070ec00000, 0x000000070ed00000|  0%| F|  |TAMS 0x000000070ec00000, 0x000000070ec00000| Untracked 
| 173|0x000000070ed00000, 0x000000070ed00000, 0x000000070ee00000|  0%| F|  |TAMS 0x000000070ed00000, 0x000000070ed00000| Untracked 
| 174|0x000000070ee00000, 0x000000070ee00000, 0x000000070ef00000|  0%| F|  |TAMS 0x000000070ee00000, 0x000000070ee00000| Untracked 
| 175|0x000000070ef00000, 0x000000070ef00000, 0x000000070f000000|  0%| F|  |TAMS 0x000000070ef00000, 0x000000070ef00000| Untracked 
| 176|0x000000070f000000, 0x000000070f000000, 0x000000070f100000|  0%| F|  |TAMS 0x000000070f000000, 0x000000070f000000| Untracked 
| 177|0x000000070f100000, 0x000000070f100000, 0x000000070f200000|  0%| F|  |TAMS 0x000000070f100000, 0x000000070f100000| Untracked 
| 178|0x000000070f200000, 0x000000070f200000, 0x000000070f300000|  0%| F|  |TAMS 0x000000070f200000, 0x000000070f200000| Untracked 
| 179|0x000000070f300000, 0x000000070f300000, 0x000000070f400000|  0%| F|  |TAMS 0x000000070f300000, 0x000000070f300000| Untracked 
| 180|0x000000070f400000, 0x000000070f400000, 0x000000070f500000|  0%| F|  |TAMS 0x000000070f400000, 0x000000070f400000| Untracked 
| 181|0x000000070f500000, 0x000000070f500000, 0x000000070f600000|  0%| F|  |TAMS 0x000000070f500000, 0x000000070f500000| Untracked 
| 182|0x000000070f600000, 0x000000070f600000, 0x000000070f700000|  0%| F|  |TAMS 0x000000070f600000, 0x000000070f600000| Untracked 
| 183|0x000000070f700000, 0x000000070f700000, 0x000000070f800000|  0%| F|  |TAMS 0x000000070f700000, 0x000000070f700000| Untracked 
| 184|0x000000070f800000, 0x000000070f800000, 0x000000070f900000|  0%| F|  |TAMS 0x000000070f800000, 0x000000070f800000| Untracked 
| 185|0x000000070f900000, 0x000000070f900000, 0x000000070fa00000|  0%| F|  |TAMS 0x000000070f900000, 0x000000070f900000| Untracked 
| 186|0x000000070fa00000, 0x000000070fa00000, 0x000000070fb00000|  0%| F|  |TAMS 0x000000070fa00000, 0x000000070fa00000| Untracked 
| 187|0x000000070fb00000, 0x000000070fb00000, 0x000000070fc00000|  0%| F|  |TAMS 0x000000070fb00000, 0x000000070fb00000| Untracked 
| 188|0x000000070fc00000, 0x000000070fc00000, 0x000000070fd00000|  0%| F|  |TAMS 0x000000070fc00000, 0x000000070fc00000| Untracked 
| 189|0x000000070fd00000, 0x000000070fd00000, 0x000000070fe00000|  0%| F|  |TAMS 0x000000070fd00000, 0x000000070fd00000| Untracked 
| 190|0x000000070fe00000, 0x000000070fe00000, 0x000000070ff00000|  0%| F|  |TAMS 0x000000070fe00000, 0x000000070fe00000| Untracked 
| 191|0x000000070ff00000, 0x000000070ff00000, 0x0000000710000000|  0%| F|  |TAMS 0x000000070ff00000, 0x000000070ff00000| Untracked 
| 192|0x0000000710000000, 0x0000000710000000, 0x0000000710100000|  0%| F|  |TAMS 0x0000000710000000, 0x0000000710000000| Untracked 
| 193|0x0000000710100000, 0x0000000710100000, 0x0000000710200000|  0%| F|  |TAMS 0x0000000710100000, 0x0000000710100000| Untracked 
| 194|0x0000000710200000, 0x0000000710200000, 0x0000000710300000|  0%| F|  |TAMS 0x0000000710200000, 0x0000000710200000| Untracked 
| 195|0x0000000710300000, 0x0000000710300000, 0x0000000710400000|  0%| F|  |TAMS 0x0000000710300000, 0x0000000710300000| Untracked 
| 196|0x0000000710400000, 0x0000000710400000, 0x0000000710500000|  0%| F|  |TAMS 0x0000000710400000, 0x0000000710400000| Untracked 
| 197|0x0000000710500000, 0x0000000710500000, 0x0000000710600000|  0%| F|  |TAMS 0x0000000710500000, 0x0000000710500000| Untracked 
| 198|0x0000000710600000, 0x0000000710600000, 0x0000000710700000|  0%| F|  |TAMS 0x0000000710600000, 0x0000000710600000| Untracked 
| 199|0x0000000710700000, 0x0000000710700000, 0x0000000710800000|  0%| F|  |TAMS 0x0000000710700000, 0x0000000710700000| Untracked 
| 200|0x0000000710800000, 0x0000000710800000, 0x0000000710900000|  0%| F|  |TAMS 0x0000000710800000, 0x0000000710800000| Untracked 
| 201|0x0000000710900000, 0x0000000710900000, 0x0000000710a00000|  0%| F|  |TAMS 0x0000000710900000, 0x0000000710900000| Untracked 
| 202|0x0000000710a00000, 0x0000000710a00000, 0x0000000710b00000|  0%| F|  |TAMS 0x0000000710a00000, 0x0000000710a00000| Untracked 
| 203|0x0000000710b00000, 0x0000000710b00000, 0x0000000710c00000|  0%| F|  |TAMS 0x0000000710b00000, 0x0000000710b00000| Untracked 
| 204|0x0000000710c00000, 0x0000000710c00000, 0x0000000710d00000|  0%| F|  |TAMS 0x0000000710c00000, 0x0000000710c00000| Untracked 
| 205|0x0000000710d00000, 0x0000000710d00000, 0x0000000710e00000|  0%| F|  |TAMS 0x0000000710d00000, 0x0000000710d00000| Untracked 
| 206|0x0000000710e00000, 0x0000000710e00000, 0x0000000710f00000|  0%| F|  |TAMS 0x0000000710e00000, 0x0000000710e00000| Untracked 
| 207|0x0000000710f00000, 0x0000000710f00000, 0x0000000711000000|  0%| F|  |TAMS 0x0000000710f00000, 0x0000000710f00000| Untracked 
| 208|0x0000000711000000, 0x0000000711000000, 0x0000000711100000|  0%| F|  |TAMS 0x0000000711000000, 0x0000000711000000| Untracked 
| 209|0x0000000711100000, 0x0000000711100000, 0x0000000711200000|  0%| F|  |TAMS 0x0000000711100000, 0x0000000711100000| Untracked 
| 210|0x0000000711200000, 0x0000000711200000, 0x0000000711300000|  0%| F|  |TAMS 0x0000000711200000, 0x0000000711200000| Untracked 
| 211|0x0000000711300000, 0x0000000711300000, 0x0000000711400000|  0%| F|  |TAMS 0x0000000711300000, 0x0000000711300000| Untracked 
| 212|0x0000000711400000, 0x0000000711400000, 0x0000000711500000|  0%| F|  |TAMS 0x0000000711400000, 0x0000000711400000| Untracked 
| 213|0x0000000711500000, 0x0000000711500000, 0x0000000711600000|  0%| F|  |TAMS 0x0000000711500000, 0x0000000711500000| Untracked 
| 214|0x0000000711600000, 0x0000000711600000, 0x0000000711700000|  0%| F|  |TAMS 0x0000000711600000, 0x0000000711600000| Untracked 
| 215|0x0000000711700000, 0x0000000711700000, 0x0000000711800000|  0%| F|  |TAMS 0x0000000711700000, 0x0000000711700000| Untracked 
| 216|0x0000000711800000, 0x0000000711800000, 0x0000000711900000|  0%| F|  |TAMS 0x0000000711800000, 0x0000000711800000| Untracked 
| 217|0x0000000711900000, 0x0000000711900000, 0x0000000711a00000|  0%| F|  |TAMS 0x0000000711900000, 0x0000000711900000| Untracked 
| 218|0x0000000711a00000, 0x0000000711a00000, 0x0000000711b00000|  0%| F|  |TAMS 0x0000000711a00000, 0x0000000711a00000| Untracked 
| 219|0x0000000711b00000, 0x0000000711b00000, 0x0000000711c00000|  0%| F|  |TAMS 0x0000000711b00000, 0x0000000711b00000| Untracked 
| 220|0x0000000711c00000, 0x0000000711c00000, 0x0000000711d00000|  0%| F|  |TAMS 0x0000000711c00000, 0x0000000711c00000| Untracked 
| 221|0x0000000711d00000, 0x0000000711d00000, 0x0000000711e00000|  0%| F|  |TAMS 0x0000000711d00000, 0x0000000711d00000| Untracked 
| 222|0x0000000711e00000, 0x0000000711e00000, 0x0000000711f00000|  0%| F|  |TAMS 0x0000000711e00000, 0x0000000711e00000| Untracked 
| 223|0x0000000711f00000, 0x0000000711f00000, 0x0000000712000000|  0%| F|  |TAMS 0x0000000711f00000, 0x0000000711f00000| Untracked 
| 224|0x0000000712000000, 0x0000000712000000, 0x0000000712100000|  0%| F|  |TAMS 0x0000000712000000, 0x0000000712000000| Untracked 
| 225|0x0000000712100000, 0x0000000712100000, 0x0000000712200000|  0%| F|  |TAMS 0x0000000712100000, 0x0000000712100000| Untracked 
| 226|0x0000000712200000, 0x0000000712200000, 0x0000000712300000|  0%| F|  |TAMS 0x0000000712200000, 0x0000000712200000| Untracked 
| 227|0x0000000712300000, 0x0000000712300000, 0x0000000712400000|  0%| F|  |TAMS 0x0000000712300000, 0x0000000712300000| Untracked 
| 228|0x0000000712400000, 0x0000000712400000, 0x0000000712500000|  0%| F|  |TAMS 0x0000000712400000, 0x0000000712400000| Untracked 
| 229|0x0000000712500000, 0x0000000712500000, 0x0000000712600000|  0%| F|  |TAMS 0x0000000712500000, 0x0000000712500000| Untracked 
| 230|0x0000000712600000, 0x0000000712600000, 0x0000000712700000|  0%| F|  |TAMS 0x0000000712600000, 0x0000000712600000| Untracked 
| 231|0x0000000712700000, 0x0000000712700000, 0x0000000712800000|  0%| F|  |TAMS 0x0000000712700000, 0x0000000712700000| Untracked 
| 232|0x0000000712800000, 0x0000000712800000, 0x0000000712900000|  0%| F|  |TAMS 0x0000000712800000, 0x0000000712800000| Untracked 
| 233|0x0000000712900000, 0x0000000712900000, 0x0000000712a00000|  0%| F|  |TAMS 0x0000000712900000, 0x0000000712900000| Untracked 
| 234|0x0000000712a00000, 0x0000000712a00000, 0x0000000712b00000|  0%| F|  |TAMS 0x0000000712a00000, 0x0000000712a00000| Untracked 
| 235|0x0000000712b00000, 0x0000000712b00000, 0x0000000712c00000|  0%| F|  |TAMS 0x0000000712b00000, 0x0000000712b00000| Untracked 
| 236|0x0000000712c00000, 0x0000000712c00000, 0x0000000712d00000|  0%| F|  |TAMS 0x0000000712c00000, 0x0000000712c00000| Untracked 
| 237|0x0000000712d00000, 0x0000000712d00000, 0x0000000712e00000|  0%| F|  |TAMS 0x0000000712d00000, 0x0000000712d00000| Untracked 
| 238|0x0000000712e00000, 0x0000000712e00000, 0x0000000712f00000|  0%| F|  |TAMS 0x0000000712e00000, 0x0000000712e00000| Untracked 
| 239|0x0000000712f00000, 0x0000000712f00000, 0x0000000713000000|  0%| F|  |TAMS 0x0000000712f00000, 0x0000000712f00000| Untracked 
| 240|0x0000000713000000, 0x0000000713000000, 0x0000000713100000|  0%| F|  |TAMS 0x0000000713000000, 0x0000000713000000| Untracked 
| 241|0x0000000713100000, 0x0000000713200000, 0x0000000713200000|100%| S|CS|TAMS 0x0000000713100000, 0x0000000713100000| Complete 
| 242|0x0000000713200000, 0x0000000713300000, 0x0000000713300000|100%| S|CS|TAMS 0x0000000713200000, 0x0000000713200000| Complete 
| 243|0x0000000713300000, 0x0000000713300000, 0x0000000713400000|  0%| F|  |TAMS 0x0000000713300000, 0x0000000713300000| Untracked 
| 244|0x0000000713400000, 0x0000000713400000, 0x0000000713500000|  0%| F|  |TAMS 0x0000000713400000, 0x0000000713400000| Untracked 
| 245|0x0000000713500000, 0x0000000713500000, 0x0000000713600000|  0%| F|  |TAMS 0x0000000713500000, 0x0000000713500000| Untracked 
| 246|0x0000000713600000, 0x0000000713600000, 0x0000000713700000|  0%| F|  |TAMS 0x0000000713600000, 0x0000000713600000| Untracked 
| 247|0x0000000713700000, 0x0000000713700000, 0x0000000713800000|  0%| F|  |TAMS 0x0000000713700000, 0x0000000713700000| Untracked 
| 248|0x0000000713800000, 0x0000000713800000, 0x0000000713900000|  0%| F|  |TAMS 0x0000000713800000, 0x0000000713800000| Untracked 
| 249|0x0000000713900000, 0x0000000713a00000, 0x0000000713a00000|100%| E|  |TAMS 0x0000000713900000, 0x0000000713900000| Complete 
| 250|0x0000000713a00000, 0x0000000713b00000, 0x0000000713b00000|100%| E|CS|TAMS 0x0000000713a00000, 0x0000000713a00000| Complete 
| 251|0x0000000713b00000, 0x0000000713c00000, 0x0000000713c00000|100%| E|CS|TAMS 0x0000000713b00000, 0x0000000713b00000| Complete 

Card table byte_map: [0x00000148f8d20000,0x00000148f9500000] _byte_map_base: 0x00000148f5500000

Marking Bits (Prev, Next): (CMBitMap*) 0x00000148e08ad968, (CMBitMap*) 0x00000148e08ad9a0
 Prev Bits: [0x00000148f9ce0000, 0x00000148fdbe0000)
 Next Bits: [0x0000014880000000, 0x0000014883f00000)

Polling page: 0x00000148de760000

Metaspace:

Usage:
  Non-class:     15.79 MB capacity,    15.59 MB ( 99%) used,   168.48 KB (  1%) free+waste,    30.56 KB ( <1%) overhead. 
      Class:      1.84 MB capacity,     1.72 MB ( 93%) used,   114.64 KB (  6%) free+waste,    13.75 KB ( <1%) overhead. 
       Both:     17.63 MB capacity,    17.31 MB ( 98%) used,   283.12 KB (  2%) free+waste,    44.31 KB ( <1%) overhead. 

Virtual space:
  Non-class space:       16.00 MB reserved,      16.00 MB (100%) committed 
      Class space:        1.00 GB reserved,       1.88 MB ( <1%) committed 
             Both:        1.02 GB reserved,      17.88 MB (  2%) committed 

Chunk freelists:
   Non-Class:  28.00 KB
       Class:  2.00 KB
        Both:  30.00 KB

MaxMetaspaceSize: 17179869184.00 GB
CompressedClassSpaceSize: 1.00 GB
Initial GC threshold: 20.80 MB
Current GC threshold: 20.80 MB
CDS: off

CodeHeap 'non-profiled nmethods': size=120000Kb used=806Kb max_used=806Kb free=119193Kb
 bounds [0x00000148f0ac0000, 0x00000148f0d30000, 0x00000148f7ff0000]
CodeHeap 'profiled nmethods': size=120000Kb used=3700Kb max_used=3700Kb free=116299Kb
 bounds [0x00000148e9590000, 0x00000148e9930000, 0x00000148f0ac0000]
CodeHeap 'non-nmethods': size=5760Kb used=1179Kb max_used=1205Kb free=4580Kb
 bounds [0x00000148e8ff0000, 0x00000148e9260000, 0x00000148e9590000]
 total_blobs=2300 nmethods=1856 adapters=356
 compilation: enabled
              stopped_count=0, restarted_count=0
 full_count=0

Compilation events (20 events):
Event: 11.772 Thread 0x000001488529b800 1880       1       org.jsoup.select.Evaluator$Class::cost (3 bytes)
Event: 11.772 Thread 0x000001488529b800 nmethod 1880 0x00000148f0b77410 code [0x00000148f0b775c0, 0x00000148f0b77678]
Event: 11.772 Thread 0x000001488529b800 1883       2       org.jsoup.internal.SoftPool::borrow (27 bytes)
Event: 11.772 Thread 0x000001488529b800 nmethod 1883 0x00000148e992be10 code [0x00000148e992c000, 0x00000148e992c278]
Event: 11.772 Thread 0x000001488529b800 1884       2       java.util.ArrayDeque::isEmpty (17 bytes)
Event: 11.772 Thread 0x000001488529b800 nmethod 1884 0x00000148e992c410 code [0x00000148e992c5c0, 0x00000148e992c6d8]
Event: 11.772 Thread 0x000001488529b800 1886       2       org.jsoup.parser.TokenQueue$$Lambda$78/0x00000008001bfc40::test (5 bytes)
Event: 11.772 Thread 0x000001488529b800 nmethod 1886 0x00000148e992c790 code [0x00000148e992c940, 0x00000148e992cb08]
Event: 11.772 Thread 0x000001488529b800 1887       2       org.jsoup.parser.TokenQueue::isIdent (26 bytes)
Event: 11.772 Thread 0x000001488529b800 nmethod 1887 0x00000148e992cc10 code [0x00000148e992cdc0, 0x00000148e992cf78]
Event: 11.772 Thread 0x000001488529b800 1881       2       java.util.ArrayDeque::dec (13 bytes)
Event: 11.773 Thread 0x000001488529b800 nmethod 1881 0x00000148e992d010 code [0x00000148e992d1c0, 0x00000148e992d2b8]
Event: 11.773 Thread 0x000001488749f800 nmethod 1837 0x00000148f0b77710 code [0x00000148f0b77900, 0x00000148f0b78d18]
Event: 11.773 Thread 0x000001488749f800 1845       4       org.jsoup.parser.TokeniserState$1::read (109 bytes)
Event: 11.775 Thread 0x000001488529a800 nmethod 1812 0x00000148f0b79710 code [0x00000148f0b799e0, 0x00000148f0b7bfa0]
Event: 11.775 Thread 0x000001488529a800 1838       4       org.jsoup.parser.TokeniserState$34::read (260 bytes)
Event: 11.789 Thread 0x000001488749f800 nmethod 1845 0x00000148f0b7cf10 code [0x00000148f0b7d180, 0x00000148f0b7dff0]
Event: 11.789 Thread 0x000001488749f800 1841       4       org.jsoup.parser.Token$Tag::newAttribute (117 bytes)
Event: 11.813 Thread 0x000001488749f800 nmethod 1841 0x00000148f0b7e990 code [0x00000148f0b7ec60, 0x00000148f0b7fd78]
Event: 11.813 Thread 0x000001488749f800 1870       4       org.jsoup.nodes.Element::hasClass (165 bytes)

GC Heap History (4 events):
Event: 1.135 GC heap before
{Heap before GC invocations=0 (full 0):
 garbage-first heap   total 258048K, used 23552K [0x0000000704000000, 0x0000000800000000)
  region size 1024K, 24 young (24576K), 0 survivors (0K)
 Metaspace       used 17017K, capacity 17255K, committed 17408K, reserved 1064960K
  class space    used 1670K, capacity 1764K, committed 1792K, reserved 1048576K
}
Event: 1.139 GC heap after
{Heap after GC invocations=1 (full 0):
 garbage-first heap   total 258048K, used 6518K [0x0000000704000000, 0x0000000800000000)
  region size 1024K, 3 young (3072K), 3 survivors (3072K)
 Metaspace       used 17017K, capacity 17255K, committed 17408K, reserved 1064960K
  class space    used 1670K, capacity 1764K, committed 1792K, reserved 1048576K
}
Event: 11.748 GC heap before
{Heap before GC invocations=1 (full 0):
 garbage-first heap   total 258048K, used 15734K [0x0000000704000000, 0x0000000800000000)
  region size 1024K, 12 young (12288K), 3 survivors (3072K)
 Metaspace       used 17683K, capacity 18050K, committed 18304K, reserved 1064960K
  class space    used 1757K, capacity 1886K, committed 1920K, reserved 1048576K
}
Event: 11.752 GC heap after
{Heap after GC invocations=2 (full 0):
 garbage-first heap   total 258048K, used 10240K [0x0000000704000000, 0x0000000800000000)
  region size 1024K, 2 young (2048K), 2 survivors (2048K)
 Metaspace       used 17683K, capacity 18050K, committed 18304K, reserved 1064960K
  class space    used 1757K, capacity 1886K, committed 1920K, reserved 1048576K
}

Deoptimization events (20 events):
Event: 11.771 Thread 0x00000148e084a000 Uncommon trap: trap_request=0xffffffde fr.pc=0x00000148f0b16dcc relative=0x0000000000000c8c
Event: 11.771 Thread 0x00000148e084a000 Uncommon trap: reason=class_check action=maybe_recompile pc=0x00000148f0b16dcc method=java.util.HashMap.putVal(ILjava/lang/Object;Ljava/lang/Object;ZZ)Ljava/lang/Object; @ 91 c2
Event: 11.771 Thread 0x00000148e084a000 DEOPT PACKING pc=0x00000148f0b16dcc sp=0x00000029c65ff4a0
Event: 11.771 Thread 0x00000148e084a000 DEOPT UNPACKING pc=0x00000148e903a1af sp=0x00000029c65ff3d0 mode 2
Event: 11.771 Thread 0x00000148e084a000 Uncommon trap: trap_request=0xffffff4d fr.pc=0x00000148f0b05f34 relative=0x0000000000000194
Event: 11.771 Thread 0x00000148e084a000 Uncommon trap: reason=unstable_if action=reinterpret pc=0x00000148f0b05f34 method=java.lang.String.equals(Ljava/lang/Object;)Z @ 34 c2
Event: 11.771 Thread 0x00000148e084a000 DEOPT PACKING pc=0x00000148f0b05f34 sp=0x00000029c65ff350
Event: 11.771 Thread 0x00000148e084a000 DEOPT UNPACKING pc=0x00000148e903a1af sp=0x00000029c65ff2e8 mode 2
Event: 11.771 Thread 0x00000148e084a000 Uncommon trap: trap_request=0xffffffde fr.pc=0x00000148f0b16dcc relative=0x0000000000000c8c
Event: 11.771 Thread 0x00000148e084a000 Uncommon trap: reason=class_check action=maybe_recompile pc=0x00000148f0b16dcc method=java.util.HashMap.putVal(ILjava/lang/Object;Ljava/lang/Object;ZZ)Ljava/lang/Object; @ 91 c2
Event: 11.771 Thread 0x00000148e084a000 DEOPT PACKING pc=0x00000148f0b16dcc sp=0x00000029c65ff4a0
Event: 11.771 Thread 0x00000148e084a000 DEOPT UNPACKING pc=0x00000148e903a1af sp=0x00000029c65ff3d0 mode 2
Event: 11.771 Thread 0x00000148e084a000 Uncommon trap: trap_request=0xffffffde fr.pc=0x00000148f0b16dcc relative=0x0000000000000c8c
Event: 11.771 Thread 0x00000148e084a000 Uncommon trap: reason=class_check action=maybe_recompile pc=0x00000148f0b16dcc method=java.util.HashMap.putVal(ILjava/lang/Object;Ljava/lang/Object;ZZ)Ljava/lang/Object; @ 91 c2
Event: 11.771 Thread 0x00000148e084a000 DEOPT PACKING pc=0x00000148f0b16dcc sp=0x00000029c65ff4a0
Event: 11.771 Thread 0x00000148e084a000 DEOPT UNPACKING pc=0x00000148e903a1af sp=0x00000029c65ff3d0 mode 2
Event: 11.771 Thread 0x00000148e084a000 Uncommon trap: trap_request=0xffffffde fr.pc=0x00000148f0b16dcc relative=0x0000000000000c8c
Event: 11.771 Thread 0x00000148e084a000 Uncommon trap: reason=class_check action=maybe_recompile pc=0x00000148f0b16dcc method=java.util.HashMap.putVal(ILjava/lang/Object;Ljava/lang/Object;ZZ)Ljava/lang/Object; @ 91 c2
Event: 11.771 Thread 0x00000148e084a000 DEOPT PACKING pc=0x00000148f0b16dcc sp=0x00000029c65ff4a0
Event: 11.771 Thread 0x00000148e084a000 DEOPT UNPACKING pc=0x00000148e903a1af sp=0x00000029c65ff3d0 mode 2

Classes redefined (0 events):
No events

Internal exceptions (20 events):
Event: 0.129 Thread 0x00000148e084a000 Exception <a 'sun/nio/fs/WindowsException'{0x000000071362af50}> (0x000000071362af50) thrown at [s\src\hotspot\share\prims\jni.cpp, line 617]
Event: 0.134 Thread 0x00000148e084a000 Exception <a 'java/lang/NoSuchMethodError'{0x000000071364a060}: 'int java.lang.invoke.DirectMethodHandle$Holder.invokeStaticInit(java.lang.Object, java.lang.Object, java.lang.Object, java.lang.Object)'> (0x000000071364a060) thrown at [s\src\hotspot\share\interpreter\linkResolver.cpp, line 773]
Event: 0.135 Thread 0x00000148e084a000 Exception <a 'java/lang/IncompatibleClassChangeError'{0x0000000713653ad8}: Found class java.lang.Object, but interface was expected> (0x0000000713653ad8) thrown at [s\src\hotspot\share\interpreter\linkResolver.cpp, line 839]
Event: 0.135 Thread 0x00000148e084a000 Exception <a 'java/lang/NoSuchMethodError'{0x0000000713656fe0}: 'void java.lang.invoke.DirectMethodHandle$Holder.invokeStaticInit(java.lang.Object, java.lang.Object)'> (0x0000000713656fe0) thrown at [s\src\hotspot\share\interpreter\linkResolver.cpp, line 773]
Event: 0.136 Thread 0x00000148e084a000 Exception <a 'java/lang/NoSuchMethodError'{0x000000071365d1c0}: 'int java.lang.invoke.DirectMethodHandle$Holder.invokeStaticInit(java.lang.Object, java.lang.Object)'> (0x000000071365d1c0) thrown at [s\src\hotspot\share\interpreter\linkResolver.cpp, line 773]
Event: 0.191 Thread 0x00000148e084a000 Exception <a 'java/lang/NoSuchMethodError'{0x0000000712f08900}: 'java.lang.Object java.lang.invoke.DirectMethodHandle$Holder.invokeStaticInit(java.lang.Object, int, int, int, int)'> (0x0000000712f08900) thrown at [s\src\hotspot\share\interpreter\linkResolver.cpp, line 773]
Event: 0.324 Thread 0x00000148e084a000 Exception <a 'java/lang/NoSuchMethodError'{0x0000000712fc5518}: 'java.lang.Object java.lang.invoke.DirectMethodHandle$Holder.invokeStaticInit(java.lang.Object, java.lang.Object, int, int, int, int)'> (0x0000000712fc5518) thrown at [s\src\hotspot\share\interpreter\linkResolver.cpp, line 773]
Event: 0.420 Thread 0x00000148e084a000 Implicit null exception at 0x00000148f0aeb22c to 0x00000148f0aeb3c2
Event: 1.048 Thread 0x00000148e084a000 Exception <a 'java/lang/NoSuchMethodError'{0x0000000712848d50}: 'int java.lang.invoke.DirectMethodHandle$Holder.invokeStaticInit(java.lang.Object, java.lang.Object, java.lang.Object)'> (0x0000000712848d50) thrown at [s\src\hotspot\share\interpreter\linkResolver.cpp, line 773]
Event: 1.181 Thread 0x00000148e084a000 Exception <a 'java/lang/NoSuchMethodError'{0x0000000713897e28}: 'int java.lang.invoke.DirectMethodHandle$Holder.invokeSpecial(java.lang.Object, java.lang.Object, java.lang.Object, java.lang.Object)'> (0x0000000713897e28) thrown at [s\src\hotspot\share\interpreter\linkResolver.cpp, line 773]
Event: 1.194 Thread 0x00000148e084a000 Exception <a 'java/lang/NoSuchMethodError'{0x00000007138d0310}: 'int java.lang.invoke.DirectMethodHandle$Holder.invokeVirtual(java.lang.Object, java.lang.Object)'> (0x00000007138d0310) thrown at [s\src\hotspot\share\interpreter\linkResolver.cpp, line 773]
Event: 1.210 Thread 0x00000148e084a000 Exception <a 'java/lang/NoSuchMethodError'{0x00000007137a2f68}: 'java.lang.Object java.lang.invoke.DirectMethodHandle$Holder.invokeStatic(java.lang.Object, java.lang.Object, java.lang.Object, java.lang.Object, java.lang.Object, java.lang.Object, java.lang.Object, java.lang.Object, java.lang.Object, java.lang.Object, java.lang.Object, java.lang.Object, java.lang.Object, java.lang.Object, java.lang.Object)'> (0x00000007137a2f68) thrown at [s\src\hotspot\share\interpreter\linkResolver.cpp, line 773]
Event: 1.211 Thread 0x00000148e084a000 Exception <a 'java/lang/NoSuchMethodError'{0x00000007137b75c8}: 'java.lang.Object java.lang.invoke.DirectMethodHandle$Holder.invokeStatic(java.lang.Object, java.lang.Object, java.lang.Object, java.lang.Object, java.lang.Object, java.lang.Object, java.lang.Object, java.lang.Object, java.lang.Object, java.lang.Object, java.lang.Object, java.lang.Object, java.lang.Object, java.lang.Object, java.lang.Object, java.lang.Object)'> (0x00000007137b75c8) thrown at [s\src\hotspot\share\interpreter\linkResolver.cpp, l
Event: 1.213 Thread 0x00000148e084a000 Exception <a 'java/lang/NoSuchMethodError'{0x00000007137c5328}: 'java.lang.Object java.lang.invoke.DirectMethodHandle$Holder.invokeSpecial(java.lang.Object, java.lang.Object, int, int, int, java.lang.Object, java.lang.Object, java.lang.Object)'> (0x00000007137c5328) thrown at [s\src\hotspot\share\interpreter\linkResolver.cpp, line 773]
Event: 1.213 Thread 0x00000148e084a000 Exception <a 'java/lang/NoSuchMethodError'{0x00000007137c8968}: 'java.lang.Object java.lang.invoke.DelegatingMethodHandle$Holder.reinvoke_L(java.lang.Object, int, int, int, java.lang.Object, java.lang.Object, java.lang.Object)'> (0x00000007137c8968) thrown at [s\src\hotspot\share\interpreter\linkResolver.cpp, line 773]
Event: 1.213 Thread 0x00000148e084a000 Exception <a 'java/lang/NoSuchMethodError'{0x00000007137cfec0}: 'java.lang.Object java.lang.invoke.DirectMethodHandle$Holder.invokeStatic(java.lang.Object, java.lang.Object, java.lang.Object, java.lang.Object, java.lang.Object, int)'> (0x00000007137cfec0) thrown at [s\src\hotspot\share\interpreter\linkResolver.cpp, line 773]
Event: 11.743 Thread 0x00000148e084a000 Implicit null exception at 0x00000148f0b73e0c to 0x00000148f0b75065
Event: 11.743 Thread 0x00000148e084a000 Implicit null exception at 0x00000148f0b73e0c to 0x00000148f0b75065
Event: 11.743 Thread 0x00000148e084a000 Implicit null exception at 0x00000148f0b73e0c to 0x00000148f0b75065
Event: 11.743 Thread 0x00000148e084a000 Implicit null exception at 0x00000148f0b73e0c to 0x00000148f0b75065

Events (20 events):
Event: 11.232 loading class sun/security/ssl/PreSharedKeyExtension$PartialClientHelloMessage
Event: 11.232 loading class sun/security/ssl/PreSharedKeyExtension$PartialClientHelloMessage done
Event: 11.232 loading class sun/security/ssl/SSLEngineOutputRecord
Event: 11.232 loading class sun/security/ssl/SSLEngineOutputRecord done
Event: 11.232 loading class sun/security/ssl/SSLEngineOutputRecord$HandshakeFragment
Event: 11.232 loading class sun/security/ssl/SSLEngineOutputRecord$HandshakeFragment done
Event: 11.232 loading class sun/security/ssl/SSLEngineOutputRecord$HandshakeMemo
Event: 11.232 loading class sun/security/ssl/SSLEngineOutputRecord$RecordMemo
Event: 11.233 loading class sun/security/ssl/SSLEngineOutputRecord$RecordMemo done
Event: 11.233 loading class sun/security/ssl/SSLEngineOutputRecord$HandshakeMemo done
Event: 11.244 loading class sun/security/ssl/PreSharedKeyExtension$SHPreSharedKeySpec
Event: 11.244 loading class sun/security/ssl/PreSharedKeyExtension$SHPreSharedKeySpec done
Event: 11.250 Thread 0x0000014886a9c000 Thread added: 0x0000014886a9c000
Event: 11.251 Executing VM operation: RevokeBias
Event: 11.251 Executing VM operation: RevokeBias done
Event: 11.251 Thread 0x0000014886a9c000 Thread exited: 0x0000014886a9c000
Event: 11.690 Thread 0x000001488569e800 Thread added: 0x000001488569e800
Event: 11.690 Thread 0x000001488749f800 Thread added: 0x000001488749f800
Event: 11.748 Executing VM operation: G1CollectForAllocation
Event: 11.752 Executing VM operation: G1CollectForAllocation done


Dynamic libraries:
0x00007ff736650000 - 0x00007ff73665e000 	C:\Users\user\.jdks\OpenJDK11U-jdk_x64_windows_hotspot_11.0.26_4\jdk-11.0.26+4\bin\java.exe
0x00007ff8ec800000 - 0x00007ff8eca66000 	C:\WINDOWS\SYSTEM32\ntdll.dll
0x00007ff8ebef0000 - 0x00007ff8ebfb9000 	C:\WINDOWS\System32\KERNEL32.DLL
0x00007ff8e9ef0000 - 0x00007ff8ea2bc000 	C:\WINDOWS\System32\KERNELBASE.dll
0x00007ff8ea470000 - 0x00007ff8ea5bb000 	C:\WINDOWS\System32\ucrtbase.dll
0x00007ff8916c0000 - 0x00007ff8916d7000 	C:\Users\user\.jdks\OpenJDK11U-jdk_x64_windows_hotspot_11.0.26_4\jdk-11.0.26+4\bin\jli.dll
0x00007ff88f740000 - 0x00007ff88f75e000 	C:\Users\user\.jdks\OpenJDK11U-jdk_x64_windows_hotspot_11.0.26_4\jdk-11.0.26+4\bin\VCRUNTIME140.dll
0x00007ff8ec1b0000 - 0x00007ff8ec37a000 	C:\WINDOWS\System32\USER32.dll
0x00007ff8ea440000 - 0x00007ff8ea467000 	C:\WINDOWS\System32\win32u.dll
0x00007ff8eb3c0000 - 0x00007ff8eb3eb000 	C:\WINDOWS\System32\GDI32.dll
0x00007ff8e9990000 - 0x00007ff8e9ac2000 	C:\WINDOWS\System32\gdi32full.dll
0x00007ff8e9ad0000 - 0x00007ff8e9b73000 	C:\WINDOWS\System32\msvcp_win.dll
0x00007ff8d4e60000 - 0x00007ff8d50fa000 	C:\WINDOWS\WinSxS\amd64_microsoft.windows.common-controls_6595b64144ccf1df_6.0.26100.3912_none_3e07963ce335137e\COMCTL32.dll
0x00007ff8ec380000 - 0x00007ff8ec429000 	C:\WINDOWS\System32\msvcrt.dll
0x00007ff8ebfc0000 - 0x00007ff8ebff0000 	C:\WINDOWS\System32\IMM32.DLL
0x00007ff8bf340000 - 0x00007ff8bf34c000 	C:\Users\user\.jdks\OpenJDK11U-jdk_x64_windows_hotspot_11.0.26_4\jdk-11.0.26+4\bin\vcruntime140_1.dll
0x00007ff8807e0000 - 0x00007ff88086d000 	C:\Users\user\.jdks\OpenJDK11U-jdk_x64_windows_hotspot_11.0.26_4\jdk-11.0.26+4\bin\msvcp140.dll
0x00007ff8499e0000 - 0x00007ff84a5a3000 	C:\Users\user\.jdks\OpenJDK11U-jdk_x64_windows_hotspot_11.0.26_4\jdk-11.0.26+4\bin\server\jvm.dll
0x00007ff8ec550000 - 0x00007ff8ec602000 	C:\WINDOWS\System32\ADVAPI32.dll
0x00007ff8ec100000 - 0x00007ff8ec1a6000 	C:\WINDOWS\System32\sechost.dll
0x00007ff8ec430000 - 0x00007ff8ec546000 	C:\WINDOWS\System32\RPCRT4.dll
0x00007ff8ea820000 - 0x00007ff8ea894000 	C:\WINDOWS\System32\WS2_32.dll
0x00007ff8ec630000 - 0x00007ff8ec638000 	C:\WINDOWS\System32\PSAPI.DLL
0x00007ff8e0340000 - 0x00007ff8e0376000 	C:\WINDOWS\SYSTEM32\WINMM.dll
0x00007ff8d8500000 - 0x00007ff8d850b000 	C:\WINDOWS\SYSTEM32\VERSION.dll
0x00007ff8e8750000 - 0x00007ff8e876a000 	C:\WINDOWS\SYSTEM32\kernel.appcore.dll
0x00007ff8bce00000 - 0x00007ff8bce10000 	C:\Users\user\.jdks\OpenJDK11U-jdk_x64_windows_hotspot_11.0.26_4\jdk-11.0.26+4\bin\verify.dll
0x00007ff8e6ae0000 - 0x00007ff8e6d21000 	C:\WINDOWS\SYSTEM32\DBGHELP.DLL
0x00007ff8eafd0000 - 0x00007ff8eb354000 	C:\WINDOWS\System32\combase.dll
0x00007ff8ebe00000 - 0x00007ff8ebee0000 	C:\WINDOWS\System32\OLEAUT32.dll
0x00007ff8cc370000 - 0x00007ff8cc3a9000 	C:\WINDOWS\SYSTEM32\dbgcore.DLL
0x00007ff8e9c40000 - 0x00007ff8e9cd9000 	C:\WINDOWS\System32\bcryptPrimitives.dll
0x00007ff888160000 - 0x00007ff888188000 	C:\Users\user\.jdks\OpenJDK11U-jdk_x64_windows_hotspot_11.0.26_4\jdk-11.0.26+4\bin\java.dll
0x00007ff8bcab0000 - 0x00007ff8bcaba000 	C:\Users\user\.jdks\OpenJDK11U-jdk_x64_windows_hotspot_11.0.26_4\jdk-11.0.26+4\bin\jimage.dll
0x00007ff887710000 - 0x00007ff887728000 	C:\Users\user\.jdks\OpenJDK11U-jdk_x64_windows_hotspot_11.0.26_4\jdk-11.0.26+4\bin\zip.dll
0x00007ff8eb650000 - 0x00007ff8ebd7d000 	C:\WINDOWS\System32\SHELL32.dll
0x00007ff8ea2c0000 - 0x00007ff8ea434000 	C:\WINDOWS\System32\wintypes.dll
0x00007ff8e7620000 - 0x00007ff8e7e76000 	C:\WINDOWS\SYSTEM32\windows.storage.dll
0x00007ff8ea8a0000 - 0x00007ff8ea98f000 	C:\WINDOWS\System32\SHCORE.dll
0x00007ff8ebd80000 - 0x00007ff8ebde9000 	C:\WINDOWS\System32\shlwapi.dll
0x00007ff8e98a0000 - 0x00007ff8e98cf000 	C:\WINDOWS\SYSTEM32\profapi.dll
0x00007ff887550000 - 0x00007ff887569000 	C:\Users\user\.jdks\OpenJDK11U-jdk_x64_windows_hotspot_11.0.26_4\jdk-11.0.26+4\bin\net.dll
0x00007ff8e2ed0000 - 0x00007ff8e2fee000 	C:\WINDOWS\SYSTEM32\WINHTTP.dll
0x00007ff8e8cc0000 - 0x00007ff8e8d2a000 	C:\WINDOWS\system32\mswsock.dll
0x00007ff887530000 - 0x00007ff887543000 	C:\Users\user\.jdks\OpenJDK11U-jdk_x64_windows_hotspot_11.0.26_4\jdk-11.0.26+4\bin\nio.dll
0x00007ff8bc510000 - 0x00007ff8bc51e000 	C:\Users\user\.jdks\OpenJDK11U-jdk_x64_windows_hotspot_11.0.26_4\jdk-11.0.26+4\bin\sunmscapi.dll
0x00007ff8e9d70000 - 0x00007ff8e9ee7000 	C:\WINDOWS\System32\CRYPT32.dll
0x00007ff8e9170000 - 0x00007ff8e91a0000 	C:\WINDOWS\SYSTEM32\ncrypt.dll
0x00007ff8e9120000 - 0x00007ff8e915f000 	C:\WINDOWS\SYSTEM32\NTASN1.dll
0x00007ff8871f0000 - 0x00007ff887217000 	C:\Users\user\.jdks\OpenJDK11U-jdk_x64_windows_hotspot_11.0.26_4\jdk-11.0.26+4\bin\sunec.dll
0x00007ff8e8f70000 - 0x00007ff8e8f8c000 	C:\WINDOWS\SYSTEM32\CRYPTSP.dll
0x00007ff8e86b0000 - 0x00007ff8e86ea000 	C:\WINDOWS\system32\rsaenh.dll
0x00007ff8e8d60000 - 0x00007ff8e8d8b000 	C:\WINDOWS\SYSTEM32\USERENV.dll
0x00007ff8e9870000 - 0x00007ff8e9896000 	C:\WINDOWS\SYSTEM32\bcrypt.dll
0x00007ff8e8f60000 - 0x00007ff8e8f6c000 	C:\WINDOWS\SYSTEM32\CRYPTBASE.dll
0x00007ff8e81e0000 - 0x00007ff8e8213000 	C:\WINDOWS\SYSTEM32\IPHLPAPI.DLL
0x00007ff8ebdf0000 - 0x00007ff8ebdfa000 	C:\WINDOWS\System32\NSI.dll
0x00007ff8e33b0000 - 0x00007ff8e33cf000 	C:\WINDOWS\SYSTEM32\dhcpcsvc6.DLL
0x00007ff8e3190000 - 0x00007ff8e31b5000 	C:\WINDOWS\SYSTEM32\dhcpcsvc.DLL
0x00007ff8e8280000 - 0x00007ff8e83a7000 	C:\WINDOWS\SYSTEM32\DNSAPI.dll
0x00007ff8e22e0000 - 0x00007ff8e22eb000 	C:\Windows\System32\rasadhlp.dll
0x00007ff8e34c0000 - 0x00007ff8e3546000 	C:\WINDOWS\System32\fwpuclnt.dll

dbghelp: loaded successfully - version: 4.0.5 - missing functions: none
symbol engine: initialized successfully - sym options: 0x614 - pdb path: .;C:\Users\user\.jdks\OpenJDK11U-jdk_x64_windows_hotspot_11.0.26_4\jdk-11.0.26+4\bin;C:\WINDOWS\SYSTEM32;C:\WINDOWS\WinSxS\amd64_microsoft.windows.common-controls_6595b64144ccf1df_6.0.26100.3912_none_3e07963ce335137e;C:\Users\user\.jdks\OpenJDK11U-jdk_x64_windows_hotspot_11.0.26_4\jdk-11.0.26+4\bin\server

VM Arguments:
java_command: Monitor
java_class_path (initial): jsoup-1.20.1.jar;out
Launcher Type: SUN_STANDARD

[Global flags]
     intx CICompilerCount                          = 4                                         {product} {ergonomic}
     uint ConcGCThreads                            = 3                                         {product} {ergonomic}
     uint G1ConcRefinementThreads                  = 10                                        {product} {ergonomic}
   size_t G1HeapRegionSize                         = 1048576                                   {product} {ergonomic}
    uintx GCDrainStackTargetSize                   = 64                                        {product} {ergonomic}
   size_t InitialHeapSize                          = 264241152                                 {product} {ergonomic}
   size_t MarkStackSize                            = 4194304                                   {product} {ergonomic}
   size_t MaxHeapSize                              = 4227858432                                {product} {ergonomic}
   size_t MaxNewSize                               = 2536505344                                {product} {ergonomic}
   size_t MinHeapDeltaBytes                        = 1048576                                   {product} {ergonomic}
    uintx NonNMethodCodeHeapSize                   = 5836300                                {pd product} {ergonomic}
    uintx NonProfiledCodeHeapSize                  = 122910970                              {pd product} {ergonomic}
    uintx ProfiledCodeHeapSize                     = 122910970                              {pd product} {ergonomic}
    uintx ReservedCodeCacheSize                    = 251658240                              {pd product} {ergonomic}
     bool SegmentedCodeCache                       = true                                      {product} {ergonomic}
     bool UseCompressedClassPointers               = true                                 {lp64_product} {ergonomic}
     bool UseCompressedOops                        = true                                 {lp64_product} {ergonomic}
     bool UseG1GC                                  = true                                      {product} {ergonomic}
     bool UseLargePagesIndividualAllocation        = false                                  {pd product} {ergonomic}

Logging:
Log output configuration:
 #0: stdout all=warning uptime,level,tags
 #1: stderr all=off uptime,level,tags

Environment Variables:
JAVA_HOME=C:\Users\user\.jdks\OpenJDK11U-jdk_x64_windows_hotspot_11.0.26_4\jdk-11.0.26+4
PATH=C:\app\user\product\21c\dbhomeXE\bin;C:\WINDOWS\system32;C:\WINDOWS;C:\WINDOWS\System32\Wbem;C:\WINDOWS\System32\WindowsPowerShell\v1.0\;C:\WINDOWS\System32\OpenSSH\;C:\Program Files\Git\cmd;C:\Users\user\maven-mvnd-1.0.2-windows-amd64\maven-mvnd-1.0.2-windows-amd64\mvn\bin;C:\Users\user\.jdks\OpenJDK11U-jdk_x64_windows_hotspot_11.0.26_4\jdk-11.0.26+4\bin;C:\Users\user\AppData\Local\Programs\Python\Python313\Scripts\;C:\Users\user\AppData\Local\Programs\Python\Python313\;C:\Users\user\AppData\Local\Programs\Python\Launcher\;C:\Users\user\AppData\Local\Microsoft\WindowsApps;C:\Users\user\AppData\Local\Programs\Microsoft VS Code\bin
USERNAME=user
OS=Windows_NT
PROCESSOR_IDENTIFIER=Intel64 Family 6 Model 186 Stepping 3, GenuineIntel
TMP=C:\Users\user\AppData\Local\Temp
TEMP=C:\Users\user\AppData\Local\Temp



---------------  S Y S T E M  ---------------

OS: Windows 11 , 64 bit Build 26100 (10.0.26100.3912)
OS uptime: 2 days 19:13 hours

CPU:total 12 (initial active 12) (6 cores per cpu, 2 threads per core) family 6 model 186 stepping 3 microcode 0x410e, cmov, cx8, fxsr, mmx, sse, sse2, sse3, ssse3, sse4.1, sse4.2, popcnt, avx, avx2, aes, clmul, erms, 3dnowpref, lzcnt, ht, tsc, tscinvbit, bmi1, bmi2, adx, sha, fma

Memory: 4k page, system-wide physical 16122M (2678M free)
TotalPageFile size 19122M (AvailPageFile size 12M)
current process WorkingSet (physical memory assigned to process): 122M, peak: 125M
current process commit charge ("private bytes"): 382M, peak: 386M

vm_info: OpenJDK 64-Bit Server VM (11.0.26+4) for windows-amd64 JRE (11.0.26+4), built on Jan 22 2025 03:32:54 by "" with MS VC++ 17.7 (VS2022)

END.
