#
# There is insufficient memory for the Java Runtime Environment to continue.
# Native memory allocation (malloc) failed to allocate 610896 bytes for Chunk::new
# Possible reasons:
#   The system is out of physical RAM or swap space
#   The process is running with CompressedOops enabled, and the Java Heap may be blocking the growth of the native heap
# Possible solutions:
#   Reduce memory load on the system
#   Increase physical memory or swap space
#   Check if swap backing store is full
#   Decrease Java heap size (-Xmx/-Xms)
#   Decrease number of Java threads
#   Decrease Java thread stack sizes (-Xss)
#   Set larger code cache with -XX:ReservedCodeCacheSize=
#   JVM is running with Zero Based Compressed Oops mode in which the Java heap is
#     placed in the first 32GB address space. The Java Heap base address is the
#     maximum limit for the native heap growth. Please use -XX:HeapBaseMinAddress
#     to set the Java Heap base and to place the Java Heap above 32GB virtual address.
# This output file may be truncated or incomplete.
#
#  Out of Memory Error (arena.cpp:197), pid=2648, tid=17272
#
# JRE version: OpenJDK Runtime Environment Temurin-11.0.26+4 (11.0.26+4) (build 11.0.26+4)
# Java VM: OpenJDK 64-Bit Server VM Temurin-11.0.26+4 (11.0.26+4, mixed mode, tiered, compressed oops, g1 gc, windows-amd64)
# No core dump will be written. Minidumps are not enabled by default on client versions of Windows
#

---------------  S U M M A R Y ------------

Command Line: Monitor

Host: 13th Gen Intel(R) Core(TM) i5-1335U, 12 cores, 15G,  Windows 11 , 64 bit Build 26100 (10.0.26100.3912)
Time: Thu May 29 15:08:43 2025  Windows 11 , 64 bit Build 26100 (10.0.26100.3912) elapsed time: 9859.961973 seconds (0d 2h 44m 19s)

---------------  T H R E A D  ---------------

Current thread (0x000001af7136d000):  JavaThread "C2 CompilerThread0" daemon [_thread_in_native, id=17272, stack(0x000000a345400000,0x000000a345500000)]


Current CompileTask:
C2:9859962 5204 %     4       sun.security.ssl.PreSharedKeyExtension$PartialClientHelloMessage::send @ 60 (176 bytes)

Stack: [0x000000a345400000,0x000000a345500000]
Native frames: (J=compiled Java code, j=interpreted, Vv=VM code, C=native code)
V  [jvm.dll+0x64485a]
V  [jvm.dll+0x7d7099]
V  [jvm.dll+0x7d8779]
V  [jvm.dll+0x7d8e73]
V  [jvm.dll+0x269095]
V  [jvm.dll+0xc26fc]
V  [jvm.dll+0xc2d0c]
V  [jvm.dll+0x2daf32]
V  [jvm.dll+0x5500a8]
V  [jvm.dll+0x220a0b]
V  [jvm.dll+0x222ed5]
V  [jvm.dll+0x220138]
V  [jvm.dll+0x19dfc1]
V  [jvm.dll+0x230244]
V  [jvm.dll+0x22e63c]
V  [jvm.dll+0x7982f1]
V  [jvm.dll+0x790e54]
V  [jvm.dll+0x643625]
C  [ucrtbase.dll+0x37b0]
C  [KERNEL32.DLL+0x2e8d7]
C  [ntdll.dll+0x9c5dc]


---------------  P R O C E S S  ---------------

Threads class SMR info:
_java_thread_list=0x000001af72f4ab70, length=10, elements={
0x000001af4c9c9000, 0x000001af712f3000, 0x000001af712f3800, 0x000001af71369000,
0x000001af7136a000, 0x000001af7136b800, 0x000001af7136d000, 0x000001af71376000,
0x000001af71379000, 0x000001af714f9800
}

Java Threads: ( => current thread )
  0x000001af4c9c9000 JavaThread "main" [_thread_blocked, id=9928, stack(0x000000a344800000,0x000000a344900000)]
  0x000001af712f3000 JavaThread "Reference Handler" daemon [_thread_blocked, id=21244, stack(0x000000a344f00000,0x000000a345000000)]
  0x000001af712f3800 JavaThread "Finalizer" daemon [_thread_blocked, id=18304, stack(0x000000a345000000,0x000000a345100000)]
  0x000001af71369000 JavaThread "Signal Dispatcher" daemon [_thread_blocked, id=16428, stack(0x000000a345100000,0x000000a345200000)]
  0x000001af7136a000 JavaThread "Attach Listener" daemon [_thread_blocked, id=14932, stack(0x000000a345200000,0x000000a345300000)]
  0x000001af7136b800 JavaThread "Service Thread" daemon [_thread_blocked, id=21184, stack(0x000000a345300000,0x000000a345400000)]
=>0x000001af7136d000 JavaThread "C2 CompilerThread0" daemon [_thread_in_native, id=17272, stack(0x000000a345400000,0x000000a345500000)]
  0x000001af71376000 JavaThread "C1 CompilerThread0" daemon [_thread_blocked, id=12528, stack(0x000000a345500000,0x000000a345600000)]
  0x000001af71379000 JavaThread "Sweeper thread" daemon [_thread_blocked, id=16576, stack(0x000000a345600000,0x000000a345700000)]
  0x000001af714f9800 JavaThread "Common-Cleaner" daemon [_thread_blocked, id=15792, stack(0x000000a345800000,0x000000a345900000)]

Other Threads:
  0x000001af712ce800 VMThread "VM Thread" [stack: 0x000000a344e00000,0x000000a344f00000] [id=21300]
  0x000001af714f5000 WatcherThread [stack: 0x000000a345700000,0x000000a345800000] [id=17400]
  0x000001af4c9e1000 GCTaskThread "GC Thread#0" [stack: 0x000000a344900000,0x000000a344a00000] [id=18296]
  0x000001af71dd6800 GCTaskThread "GC Thread#1" [stack: 0x000000a345c00000,0x000000a345d00000] [id=19024]
  0x000001af71dad800 GCTaskThread "GC Thread#2" [stack: 0x000000a345d00000,0x000000a345e00000] [id=17552]
  0x000001af72d9f800 GCTaskThread "GC Thread#3" [stack: 0x000000a345e00000,0x000000a345f00000] [id=2656]
  0x000001af71e18000 GCTaskThread "GC Thread#4" [stack: 0x000000a345f00000,0x000000a346000000] [id=1832]
  0x000001af73076000 GCTaskThread "GC Thread#5" [stack: 0x000000a346000000,0x000000a346100000] [id=19904]
  0x000001af4ca7d800 ConcurrentGCThread "G1 Main Marker" [stack: 0x000000a344a00000,0x000000a344b00000] [id=3264]
  0x000001af4ca80800 ConcurrentGCThread "G1 Conc#0" [stack: 0x000000a344b00000,0x000000a344c00000] [id=20336]
  0x000001af71dd9000 ConcurrentGCThread "G1 Conc#1" [stack: 0x000000a345900000,0x000000a345a00000] [id=17652]
  0x000001af71ddc000 ConcurrentGCThread "G1 Conc#2" [stack: 0x000000a345b00000,0x000000a345c00000] [id=20124]
  0x000001af70601800 ConcurrentGCThread "G1 Refine#0" [stack: 0x000000a344c00000,0x000000a344d00000] [id=1120]
  0x000001af7138d000 ConcurrentGCThread "G1 Refine#1" [stack: 0x000000a346100000,0x000000a346200000] [id=3900]
  0x000001af7138c000 ConcurrentGCThread "G1 Refine#2" [stack: 0x000000a346200000,0x000000a346300000] [id=17216]
  0x000001af7138e000 ConcurrentGCThread "G1 Refine#3" [stack: 0x000000a346300000,0x000000a346400000] [id=12440]
  0x000001af7138c800 ConcurrentGCThread "G1 Refine#4" [stack: 0x000000a344500000,0x000000a344600000] [id=19448]
  0x000001af71391000 ConcurrentGCThread "G1 Refine#5" [stack: 0x000000a344600000,0x000000a344700000] [id=9292]
  0x000001af71391800 ConcurrentGCThread "G1 Refine#6" [stack: 0x000000a344700000,0x000000a344800000] [id=18780]
  0x000001af71b54000 ConcurrentGCThread "G1 Refine#7" [stack: 0x000000a346400000,0x000000a346500000] [id=10096]
  0x000001af71b52800 ConcurrentGCThread "G1 Refine#8" [stack: 0x000000a346500000,0x000000a346600000] [id=21264]
  0x000001af71b57800 ConcurrentGCThread "G1 Refine#9" [stack: 0x000000a346600000,0x000000a346700000] [id=8252]
  0x000001af7060b000 ConcurrentGCThread "G1 Young RemSet Sampling" [stack: 0x000000a344d00000,0x000000a344e00000] [id=8784]

Threads with active compile tasks:
C2 CompilerThread0  9859981 5204 %     4       sun.security.ssl.PreSharedKeyExtension$PartialClientHelloMessage::send @ 60 (176 bytes)

VM state:not at safepoint (normal execution)

VM Mutex/Monitor currently owned by a thread: None

Heap address: 0x0000000704000000, size: 4032 MB, Compressed Oops mode: Zero based, Oop shift amount: 3
Narrow klass base: 0x0000000800000000, Narrow klass shift: 0
Compressed class space size: 1073741824 Address: 0x0000000800000000

Heap:
 garbage-first heap   total 258048K, used 183057K [0x0000000704000000, 0x0000000800000000)
  region size 1024K, 22 young (22528K), 4 survivors (4096K)
 Metaspace       used 20037K, capacity 20334K, committed 20608K, reserved 1069056K
  class space    used 1736K, capacity 1845K, committed 1920K, reserved 1048576K
Heap Regions: E=young(eden), S=young(survivor), O=old, HS=humongous(starts), HC=humongous(continues), CS=collection set, F=free, A=archive, TAMS=top-at-mark-start (previous, next)
|   0|0x0000000704000000, 0x0000000704100000, 0x0000000704100000|100%| O|  |TAMS 0x0000000704100000, 0x0000000704000000| Untracked 
|   1|0x0000000704100000, 0x0000000704200000, 0x0000000704200000|100%| O|  |TAMS 0x0000000704100000, 0x0000000704100000| Untracked 
|   2|0x0000000704200000, 0x0000000704300000, 0x0000000704300000|100%| O|  |TAMS 0x0000000704200000, 0x0000000704200000| Untracked 
|   3|0x0000000704300000, 0x0000000704400000, 0x0000000704400000|100%| O|  |TAMS 0x0000000704400000, 0x0000000704300000| Untracked 
|   4|0x0000000704400000, 0x0000000704500000, 0x0000000704500000|100%| O|  |TAMS 0x0000000704500000, 0x0000000704400000| Untracked 
|   5|0x0000000704500000, 0x0000000704600000, 0x0000000704600000|100%| O|  |TAMS 0x0000000704600000, 0x0000000704500000| Untracked 
|   6|0x0000000704600000, 0x0000000704700000, 0x0000000704700000|100%| O|  |TAMS 0x0000000704700000, 0x0000000704600000| Untracked 
|   7|0x0000000704700000, 0x0000000704800000, 0x0000000704800000|100%| O|  |TAMS 0x0000000704800000, 0x0000000704700000| Untracked 
|   8|0x0000000704800000, 0x0000000704900000, 0x0000000704900000|100%| O|  |TAMS 0x0000000704900000, 0x0000000704800000| Untracked 
|   9|0x0000000704900000, 0x0000000704a00000, 0x0000000704a00000|100%| O|  |TAMS 0x0000000704900000, 0x0000000704900000| Untracked 
|  10|0x0000000704a00000, 0x0000000704b00000, 0x0000000704b00000|100%| O|  |TAMS 0x0000000704a00000, 0x0000000704a00000| Untracked 
|  11|0x0000000704b00000, 0x0000000704c00000, 0x0000000704c00000|100%| O|  |TAMS 0x0000000704b00000, 0x0000000704b00000| Untracked 
|  12|0x0000000704c00000, 0x0000000704d00000, 0x0000000704d00000|100%| O|  |TAMS 0x0000000704c00000, 0x0000000704c00000| Untracked 
|  13|0x0000000704d00000, 0x0000000704e00000, 0x0000000704e00000|100%| O|  |TAMS 0x0000000704d00000, 0x0000000704d00000| Untracked 
|  14|0x0000000704e00000, 0x0000000704f00000, 0x0000000704f00000|100%| O|  |TAMS 0x0000000704f00000, 0x0000000704e00000| Untracked 
|  15|0x0000000704f00000, 0x0000000705000000, 0x0000000705000000|100%| O|  |TAMS 0x0000000704f00000, 0x0000000704f00000| Untracked 
|  16|0x0000000705000000, 0x0000000705100000, 0x0000000705100000|100%| O|  |TAMS 0x0000000705000000, 0x0000000705000000| Untracked 
|  17|0x0000000705100000, 0x0000000705200000, 0x0000000705200000|100%| O|  |TAMS 0x0000000705100000, 0x0000000705100000| Untracked 
|  18|0x0000000705200000, 0x0000000705300000, 0x0000000705300000|100%| O|  |TAMS 0x0000000705200000, 0x0000000705200000| Untracked 
|  19|0x0000000705300000, 0x0000000705400000, 0x0000000705400000|100%| O|  |TAMS 0x0000000705300000, 0x0000000705300000| Untracked 
|  20|0x0000000705400000, 0x0000000705500000, 0x0000000705500000|100%| O|  |TAMS 0x0000000705400000, 0x0000000705400000| Untracked 
|  21|0x0000000705500000, 0x0000000705600000, 0x0000000705600000|100%| O|  |TAMS 0x0000000705600000, 0x0000000705500000| Untracked 
|  22|0x0000000705600000, 0x0000000705700000, 0x0000000705700000|100%| O|  |TAMS 0x0000000705600000, 0x0000000705600000| Untracked 
|  23|0x0000000705700000, 0x0000000705800000, 0x0000000705800000|100%| O|  |TAMS 0x0000000705800000, 0x0000000705700000| Untracked 
|  24|0x0000000705800000, 0x0000000705900000, 0x0000000705900000|100%| O|  |TAMS 0x0000000705800000, 0x0000000705800000| Untracked 
|  25|0x0000000705900000, 0x0000000705a00000, 0x0000000705a00000|100%| O|  |TAMS 0x0000000705900000, 0x0000000705900000| Untracked 
|  26|0x0000000705a00000, 0x0000000705b00000, 0x0000000705b00000|100%| O|  |TAMS 0x0000000705b00000, 0x0000000705a00000| Untracked 
|  27|0x0000000705b00000, 0x0000000705c00000, 0x0000000705c00000|100%| O|  |TAMS 0x0000000705b00000, 0x0000000705b00000| Untracked 
|  28|0x0000000705c00000, 0x0000000705d00000, 0x0000000705d00000|100%| O|  |TAMS 0x0000000705c00000, 0x0000000705c00000| Untracked 
|  29|0x0000000705d00000, 0x0000000705e00000, 0x0000000705e00000|100%| O|  |TAMS 0x0000000705d00000, 0x0000000705d00000| Untracked 
|  30|0x0000000705e00000, 0x0000000705f00000, 0x0000000705f00000|100%| O|  |TAMS 0x0000000705e00000, 0x0000000705e00000| Untracked 
|  31|0x0000000705f00000, 0x0000000706000000, 0x0000000706000000|100%| O|  |TAMS 0x0000000706000000, 0x0000000705f00000| Untracked 
|  32|0x0000000706000000, 0x0000000706100000, 0x0000000706100000|100%| O|  |TAMS 0x0000000706100000, 0x0000000706000000| Untracked 
|  33|0x0000000706100000, 0x0000000706200000, 0x0000000706200000|100%| O|  |TAMS 0x0000000706200000, 0x0000000706100000| Untracked 
|  34|0x0000000706200000, 0x0000000706300000, 0x0000000706300000|100%| O|  |TAMS 0x0000000706200000, 0x0000000706200000| Untracked 
|  35|0x0000000706300000, 0x0000000706400000, 0x0000000706400000|100%| O|  |TAMS 0x0000000706300000, 0x0000000706300000| Untracked 
|  36|0x0000000706400000, 0x0000000706500000, 0x0000000706500000|100%| O|  |TAMS 0x0000000706400000, 0x0000000706400000| Untracked 
|  37|0x0000000706500000, 0x0000000706600000, 0x0000000706600000|100%| O|  |TAMS 0x0000000706500000, 0x0000000706500000| Untracked 
|  38|0x0000000706600000, 0x0000000706700000, 0x0000000706700000|100%| O|  |TAMS 0x0000000706700000, 0x0000000706600000| Untracked 
|  39|0x0000000706700000, 0x0000000706800000, 0x0000000706800000|100%| O|  |TAMS 0x0000000706700000, 0x0000000706700000| Untracked 
|  40|0x0000000706800000, 0x0000000706900000, 0x0000000706900000|100%| O|  |TAMS 0x0000000706800000, 0x0000000706800000| Untracked 
|  41|0x0000000706900000, 0x0000000706a00000, 0x0000000706a00000|100%| O|  |TAMS 0x0000000706900000, 0x0000000706900000| Untracked 
|  42|0x0000000706a00000, 0x0000000706b00000, 0x0000000706b00000|100%| O|  |TAMS 0x0000000706a00000, 0x0000000706a00000| Untracked 
|  43|0x0000000706b00000, 0x0000000706c00000, 0x0000000706c00000|100%| O|  |TAMS 0x0000000706b00000, 0x0000000706b00000| Untracked 
|  44|0x0000000706c00000, 0x0000000706d00000, 0x0000000706d00000|100%| O|  |TAMS 0x0000000706c00000, 0x0000000706c00000| Untracked 
|  45|0x0000000706d00000, 0x0000000706e00000, 0x0000000706e00000|100%| O|  |TAMS 0x0000000706d00000, 0x0000000706d00000| Untracked 
|  46|0x0000000706e00000, 0x0000000706f00000, 0x0000000706f00000|100%| O|  |TAMS 0x0000000706e00000, 0x0000000706e00000| Untracked 
|  47|0x0000000706f00000, 0x0000000707000000, 0x0000000707000000|100%| O|  |TAMS 0x0000000707000000, 0x0000000706f00000| Untracked 
|  48|0x0000000707000000, 0x0000000707100000, 0x0000000707100000|100%| O|  |TAMS 0x0000000707100000, 0x0000000707000000| Untracked 
|  49|0x0000000707100000, 0x0000000707200000, 0x0000000707200000|100%| O|  |TAMS 0x0000000707200000, 0x0000000707100000| Untracked 
|  50|0x0000000707200000, 0x0000000707300000, 0x0000000707300000|100%| O|  |TAMS 0x0000000707200000, 0x0000000707200000| Untracked 
|  51|0x0000000707300000, 0x0000000707400000, 0x0000000707400000|100%| O|  |TAMS 0x0000000707300000, 0x0000000707300000| Untracked 
|  52|0x0000000707400000, 0x0000000707500000, 0x0000000707500000|100%| O|  |TAMS 0x0000000707400000, 0x0000000707400000| Untracked 
|  53|0x0000000707500000, 0x0000000707600000, 0x0000000707600000|100%| O|  |TAMS 0x0000000707500000, 0x0000000707500000| Untracked 
|  54|0x0000000707600000, 0x0000000707700000, 0x0000000707700000|100%| O|  |TAMS 0x0000000707600000, 0x0000000707600000| Untracked 
|  55|0x0000000707700000, 0x0000000707800000, 0x0000000707800000|100%| O|  |TAMS 0x0000000707700000, 0x0000000707700000| Untracked 
|  56|0x0000000707800000, 0x0000000707900000, 0x0000000707900000|100%| O|  |TAMS 0x0000000707900000, 0x0000000707800000| Untracked 
|  57|0x0000000707900000, 0x0000000707a00000, 0x0000000707a00000|100%| O|  |TAMS 0x0000000707a00000, 0x0000000707900000| Untracked 
|  58|0x0000000707a00000, 0x0000000707b00000, 0x0000000707b00000|100%| O|  |TAMS 0x0000000707a00000, 0x0000000707a00000| Untracked 
|  59|0x0000000707b00000, 0x0000000707c00000, 0x0000000707c00000|100%| O|  |TAMS 0x0000000707b00000, 0x0000000707b00000| Untracked 
|  60|0x0000000707c00000, 0x0000000707d00000, 0x0000000707d00000|100%| O|  |TAMS 0x0000000707c00000, 0x0000000707c00000| Untracked 
|  61|0x0000000707d00000, 0x0000000707e00000, 0x0000000707e00000|100%| O|  |TAMS 0x0000000707d00000, 0x0000000707d00000| Untracked 
|  62|0x0000000707e00000, 0x0000000707f00000, 0x0000000707f00000|100%| O|  |TAMS 0x0000000707e00000, 0x0000000707e00000| Untracked 
|  63|0x0000000707f00000, 0x0000000708000000, 0x0000000708000000|100%| O|  |TAMS 0x0000000707f00000, 0x0000000707f00000| Untracked 
|  64|0x0000000708000000, 0x0000000708100000, 0x0000000708100000|100%| O|  |TAMS 0x0000000708000000, 0x0000000708000000| Untracked 
|  65|0x0000000708100000, 0x0000000708200000, 0x0000000708200000|100%| O|  |TAMS 0x0000000708100000, 0x0000000708100000| Untracked 
|  66|0x0000000708200000, 0x0000000708300000, 0x0000000708300000|100%| O|  |TAMS 0x0000000708200000, 0x0000000708200000| Untracked 
|  67|0x0000000708300000, 0x0000000708400000, 0x0000000708400000|100%| O|  |TAMS 0x0000000708300000, 0x0000000708300000| Untracked 
|  68|0x0000000708400000, 0x0000000708500000, 0x0000000708500000|100%| O|  |TAMS 0x0000000708400000, 0x0000000708400000| Untracked 
|  69|0x0000000708500000, 0x0000000708600000, 0x0000000708600000|100%| O|  |TAMS 0x0000000708500000, 0x0000000708500000| Untracked 
|  70|0x0000000708600000, 0x0000000708700000, 0x0000000708700000|100%| O|  |TAMS 0x0000000708600000, 0x0000000708600000| Untracked 
|  71|0x0000000708700000, 0x0000000708800000, 0x0000000708800000|100%| O|  |TAMS 0x0000000708800000, 0x0000000708700000| Untracked 
|  72|0x0000000708800000, 0x0000000708900000, 0x0000000708900000|100%| O|  |TAMS 0x0000000708800000, 0x0000000708800000| Untracked 
|  73|0x0000000708900000, 0x0000000708a00000, 0x0000000708a00000|100%| O|  |TAMS 0x0000000708900000, 0x0000000708900000| Untracked 
|  74|0x0000000708a00000, 0x0000000708b00000, 0x0000000708b00000|100%| O|  |TAMS 0x0000000708b00000, 0x0000000708a00000| Untracked 
|  75|0x0000000708b00000, 0x0000000708c00000, 0x0000000708c00000|100%| O|  |TAMS 0x0000000708b00000, 0x0000000708b00000| Untracked 
|  76|0x0000000708c00000, 0x0000000708d00000, 0x0000000708d00000|100%| O|  |TAMS 0x0000000708d00000, 0x0000000708c00000| Untracked 
|  77|0x0000000708d00000, 0x0000000708e00000, 0x0000000708e00000|100%| O|  |TAMS 0x0000000708d00000, 0x0000000708d00000| Untracked 
|  78|0x0000000708e00000, 0x0000000708f00000, 0x0000000708f00000|100%| O|  |TAMS 0x0000000708e00000, 0x0000000708e00000| Untracked 
|  79|0x0000000708f00000, 0x0000000709000000, 0x0000000709000000|100%| O|  |TAMS 0x0000000709000000, 0x0000000708f00000| Untracked 
|  80|0x0000000709000000, 0x0000000709100000, 0x0000000709100000|100%| O|  |TAMS 0x0000000709000000, 0x0000000709000000| Untracked 
|  81|0x0000000709100000, 0x0000000709200000, 0x0000000709200000|100%| O|  |TAMS 0x0000000709100000, 0x0000000709100000| Untracked 
|  82|0x0000000709200000, 0x0000000709300000, 0x0000000709300000|100%| O|  |TAMS 0x0000000709200000, 0x0000000709200000| Untracked 
|  83|0x0000000709300000, 0x0000000709400000, 0x0000000709400000|100%| O|  |TAMS 0x0000000709300000, 0x0000000709300000| Untracked 
|  84|0x0000000709400000, 0x0000000709500000, 0x0000000709500000|100%| O|  |TAMS 0x0000000709400000, 0x0000000709400000| Untracked 
|  85|0x0000000709500000, 0x0000000709600000, 0x0000000709600000|100%| O|  |TAMS 0x0000000709500000, 0x0000000709500000| Untracked 
|  86|0x0000000709600000, 0x0000000709700000, 0x0000000709700000|100%| O|  |TAMS 0x0000000709600000, 0x0000000709600000| Untracked 
|  87|0x0000000709700000, 0x0000000709800000, 0x0000000709800000|100%| O|  |TAMS 0x0000000709800000, 0x0000000709700000| Untracked 
|  88|0x0000000709800000, 0x0000000709900000, 0x0000000709900000|100%| O|  |TAMS 0x0000000709800000, 0x0000000709800000| Untracked 
|  89|0x0000000709900000, 0x0000000709a00000, 0x0000000709a00000|100%| O|  |TAMS 0x0000000709900000, 0x0000000709900000| Untracked 
|  90|0x0000000709a00000, 0x0000000709b00000, 0x0000000709b00000|100%| O|  |TAMS 0x0000000709b00000, 0x0000000709a00000| Untracked 
|  91|0x0000000709b00000, 0x0000000709c00000, 0x0000000709c00000|100%| O|  |TAMS 0x0000000709c00000, 0x0000000709b00000| Untracked 
|  92|0x0000000709c00000, 0x0000000709d00000, 0x0000000709d00000|100%| O|  |TAMS 0x0000000709d00000, 0x0000000709c00000| Untracked 
|  93|0x0000000709d00000, 0x0000000709e00000, 0x0000000709e00000|100%| O|  |TAMS 0x0000000709d00000, 0x0000000709d00000| Untracked 
|  94|0x0000000709e00000, 0x0000000709f00000, 0x0000000709f00000|100%| O|  |TAMS 0x0000000709e00000, 0x0000000709e00000| Untracked 
|  95|0x0000000709f00000, 0x000000070a000000, 0x000000070a000000|100%| O|  |TAMS 0x0000000709f00000, 0x0000000709f00000| Untracked 
|  96|0x000000070a000000, 0x000000070a100000, 0x000000070a100000|100%| O|  |TAMS 0x000000070a100000, 0x000000070a000000| Untracked 
|  97|0x000000070a100000, 0x000000070a200000, 0x000000070a200000|100%| O|  |TAMS 0x000000070a100000, 0x000000070a100000| Untracked 
|  98|0x000000070a200000, 0x000000070a300000, 0x000000070a300000|100%| O|  |TAMS 0x000000070a300000, 0x000000070a200000| Untracked 
|  99|0x000000070a300000, 0x000000070a400000, 0x000000070a400000|100%| O|  |TAMS 0x000000070a300000, 0x000000070a300000| Untracked 
| 100|0x000000070a400000, 0x000000070a500000, 0x000000070a500000|100%| O|  |TAMS 0x000000070a400000, 0x000000070a400000| Untracked 
| 101|0x000000070a500000, 0x000000070a600000, 0x000000070a600000|100%| O|  |TAMS 0x000000070a600000, 0x000000070a500000| Untracked 
| 102|0x000000070a600000, 0x000000070a700000, 0x000000070a700000|100%| O|  |TAMS 0x000000070a600000, 0x000000070a600000| Untracked 
| 103|0x000000070a700000, 0x000000070a800000, 0x000000070a800000|100%| O|  |TAMS 0x000000070a700000, 0x000000070a700000| Untracked 
| 104|0x000000070a800000, 0x000000070a900000, 0x000000070a900000|100%| O|  |TAMS 0x000000070a900000, 0x000000070a800000| Untracked 
| 105|0x000000070a900000, 0x000000070aa00000, 0x000000070aa00000|100%| O|  |TAMS 0x000000070aa00000, 0x000000070a900000| Untracked 
| 106|0x000000070aa00000, 0x000000070ab00000, 0x000000070ab00000|100%| O|  |TAMS 0x000000070aa00000, 0x000000070aa00000| Untracked 
| 107|0x000000070ab00000, 0x000000070ac00000, 0x000000070ac00000|100%| O|  |TAMS 0x000000070ab00000, 0x000000070ab00000| Untracked 
| 108|0x000000070ac00000, 0x000000070ad00000, 0x000000070ad00000|100%| O|  |TAMS 0x000000070ad00000, 0x000000070ac00000| Untracked 
| 109|0x000000070ad00000, 0x000000070ae00000, 0x000000070ae00000|100%| O|  |TAMS 0x000000070ad00000, 0x000000070ad00000| Untracked 
| 110|0x000000070ae00000, 0x000000070af00000, 0x000000070af00000|100%| O|  |TAMS 0x000000070af00000, 0x000000070ae00000| Untracked 
| 111|0x000000070af00000, 0x000000070b000000, 0x000000070b000000|100%| O|  |TAMS 0x000000070b000000, 0x000000070af00000| Untracked 
| 112|0x000000070b000000, 0x000000070b100000, 0x000000070b100000|100%| O|  |TAMS 0x000000070b000000, 0x000000070b000000| Untracked 
| 113|0x000000070b100000, 0x000000070b200000, 0x000000070b200000|100%| O|  |TAMS 0x000000070b200000, 0x000000070b100000| Untracked 
| 114|0x000000070b200000, 0x000000070b300000, 0x000000070b300000|100%| O|  |TAMS 0x000000070b200000, 0x000000070b200000| Untracked 
| 115|0x000000070b300000, 0x000000070b400000, 0x000000070b400000|100%| O|  |TAMS 0x000000070b400000, 0x000000070b300000| Untracked 
| 116|0x000000070b400000, 0x000000070b4c4400, 0x000000070b500000| 76%| O|  |TAMS 0x000000070b400000, 0x000000070b400000| Untracked 
| 117|0x000000070b500000, 0x000000070b600000, 0x000000070b600000|100%| O|  |TAMS 0x000000070b600000, 0x000000070b500000| Untracked 
| 118|0x000000070b600000, 0x000000070b600000, 0x000000070b700000|  0%| F|  |TAMS 0x000000070b600000, 0x000000070b600000| Untracked 
| 119|0x000000070b700000, 0x000000070b800000, 0x000000070b800000|100%| O|  |TAMS 0x000000070b800000, 0x000000070b700000| Untracked 
| 120|0x000000070b800000, 0x000000070b800000, 0x000000070b900000|  0%| F|  |TAMS 0x000000070b800000, 0x000000070b800000| Untracked 
| 121|0x000000070b900000, 0x000000070b900000, 0x000000070ba00000|  0%| F|  |TAMS 0x000000070b900000, 0x000000070b900000| Untracked 
| 122|0x000000070ba00000, 0x000000070bb00000, 0x000000070bb00000|100%| O|  |TAMS 0x000000070bb00000, 0x000000070ba00000| Untracked 
| 123|0x000000070bb00000, 0x000000070bb00000, 0x000000070bc00000|  0%| F|  |TAMS 0x000000070bb00000, 0x000000070bb00000| Untracked 
| 124|0x000000070bc00000, 0x000000070bc00000, 0x000000070bd00000|  0%| F|  |TAMS 0x000000070bc00000, 0x000000070bc00000| Untracked 
| 125|0x000000070bd00000, 0x000000070be00000, 0x000000070be00000|100%| O|  |TAMS 0x000000070be00000, 0x000000070bd00000| Untracked 
| 126|0x000000070be00000, 0x000000070be00000, 0x000000070bf00000|  0%| F|  |TAMS 0x000000070be00000, 0x000000070be00000| Untracked 
| 127|0x000000070bf00000, 0x000000070bf00000, 0x000000070c000000|  0%| F|  |TAMS 0x000000070bf00000, 0x000000070bf00000| Untracked 
| 128|0x000000070c000000, 0x000000070c000000, 0x000000070c100000|  0%| F|  |TAMS 0x000000070c000000, 0x000000070c000000| Untracked 
| 129|0x000000070c100000, 0x000000070c100000, 0x000000070c200000|  0%| F|  |TAMS 0x000000070c100000, 0x000000070c100000| Untracked 
| 130|0x000000070c200000, 0x000000070c300000, 0x000000070c300000|100%| O|  |TAMS 0x000000070c300000, 0x000000070c200000| Untracked 
| 131|0x000000070c300000, 0x000000070c300000, 0x000000070c400000|  0%| F|  |TAMS 0x000000070c300000, 0x000000070c300000| Untracked 
| 132|0x000000070c400000, 0x000000070c500000, 0x000000070c500000|100%| O|  |TAMS 0x000000070c500000, 0x000000070c400000| Untracked 
| 133|0x000000070c500000, 0x000000070c600000, 0x000000070c600000|100%| O|  |TAMS 0x000000070c600000, 0x000000070c500000| Untracked 
| 134|0x000000070c600000, 0x000000070c700000, 0x000000070c700000|100%| O|  |TAMS 0x000000070c700000, 0x000000070c600000| Untracked 
| 135|0x000000070c700000, 0x000000070c700000, 0x000000070c800000|  0%| F|  |TAMS 0x000000070c700000, 0x000000070c700000| Untracked 
| 136|0x000000070c800000, 0x000000070c900000, 0x000000070c900000|100%| O|  |TAMS 0x000000070c900000, 0x000000070c800000| Untracked 
| 137|0x000000070c900000, 0x000000070ca00000, 0x000000070ca00000|100%| O|  |TAMS 0x000000070ca00000, 0x000000070c900000| Untracked 
| 138|0x000000070ca00000, 0x000000070cb00000, 0x000000070cb00000|100%| O|  |TAMS 0x000000070cb00000, 0x000000070ca00000| Untracked 
| 139|0x000000070cb00000, 0x000000070cb00000, 0x000000070cc00000|  0%| F|  |TAMS 0x000000070cb00000, 0x000000070cb00000| Untracked 
| 140|0x000000070cc00000, 0x000000070cc00000, 0x000000070cd00000|  0%| F|  |TAMS 0x000000070cc00000, 0x000000070cc00000| Untracked 
| 141|0x000000070cd00000, 0x000000070cd00000, 0x000000070ce00000|  0%| F|  |TAMS 0x000000070cd00000, 0x000000070cd00000| Untracked 
| 142|0x000000070ce00000, 0x000000070ce00000, 0x000000070cf00000|  0%| F|  |TAMS 0x000000070ce00000, 0x000000070ce00000| Untracked 
| 143|0x000000070cf00000, 0x000000070cf00000, 0x000000070d000000|  0%| F|  |TAMS 0x000000070cf00000, 0x000000070cf00000| Untracked 
| 144|0x000000070d000000, 0x000000070d000000, 0x000000070d100000|  0%| F|  |TAMS 0x000000070d000000, 0x000000070d000000| Untracked 
| 145|0x000000070d100000, 0x000000070d200000, 0x000000070d200000|100%| O|  |TAMS 0x000000070d200000, 0x000000070d100000| Untracked 
| 146|0x000000070d200000, 0x000000070d300000, 0x000000070d300000|100%| O|  |TAMS 0x000000070d300000, 0x000000070d200000| Untracked 
| 147|0x000000070d300000, 0x000000070d400000, 0x000000070d400000|100%| O|  |TAMS 0x000000070d400000, 0x000000070d300000| Untracked 
| 148|0x000000070d400000, 0x000000070d500000, 0x000000070d500000|100%| O|  |TAMS 0x000000070d500000, 0x000000070d400000| Untracked 
| 149|0x000000070d500000, 0x000000070d500000, 0x000000070d600000|  0%| F|  |TAMS 0x000000070d500000, 0x000000070d500000| Untracked 
| 150|0x000000070d600000, 0x000000070d600000, 0x000000070d700000|  0%| F|  |TAMS 0x000000070d600000, 0x000000070d600000| Untracked 
| 151|0x000000070d700000, 0x000000070d700000, 0x000000070d800000|  0%| F|  |TAMS 0x000000070d700000, 0x000000070d700000| Untracked 
| 152|0x000000070d800000, 0x000000070d800000, 0x000000070d900000|  0%| F|  |TAMS 0x000000070d800000, 0x000000070d800000| Untracked 
| 153|0x000000070d900000, 0x000000070da00000, 0x000000070da00000|100%| O|  |TAMS 0x000000070da00000, 0x000000070d900000| Untracked 
| 154|0x000000070da00000, 0x000000070db00000, 0x000000070db00000|100%| O|  |TAMS 0x000000070db00000, 0x000000070da00000| Untracked 
| 155|0x000000070db00000, 0x000000070dc00000, 0x000000070dc00000|100%| O|  |TAMS 0x000000070dc00000, 0x000000070db00000| Untracked 
| 156|0x000000070dc00000, 0x000000070dd00000, 0x000000070dd00000|100%| O|  |TAMS 0x000000070dd00000, 0x000000070dc00000| Untracked 
| 157|0x000000070dd00000, 0x000000070dd00000, 0x000000070de00000|  0%| F|  |TAMS 0x000000070dd00000, 0x000000070dd00000| Untracked 
| 158|0x000000070de00000, 0x000000070df00000, 0x000000070df00000|100%| O|  |TAMS 0x000000070df00000, 0x000000070de00000| Untracked 
| 159|0x000000070df00000, 0x000000070df00000, 0x000000070e000000|  0%| F|  |TAMS 0x000000070df00000, 0x000000070df00000| Untracked 
| 160|0x000000070e000000, 0x000000070e000000, 0x000000070e100000|  0%| F|  |TAMS 0x000000070e000000, 0x000000070e000000| Untracked 
| 161|0x000000070e100000, 0x000000070e200000, 0x000000070e200000|100%| O|  |TAMS 0x000000070e200000, 0x000000070e100000| Untracked 
| 162|0x000000070e200000, 0x000000070e200000, 0x000000070e300000|  0%| F|  |TAMS 0x000000070e200000, 0x000000070e200000| Untracked 
| 163|0x000000070e300000, 0x000000070e300000, 0x000000070e400000|  0%| F|  |TAMS 0x000000070e300000, 0x000000070e300000| Untracked 
| 164|0x000000070e400000, 0x000000070e500000, 0x000000070e500000|100%| O|  |TAMS 0x000000070e500000, 0x000000070e400000| Untracked 
| 165|0x000000070e500000, 0x000000070e500000, 0x000000070e600000|  0%| F|  |TAMS 0x000000070e500000, 0x000000070e500000| Untracked 
| 166|0x000000070e600000, 0x000000070e600000, 0x000000070e700000|  0%| F|  |TAMS 0x000000070e600000, 0x000000070e600000| Untracked 
| 167|0x000000070e700000, 0x000000070e700000, 0x000000070e800000|  0%| F|  |TAMS 0x000000070e700000, 0x000000070e700000| Untracked 
| 168|0x000000070e800000, 0x000000070e900000, 0x000000070e900000|100%| O|  |TAMS 0x000000070e900000, 0x000000070e800000| Untracked 
| 169|0x000000070e900000, 0x000000070e900000, 0x000000070ea00000|  0%| F|  |TAMS 0x000000070e900000, 0x000000070e900000| Untracked 
| 170|0x000000070ea00000, 0x000000070ea00000, 0x000000070eb00000|  0%| F|  |TAMS 0x000000070ea00000, 0x000000070ea00000| Untracked 
| 171|0x000000070eb00000, 0x000000070eb00000, 0x000000070ec00000|  0%| F|  |TAMS 0x000000070eb00000, 0x000000070eb00000| Untracked 
| 172|0x000000070ec00000, 0x000000070ec00000, 0x000000070ed00000|  0%| F|  |TAMS 0x000000070ec00000, 0x000000070ec00000| Untracked 
| 173|0x000000070ed00000, 0x000000070ed00000, 0x000000070ee00000|  0%| F|  |TAMS 0x000000070ed00000, 0x000000070ed00000| Untracked 
| 174|0x000000070ee00000, 0x000000070ee00000, 0x000000070ef00000|  0%| F|  |TAMS 0x000000070ee00000, 0x000000070ee00000| Untracked 
| 175|0x000000070ef00000, 0x000000070f000000, 0x000000070f000000|100%| O|  |TAMS 0x000000070f000000, 0x000000070ef00000| Untracked 
| 176|0x000000070f000000, 0x000000070f100000, 0x000000070f100000|100%| O|  |TAMS 0x000000070f100000, 0x000000070f000000| Untracked 
| 177|0x000000070f100000, 0x000000070f200000, 0x000000070f200000|100%| O|  |TAMS 0x000000070f200000, 0x000000070f100000| Untracked 
| 178|0x000000070f200000, 0x000000070f200000, 0x000000070f300000|  0%| F|  |TAMS 0x000000070f200000, 0x000000070f200000| Untracked 
| 179|0x000000070f300000, 0x000000070f300000, 0x000000070f400000|  0%| F|  |TAMS 0x000000070f300000, 0x000000070f300000| Untracked 
| 180|0x000000070f400000, 0x000000070f400000, 0x000000070f500000|  0%| F|  |TAMS 0x000000070f400000, 0x000000070f400000| Untracked 
| 181|0x000000070f500000, 0x000000070f600000, 0x000000070f600000|100%| O|  |TAMS 0x000000070f600000, 0x000000070f500000| Untracked 
| 182|0x000000070f600000, 0x000000070f600000, 0x000000070f700000|  0%| F|  |TAMS 0x000000070f600000, 0x000000070f600000| Untracked 
| 183|0x000000070f700000, 0x000000070f800000, 0x000000070f800000|100%| O|  |TAMS 0x000000070f800000, 0x000000070f700000| Untracked 
| 184|0x000000070f800000, 0x000000070f800000, 0x000000070f900000|  0%| F|  |TAMS 0x000000070f800000, 0x000000070f800000| Untracked 
| 185|0x000000070f900000, 0x000000070f900000, 0x000000070fa00000|  0%| F|  |TAMS 0x000000070f900000, 0x000000070f900000| Untracked 
| 186|0x000000070fa00000, 0x000000070fa00000, 0x000000070fb00000|  0%| F|  |TAMS 0x000000070fa00000, 0x000000070fa00000| Untracked 
| 187|0x000000070fb00000, 0x000000070fc00000, 0x000000070fc00000|100%| O|  |TAMS 0x000000070fc00000, 0x000000070fb00000| Untracked 
| 188|0x000000070fc00000, 0x000000070fc00000, 0x000000070fd00000|  0%| F|  |TAMS 0x000000070fc00000, 0x000000070fc00000| Untracked 
| 189|0x000000070fd00000, 0x000000070fd00000, 0x000000070fe00000|  0%| F|  |TAMS 0x000000070fd00000, 0x000000070fd00000| Untracked 
| 190|0x000000070fe00000, 0x000000070ff00000, 0x000000070ff00000|100%| O|  |TAMS 0x000000070ff00000, 0x000000070fe00000| Untracked 
| 191|0x000000070ff00000, 0x0000000710000000, 0x0000000710000000|100%| O|  |TAMS 0x0000000710000000, 0x000000070ff00000| Untracked 
| 192|0x0000000710000000, 0x0000000710100000, 0x0000000710100000|100%| O|  |TAMS 0x0000000710100000, 0x0000000710000000| Untracked 
| 193|0x0000000710100000, 0x0000000710200000, 0x0000000710200000|100%| O|  |TAMS 0x0000000710200000, 0x0000000710100000| Untracked 
| 194|0x0000000710200000, 0x0000000710300000, 0x0000000710300000|100%| O|  |TAMS 0x0000000710300000, 0x0000000710200000| Untracked 
| 195|0x0000000710300000, 0x0000000710400000, 0x0000000710400000|100%| O|  |TAMS 0x0000000710400000, 0x0000000710300000| Untracked 
| 196|0x0000000710400000, 0x0000000710400000, 0x0000000710500000|  0%| F|  |TAMS 0x0000000710400000, 0x0000000710400000| Untracked 
| 197|0x0000000710500000, 0x0000000710500000, 0x0000000710600000|  0%| F|  |TAMS 0x0000000710500000, 0x0000000710500000| Untracked 
| 198|0x0000000710600000, 0x0000000710700000, 0x0000000710700000|100%| O|  |TAMS 0x0000000710700000, 0x0000000710600000| Untracked 
| 199|0x0000000710700000, 0x0000000710800000, 0x0000000710800000|100%| O|  |TAMS 0x0000000710800000, 0x0000000710700000| Untracked 
| 200|0x0000000710800000, 0x0000000710800000, 0x0000000710900000|  0%| F|  |TAMS 0x0000000710800000, 0x0000000710800000| Untracked 
| 201|0x0000000710900000, 0x0000000710900000, 0x0000000710a00000|  0%| F|  |TAMS 0x0000000710900000, 0x0000000710900000| Untracked 
| 202|0x0000000710a00000, 0x0000000710a00000, 0x0000000710b00000|  0%| F|  |TAMS 0x0000000710a00000, 0x0000000710a00000| Untracked 
| 203|0x0000000710b00000, 0x0000000710c00000, 0x0000000710c00000|100%| O|  |TAMS 0x0000000710c00000, 0x0000000710b00000| Untracked 
| 204|0x0000000710c00000, 0x0000000710c00000, 0x0000000710d00000|  0%| F|  |TAMS 0x0000000710c00000, 0x0000000710c00000| Untracked 
| 205|0x0000000710d00000, 0x0000000710e00000, 0x0000000710e00000|100%| O|  |TAMS 0x0000000710e00000, 0x0000000710d00000| Untracked 
| 206|0x0000000710e00000, 0x0000000710f00000, 0x0000000710f00000|100%| O|  |TAMS 0x0000000710f00000, 0x0000000710e00000| Untracked 
| 207|0x0000000710f00000, 0x0000000710f00000, 0x0000000711000000|  0%| F|  |TAMS 0x0000000710f00000, 0x0000000710f00000| Untracked 
| 208|0x0000000711000000, 0x0000000711000000, 0x0000000711100000|  0%| F|  |TAMS 0x0000000711000000, 0x0000000711000000| Untracked 
| 209|0x0000000711100000, 0x0000000711100000, 0x0000000711200000|  0%| F|  |TAMS 0x0000000711100000, 0x0000000711100000| Untracked 
| 210|0x0000000711200000, 0x0000000711300000, 0x0000000711300000|100%| O|  |TAMS 0x00000007112ef200, 0x0000000711200000| Untracked 
| 211|0x0000000711300000, 0x0000000711300000, 0x0000000711400000|  0%| F|  |TAMS 0x0000000711300000, 0x0000000711300000| Untracked 
| 212|0x0000000711400000, 0x0000000711400000, 0x0000000711500000|  0%| F|  |TAMS 0x0000000711400000, 0x0000000711400000| Untracked 
| 213|0x0000000711500000, 0x0000000711500000, 0x0000000711600000|  0%| F|  |TAMS 0x0000000711500000, 0x0000000711500000| Untracked 
| 214|0x0000000711600000, 0x0000000711600000, 0x0000000711700000|  0%| F|  |TAMS 0x0000000711600000, 0x0000000711600000| Untracked 
| 215|0x0000000711700000, 0x0000000711800000, 0x0000000711800000|100%| O|  |TAMS 0x0000000711800000, 0x0000000711700000| Untracked 
| 216|0x0000000711800000, 0x0000000711800000, 0x0000000711900000|  0%| F|  |TAMS 0x0000000711800000, 0x0000000711800000| Untracked 
| 217|0x0000000711900000, 0x0000000711900000, 0x0000000711a00000|  0%| F|  |TAMS 0x0000000711900000, 0x0000000711900000| Untracked 
| 218|0x0000000711a00000, 0x0000000711a00000, 0x0000000711b00000|  0%| F|  |TAMS 0x0000000711a00000, 0x0000000711a00000| Untracked 
| 219|0x0000000711b00000, 0x0000000711b00000, 0x0000000711c00000|  0%| F|  |TAMS 0x0000000711b00000, 0x0000000711b00000| Untracked 
| 220|0x0000000711c00000, 0x0000000711c00000, 0x0000000711d00000|  0%| F|  |TAMS 0x0000000711c00000, 0x0000000711c00000| Untracked 
| 221|0x0000000711d00000, 0x0000000711e00000, 0x0000000711e00000|100%| S|CS|TAMS 0x0000000711d00000, 0x0000000711d00000| Complete 
| 222|0x0000000711e00000, 0x0000000711f00000, 0x0000000711f00000|100%| S|CS|TAMS 0x0000000711e00000, 0x0000000711e00000| Complete 
| 223|0x0000000711f00000, 0x0000000712000000, 0x0000000712000000|100%| S|CS|TAMS 0x0000000711f00000, 0x0000000711f00000| Complete 
| 224|0x0000000712000000, 0x0000000712100000, 0x0000000712100000|100%| S|CS|TAMS 0x0000000712000000, 0x0000000712000000| Complete 
| 225|0x0000000712100000, 0x0000000712100000, 0x0000000712200000|  0%| F|  |TAMS 0x0000000712100000, 0x0000000712100000| Untracked 
| 226|0x0000000712200000, 0x0000000712200000, 0x0000000712300000|  0%| F|  |TAMS 0x0000000712200000, 0x0000000712200000| Untracked 
| 227|0x0000000712300000, 0x0000000712300000, 0x0000000712400000|  0%| F|  |TAMS 0x0000000712300000, 0x0000000712300000| Untracked 
| 228|0x0000000712400000, 0x0000000712400000, 0x0000000712500000|  0%| F|  |TAMS 0x0000000712400000, 0x0000000712400000| Untracked 
| 229|0x0000000712500000, 0x0000000712500000, 0x0000000712600000|  0%| F|  |TAMS 0x0000000712500000, 0x0000000712500000| Untracked 
| 230|0x0000000712600000, 0x0000000712600000, 0x0000000712700000|  0%| F|  |TAMS 0x0000000712600000, 0x0000000712600000| Untracked 
| 231|0x0000000712700000, 0x0000000712700000, 0x0000000712800000|  0%| F|  |TAMS 0x0000000712700000, 0x0000000712700000| Untracked 
| 232|0x0000000712800000, 0x0000000712800000, 0x0000000712900000|  0%| F|  |TAMS 0x0000000712800000, 0x0000000712800000| Untracked 
| 233|0x0000000712900000, 0x0000000712900000, 0x0000000712a00000|  0%| F|  |TAMS 0x0000000712900000, 0x0000000712900000| Untracked 
| 234|0x0000000712a00000, 0x0000000712a76960, 0x0000000712b00000| 46%| E|  |TAMS 0x0000000712a00000, 0x0000000712a00000| Complete 
| 235|0x0000000712b00000, 0x0000000712c00000, 0x0000000712c00000|100%| E|CS|TAMS 0x0000000712b00000, 0x0000000712b00000| Complete 
| 236|0x0000000712c00000, 0x0000000712d00000, 0x0000000712d00000|100%| E|CS|TAMS 0x0000000712c00000, 0x0000000712c00000| Complete 
| 237|0x0000000712d00000, 0x0000000712e00000, 0x0000000712e00000|100%| E|CS|TAMS 0x0000000712d00000, 0x0000000712d00000| Complete 
| 238|0x0000000712e00000, 0x0000000712f00000, 0x0000000712f00000|100%| E|CS|TAMS 0x0000000712e00000, 0x0000000712e00000| Complete 
| 239|0x0000000712f00000, 0x0000000713000000, 0x0000000713000000|100%| E|  |TAMS 0x0000000712f00000, 0x0000000712f00000| Complete 
| 240|0x0000000713000000, 0x0000000713100000, 0x0000000713100000|100%| E|CS|TAMS 0x0000000713000000, 0x0000000713000000| Complete 
| 241|0x0000000713100000, 0x0000000713200000, 0x0000000713200000|100%| E|CS|TAMS 0x0000000713100000, 0x0000000713100000| Complete 
| 242|0x0000000713200000, 0x0000000713300000, 0x0000000713300000|100%| E|CS|TAMS 0x0000000713200000, 0x0000000713200000| Complete 
| 243|0x0000000713300000, 0x0000000713400000, 0x0000000713400000|100%| E|CS|TAMS 0x0000000713300000, 0x0000000713300000| Complete 
| 244|0x0000000713400000, 0x0000000713500000, 0x0000000713500000|100%| E|CS|TAMS 0x0000000713400000, 0x0000000713400000| Complete 
| 245|0x0000000713500000, 0x0000000713600000, 0x0000000713600000|100%| E|CS|TAMS 0x0000000713500000, 0x0000000713500000| Complete 
| 246|0x0000000713600000, 0x0000000713700000, 0x0000000713700000|100%| E|CS|TAMS 0x0000000713600000, 0x0000000713600000| Complete 
| 247|0x0000000713700000, 0x0000000713800000, 0x0000000713800000|100%| E|CS|TAMS 0x0000000713700000, 0x0000000713700000| Complete 
| 248|0x0000000713800000, 0x0000000713900000, 0x0000000713900000|100%| E|CS|TAMS 0x0000000713800000, 0x0000000713800000| Complete 
| 249|0x0000000713900000, 0x0000000713a00000, 0x0000000713a00000|100%| E|CS|TAMS 0x0000000713900000, 0x0000000713900000| Complete 
| 250|0x0000000713a00000, 0x0000000713b00000, 0x0000000713b00000|100%| E|CS|TAMS 0x0000000713a00000, 0x0000000713a00000| Complete 
| 251|0x0000000713b00000, 0x0000000713c00000, 0x0000000713c00000|100%| E|CS|TAMS 0x0000000713b00000, 0x0000000713b00000| Complete 

Card table byte_map: [0x000001af64ea0000,0x000001af65680000] _byte_map_base: 0x000001af61680000

Marking Bits (Prev, Next): (CMBitMap*) 0x000001af4ca6cee0, (CMBitMap*) 0x000001af4ca6cea8
 Prev Bits: [0x000001af69d60000, 0x000001af6dc60000)
 Next Bits: [0x000001af65e60000, 0x000001af69d60000)

Polling page: 0x000001af4a9d0000

Metaspace:

Usage:
  Non-class:     18.06 MB capacity,    17.87 MB ( 99%) used,   157.81 KB ( <1%) free+waste,    29.62 KB ( <1%) overhead. 
      Class:      1.80 MB capacity,     1.70 MB ( 94%) used,    97.71 KB (  5%) free+waste,    11.19 KB ( <1%) overhead. 
       Both:     19.86 MB capacity,    19.57 MB ( 99%) used,   255.52 KB (  1%) free+waste,    40.81 KB ( <1%) overhead. 

Virtual space:
  Non-class space:       20.00 MB reserved,      18.25 MB ( 91%) committed 
      Class space:        1.00 GB reserved,       1.88 MB ( <1%) committed 
             Both:        1.02 GB reserved,      20.12 MB (  2%) committed 

Chunk freelists:
   Non-Class:  135.00 KB
       Class:  45.00 KB
        Both:  180.00 KB

MaxMetaspaceSize: 17179869184.00 GB
CompressedClassSpaceSize: 1.00 GB
Initial GC threshold: 20.80 MB
Current GC threshold: 33.54 MB
CDS: off

CodeHeap 'non-profiled nmethods': size=120000Kb used=3813Kb max_used=3813Kb free=116187Kb
 bounds [0x000001af5cc40000, 0x000001af5d000000, 0x000001af64170000]
CodeHeap 'profiled nmethods': size=120000Kb used=12221Kb max_used=12221Kb free=107778Kb
 bounds [0x000001af55710000, 0x000001af56300000, 0x000001af5cc40000]
CodeHeap 'non-nmethods': size=5760Kb used=1185Kb max_used=1226Kb free=4574Kb
 bounds [0x000001af55170000, 0x000001af553e0000, 0x000001af55710000]
 total_blobs=5589 nmethods=5144 adapters=357
 compilation: enabled
              stopped_count=0, restarted_count=0
 full_count=0

Compilation events (20 events):
Event: 9529.500 Thread 0x000001af71376000 nmethod 5194 0x000001af562fd710 code [0x000001af562fd8e0, 0x000001af562fdbe8]
Event: 9572.542 Thread 0x000001af7136d000 5195   !   4       java.net.URI::encode (143 bytes)
Event: 9572.553 Thread 0x000001af7136d000 nmethod 5195 0x000001af5cff4690 code [0x000001af5cff4840, 0x000001af5cff4bf8]
Event: 9595.412 Thread 0x000001af71376000 5196   !   3       jdk.internal.reflect.GeneratedConstructorAccessor12::newInstance (49 bytes)
Event: 9595.413 Thread 0x000001af71376000 nmethod 5196 0x000001af562fdd90 code [0x000001af562fdfa0, 0x000001af562fe488]
Event: 9617.191 Thread 0x000001af71376000 5197   !   3       sun.security.ssl.ServerHello::setUpPskKD (98 bytes)
Event: 9617.192 Thread 0x000001af71376000 nmethod 5197 0x000001af562fe710 code [0x000001af562fe960, 0x000001af562ff078]
Event: 9650.071 Thread 0x000001af7136d000 5198       4       java.util.regex.CharPredicates$$Lambda$12/0x0000000800062c40::is (5 bytes)
Event: 9650.073 Thread 0x000001af7136d000 nmethod 5198 0x000001af5cff4f10 code [0x000001af5cff50a0, 0x000001af5cff5178]
Event: 9671.028 Thread 0x000001af7136d000 5199       4       sun.security.ssl.HandshakeHash$T13HandshakeHash::digest (10 bytes)
Event: 9671.043 Thread 0x000001af7136d000 nmethod 5199 0x000001af5cff5290 code [0x000001af5cff54c0, 0x000001af5cff6638]
Event: 9692.445 Thread 0x000001af7136d000 5200       4       sun.security.ssl.BaseSSLSocketImpl::isConnected (21 bytes)
Event: 9692.446 Thread 0x000001af7136d000 nmethod 5200 0x000001af5cff7210 code [0x000001af5cff73a0, 0x000001af5cff7458]
Event: 9703.237 Thread 0x000001af7136d000 5201       4       java.util.ArrayList::toArray (12 bytes)
Event: 9703.238 Thread 0x000001af7136d000 nmethod 5201 0x000001af5cff7510 code [0x000001af5cff76a0, 0x000001af5cff78b8]
Event: 9747.100 Thread 0x000001af7136d000 5202       4       org.jsoup.helper.HttpConnection$Response::processResponseHeaders (111 bytes)
Event: 9747.109 Thread 0x000001af7136d000 nmethod 5202 0x000001af5cff7a10 code [0x000001af5cff7c00, 0x000001af5cff82b8]
Event: 9812.632 Thread 0x000001af7136d000 5203       4       org.jsoup.parser.Token$Tag::<init> (63 bytes)
Event: 9812.641 Thread 0x000001af7136d000 nmethod 5203 0x000001af5cff8b10 code [0x000001af5cff8cc0, 0x000001af5cff92b8]
Event: 9855.874 Thread 0x000001af7136d000 5204 %     4       sun.security.ssl.PreSharedKeyExtension$PartialClientHelloMessage::send @ 60 (176 bytes)

GC Heap History (20 events):
Event: 9617.806 GC heap before
{Heap before GC invocations=299 (full 0):
 garbage-first heap   total 258048K, used 215290K [0x0000000704000000, 0x0000000800000000)
  region size 1024K, 12 young (12288K), 2 survivors (2048K)
 Metaspace       used 20037K, capacity 20334K, committed 20608K, reserved 1069056K
  class space    used 1736K, capacity 1845K, committed 1920K, reserved 1048576K
}
Event: 9617.813 GC heap after
{Heap after GC invocations=300 (full 0):
 garbage-first heap   total 258048K, used 210944K [0x0000000704000000, 0x0000000800000000)
  region size 1024K, 2 young (2048K), 2 survivors (2048K)
 Metaspace       used 20037K, capacity 20334K, committed 20608K, reserved 1069056K
  class space    used 1736K, capacity 1845K, committed 1920K, reserved 1048576K
}
Event: 9628.535 GC heap before
{Heap before GC invocations=300 (full 0):
 garbage-first heap   total 258048K, used 220160K [0x0000000704000000, 0x0000000800000000)
  region size 1024K, 12 young (12288K), 2 survivors (2048K)
 Metaspace       used 20037K, capacity 20334K, committed 20608K, reserved 1069056K
  class space    used 1736K, capacity 1845K, committed 1920K, reserved 1048576K
}
Event: 9628.538 GC heap after
{Heap after GC invocations=301 (full 0):
 garbage-first heap   total 258048K, used 216981K [0x0000000704000000, 0x0000000800000000)
  region size 1024K, 2 young (2048K), 2 survivors (2048K)
 Metaspace       used 20037K, capacity 20334K, committed 20608K, reserved 1069056K
  class space    used 1736K, capacity 1845K, committed 1920K, reserved 1048576K
}
Event: 9650.076 GC heap before
{Heap before GC invocations=301 (full 0):
 garbage-first heap   total 258048K, used 226197K [0x0000000704000000, 0x0000000800000000)
  region size 1024K, 12 young (12288K), 2 survivors (2048K)
 Metaspace       used 20037K, capacity 20334K, committed 20608K, reserved 1069056K
  class space    used 1736K, capacity 1845K, committed 1920K, reserved 1048576K
}
Event: 9650.083 GC heap after
{Heap after GC invocations=302 (full 0):
 garbage-first heap   total 258048K, used 221116K [0x0000000704000000, 0x0000000800000000)
  region size 1024K, 2 young (2048K), 2 survivors (2048K)
 Metaspace       used 20037K, capacity 20334K, committed 20608K, reserved 1069056K
  class space    used 1736K, capacity 1845K, committed 1920K, reserved 1048576K
}
Event: 9660.963 GC heap before
{Heap before GC invocations=303 (full 0):
 garbage-first heap   total 258048K, used 193468K [0x0000000704000000, 0x0000000800000000)
  region size 1024K, 12 young (12288K), 2 survivors (2048K)
 Metaspace       used 20037K, capacity 20334K, committed 20608K, reserved 1069056K
  class space    used 1736K, capacity 1845K, committed 1920K, reserved 1048576K
}
Event: 9660.969 GC heap after
{Heap after GC invocations=304 (full 0):
 garbage-first heap   total 258048K, used 189878K [0x0000000704000000, 0x0000000800000000)
  region size 1024K, 2 young (2048K), 2 survivors (2048K)
 Metaspace       used 20037K, capacity 20334K, committed 20608K, reserved 1069056K
  class space    used 1736K, capacity 1845K, committed 1920K, reserved 1048576K
}
Event: 9682.380 GC heap before
{Heap before GC invocations=304 (full 0):
 garbage-first heap   total 258048K, used 199094K [0x0000000704000000, 0x0000000800000000)
  region size 1024K, 12 young (12288K), 2 survivors (2048K)
 Metaspace       used 20037K, capacity 20334K, committed 20608K, reserved 1069056K
  class space    used 1736K, capacity 1845K, committed 1920K, reserved 1048576K
}
Event: 9682.387 GC heap after
{Heap after GC invocations=305 (full 0):
 garbage-first heap   total 258048K, used 169105K [0x0000000704000000, 0x0000000800000000)
  region size 1024K, 2 young (2048K), 2 survivors (2048K)
 Metaspace       used 20037K, capacity 20334K, committed 20608K, reserved 1069056K
  class space    used 1736K, capacity 1845K, committed 1920K, reserved 1048576K
}
Event: 9703.929 GC heap before
{Heap before GC invocations=305 (full 0):
 garbage-first heap   total 258048K, used 178321K [0x0000000704000000, 0x0000000800000000)
  region size 1024K, 12 young (12288K), 2 survivors (2048K)
 Metaspace       used 20037K, capacity 20334K, committed 20608K, reserved 1069056K
  class space    used 1736K, capacity 1845K, committed 1920K, reserved 1048576K
}
Event: 9703.938 GC heap after
{Heap after GC invocations=306 (full 0):
 garbage-first heap   total 258048K, used 152740K [0x0000000704000000, 0x0000000800000000)
  region size 1024K, 2 young (2048K), 2 survivors (2048K)
 Metaspace       used 20037K, capacity 20334K, committed 20608K, reserved 1069056K
  class space    used 1736K, capacity 1845K, committed 1920K, reserved 1048576K
}
Event: 9714.737 GC heap before
{Heap before GC invocations=306 (full 0):
 garbage-first heap   total 258048K, used 161956K [0x0000000704000000, 0x0000000800000000)
  region size 1024K, 12 young (12288K), 2 survivors (2048K)
 Metaspace       used 20037K, capacity 20334K, committed 20608K, reserved 1069056K
  class space    used 1736K, capacity 1845K, committed 1920K, reserved 1048576K
}
Event: 9714.748 GC heap after
{Heap after GC invocations=307 (full 0):
 garbage-first heap   total 258048K, used 141819K [0x0000000704000000, 0x0000000800000000)
  region size 1024K, 2 young (2048K), 2 survivors (2048K)
 Metaspace       used 20037K, capacity 20334K, committed 20608K, reserved 1069056K
  class space    used 1736K, capacity 1845K, committed 1920K, reserved 1048576K
}
Event: 9736.244 GC heap before
{Heap before GC invocations=307 (full 0):
 garbage-first heap   total 258048K, used 151035K [0x0000000704000000, 0x0000000800000000)
  region size 1024K, 12 young (12288K), 2 survivors (2048K)
 Metaspace       used 20037K, capacity 20334K, committed 20608K, reserved 1069056K
  class space    used 1736K, capacity 1845K, committed 1920K, reserved 1048576K
}
Event: 9736.268 GC heap after
{Heap after GC invocations=308 (full 0):
 garbage-first heap   total 258048K, used 136598K [0x0000000704000000, 0x0000000800000000)
  region size 1024K, 2 young (2048K), 2 survivors (2048K)
 Metaspace       used 20037K, capacity 20334K, committed 20608K, reserved 1069056K
  class space    used 1736K, capacity 1845K, committed 1920K, reserved 1048576K
}
Event: 9790.174 GC heap before
{Heap before GC invocations=308 (full 0):
 garbage-first heap   total 258048K, used 167318K [0x0000000704000000, 0x0000000800000000)
  region size 1024K, 33 young (33792K), 2 survivors (2048K)
 Metaspace       used 20037K, capacity 20334K, committed 20608K, reserved 1069056K
  class space    used 1736K, capacity 1845K, committed 1920K, reserved 1048576K
}
Event: 9790.192 GC heap after
{Heap after GC invocations=309 (full 0):
 garbage-first heap   total 258048K, used 153007K [0x0000000704000000, 0x0000000800000000)
  region size 1024K, 5 young (5120K), 5 survivors (5120K)
 Metaspace       used 20037K, capacity 20334K, committed 20608K, reserved 1069056K
  class space    used 1736K, capacity 1845K, committed 1920K, reserved 1048576K
}
Event: 9835.007 GC heap before
{Heap before GC invocations=309 (full 0):
 garbage-first heap   total 258048K, used 179631K [0x0000000704000000, 0x0000000800000000)
  region size 1024K, 32 young (32768K), 5 survivors (5120K)
 Metaspace       used 20037K, capacity 20334K, committed 20608K, reserved 1069056K
  class space    used 1736K, capacity 1845K, committed 1920K, reserved 1048576K
}
Event: 9835.022 GC heap after
{Heap after GC invocations=310 (full 0):
 garbage-first heap   total 258048K, used 166673K [0x0000000704000000, 0x0000000800000000)
  region size 1024K, 4 young (4096K), 4 survivors (4096K)
 Metaspace       used 20037K, capacity 20334K, committed 20608K, reserved 1069056K
  class space    used 1736K, capacity 1845K, committed 1920K, reserved 1048576K
}

Deoptimization events (20 events):
Event: 5408.542 Thread 0x000001af4c9c9000 Uncommon trap: trap_request=0xffffffbe fr.pc=0x000001af5cf80420 relative=0x0000000000000960
Event: 5408.542 Thread 0x000001af4c9c9000 Uncommon trap: reason=profile_predicate action=maybe_recompile pc=0x000001af5cf80420 method=sun.security.ssl.CipherSuite.namesOf(Ljava/util/List;)[Ljava/lang/String; @ 25 c2
Event: 5408.542 Thread 0x000001af4c9c9000 DEOPT PACKING pc=0x000001af5cf80420 sp=0x000000a3448fed20
Event: 5408.542 Thread 0x000001af4c9c9000 DEOPT UNPACKING pc=0x000001af551ba1af sp=0x000000a3448fecd8 mode 2
Event: 5408.542 Thread 0x000001af4c9c9000 Uncommon trap: trap_request=0xffffffbe fr.pc=0x000001af5cf80420 relative=0x0000000000000960
Event: 5408.542 Thread 0x000001af4c9c9000 Uncommon trap: reason=profile_predicate action=maybe_recompile pc=0x000001af5cf80420 method=sun.security.ssl.CipherSuite.namesOf(Ljava/util/List;)[Ljava/lang/String; @ 25 c2
Event: 5408.542 Thread 0x000001af4c9c9000 DEOPT PACKING pc=0x000001af5cf80420 sp=0x000000a3448fed20
Event: 5408.542 Thread 0x000001af4c9c9000 DEOPT UNPACKING pc=0x000001af551ba1af sp=0x000000a3448fecd8 mode 2
Event: 6287.340 Thread 0x000001af4c9c9000 DEOPT PACKING pc=0x000001af55d9e3e7 sp=0x000000a3448fe080
Event: 6287.340 Thread 0x000001af4c9c9000 DEOPT UNPACKING pc=0x000001af551ba95e sp=0x000000a3448fd540 mode 0
Event: 6814.363 Thread 0x000001af4c9c9000 Uncommon trap: trap_request=0xffffff4d fr.pc=0x000001af5cf9c5f0 relative=0x0000000000000530
Event: 6814.363 Thread 0x000001af4c9c9000 Uncommon trap: reason=unstable_if action=reinterpret pc=0x000001af5cf9c5f0 method=sun.net.util.IPAddressUtil.scan(Ljava/lang/String;JJ[C)I @ 14 c2
Event: 6814.363 Thread 0x000001af4c9c9000 DEOPT PACKING pc=0x000001af5cf9c5f0 sp=0x000000a3448faca0
Event: 6814.363 Thread 0x000001af4c9c9000 DEOPT UNPACKING pc=0x000001af551ba1af sp=0x000000a3448fac18 mode 2
Event: 8831.703 Thread 0x000001af4c9c9000 Uncommon trap: trap_request=0xffffff4d fr.pc=0x000001af5cef99ec relative=0x0000000000000d8c
Event: 8831.703 Thread 0x000001af4c9c9000 Uncommon trap: reason=unstable_if action=reinterpret pc=0x000001af5cef99ec method=java.math.BigInteger.montReduce([I[III)[I @ 61 c2
Event: 8831.703 Thread 0x000001af4c9c9000 DEOPT PACKING pc=0x000001af5cef99ec sp=0x000000a3448fdd90
Event: 8831.703 Thread 0x000001af4c9c9000 DEOPT UNPACKING pc=0x000001af551ba1af sp=0x000000a3448fdd68 mode 2
Event: 8940.659 Thread 0x000001af4c9c9000 DEOPT PACKING pc=0x000001af560f2467 sp=0x000000a3448fde50
Event: 8940.659 Thread 0x000001af4c9c9000 DEOPT UNPACKING pc=0x000001af551ba95e sp=0x000000a3448fd310 mode 0

Classes redefined (0 events):
No events

Internal exceptions (20 events):
Event: 0.472 Thread 0x000001af4c9c9000 Exception <a 'java/lang/NoSuchMethodError'{0x0000000712fac630}: 'java.lang.Object java.lang.invoke.DirectMethodHandle$Holder.invokeStaticInit(java.lang.Object, java.lang.Object, int, int, int, int)'> (0x0000000712fac630) thrown at [s\src\hotspot\share\interpreter\linkResolver.cpp, line 773]
Event: 0.604 Thread 0x000001af4c9c9000 Implicit null exception at 0x000001af5cc6b82c to 0x000001af5cc6b9c2
Event: 1.248 Thread 0x000001af4c9c9000 Exception <a 'java/lang/NoSuchMethodError'{0x0000000712848d08}: 'int java.lang.invoke.DirectMethodHandle$Holder.invokeStaticInit(java.lang.Object, java.lang.Object, java.lang.Object)'> (0x0000000712848d08) thrown at [s\src\hotspot\share\interpreter\linkResolver.cpp, line 773]
Event: 1.443 Thread 0x000001af4c9c9000 Exception <a 'java/lang/NoSuchMethodError'{0x0000000713818d20}: 'int java.lang.invoke.DirectMethodHandle$Holder.invokeSpecial(java.lang.Object, java.lang.Object, java.lang.Object, java.lang.Object)'> (0x0000000713818d20) thrown at [s\src\hotspot\share\interpreter\linkResolver.cpp, line 773]
Event: 1.462 Thread 0x000001af4c9c9000 Exception <a 'java/lang/NoSuchMethodError'{0x0000000713851210}: 'int java.lang.invoke.DirectMethodHandle$Holder.invokeVirtual(java.lang.Object, java.lang.Object)'> (0x0000000713851210) thrown at [s\src\hotspot\share\interpreter\linkResolver.cpp, line 773]
Event: 1.489 Thread 0x000001af4c9c9000 Exception <a 'java/lang/NoSuchMethodError'{0x00000007137a3980}: 'java.lang.Object java.lang.invoke.DirectMethodHandle$Holder.invokeStatic(java.lang.Object, java.lang.Object, java.lang.Object, java.lang.Object, java.lang.Object, java.lang.Object, java.lang.Object, java.lang.Object, java.lang.Object, java.lang.Object, java.lang.Object, java.lang.Object, java.lang.Object, java.lang.Object, java.lang.Object)'> (0x00000007137a3980) thrown at [s\src\hotspot\share\interpreter\linkResolver.cpp, line 773]
Event: 1.492 Thread 0x000001af4c9c9000 Exception <a 'java/lang/NoSuchMethodError'{0x00000007137b7fe0}: 'java.lang.Object java.lang.invoke.DirectMethodHandle$Holder.invokeStatic(java.lang.Object, java.lang.Object, java.lang.Object, java.lang.Object, java.lang.Object, java.lang.Object, java.lang.Object, java.lang.Object, java.lang.Object, java.lang.Object, java.lang.Object, java.lang.Object, java.lang.Object, java.lang.Object, java.lang.Object, java.lang.Object)'> (0x00000007137b7fe0) thrown at [s\src\hotspot\share\interpreter\linkResolver.cpp, l
Event: 1.494 Thread 0x000001af4c9c9000 Exception <a 'java/lang/NoSuchMethodError'{0x00000007137c5d40}: 'java.lang.Object java.lang.invoke.DirectMethodHandle$Holder.invokeSpecial(java.lang.Object, java.lang.Object, int, int, int, java.lang.Object, java.lang.Object, java.lang.Object)'> (0x00000007137c5d40) thrown at [s\src\hotspot\share\interpreter\linkResolver.cpp, line 773]
Event: 1.494 Thread 0x000001af4c9c9000 Exception <a 'java/lang/NoSuchMethodError'{0x00000007137c9380}: 'java.lang.Object java.lang.invoke.DelegatingMethodHandle$Holder.reinvoke_L(java.lang.Object, int, int, int, java.lang.Object, java.lang.Object, java.lang.Object)'> (0x00000007137c9380) thrown at [s\src\hotspot\share\interpreter\linkResolver.cpp, line 773]
Event: 1.495 Thread 0x000001af4c9c9000 Exception <a 'java/lang/NoSuchMethodError'{0x00000007137d08d8}: 'java.lang.Object java.lang.invoke.DirectMethodHandle$Holder.invokeStatic(java.lang.Object, java.lang.Object, java.lang.Object, java.lang.Object, java.lang.Object, int)'> (0x00000007137d08d8) thrown at [s\src\hotspot\share\interpreter\linkResolver.cpp, line 773]
Event: 12.720 Thread 0x000001af4c9c9000 Implicit null exception at 0x000001af5ccec30f to 0x000001af5cced56b
Event: 12.721 Thread 0x000001af4c9c9000 Implicit null exception at 0x000001af5ccec30f to 0x000001af5cced56b
Event: 12.721 Thread 0x000001af4c9c9000 Implicit null exception at 0x000001af5ccec30f to 0x000001af5cced56b
Event: 12.721 Thread 0x000001af4c9c9000 Implicit null exception at 0x000001af5ccec30f to 0x000001af5cced56b
Event: 4134.153 Thread 0x000001af4c9c9000 Implicit null exception at 0x000001af5cf31699 to 0x000001af5cf31c74
Event: 4134.153 Thread 0x000001af4c9c9000 Implicit null exception at 0x000001af5cf23c1b to 0x000001af5cf23d0c
Event: 4622.616 Thread 0x000001af4c9c9000 Implicit null exception at 0x000001af5cf67cf7 to 0x000001af5cf68900
Event: 4622.617 Thread 0x000001af4c9c9000 Implicit null exception at 0x000001af5cf67cf7 to 0x000001af5cf68900
Event: 4622.618 Thread 0x000001af4c9c9000 Implicit null exception at 0x000001af5cf67cf7 to 0x000001af5cf68900
Event: 4622.618 Thread 0x000001af4c9c9000 Implicit null exception at 0x000001af5cf67cf7 to 0x000001af5cf68900

Events (20 events):
Event: 9822.704 Thread 0x000001af7163a000 Thread added: 0x000001af7163a000
Event: 9822.704 Executing VM operation: RevokeBias
Event: 9822.704 Executing VM operation: RevokeBias done
Event: 9822.704 Thread 0x000001af7163a000 Thread exited: 0x000001af7163a000
Event: 9833.865 Thread 0x000001af7163a000 Thread added: 0x000001af7163a000
Event: 9833.866 Executing VM operation: RevokeBias
Event: 9833.866 Executing VM operation: RevokeBias done
Event: 9833.866 Thread 0x000001af7163a000 Thread exited: 0x000001af7163a000
Event: 9835.007 Executing VM operation: G1CollectForAllocation
Event: 9835.022 Executing VM operation: G1CollectForAllocation done
Event: 9845.050 Executing VM operation: BulkRevokeBias
Event: 9845.050 Executing VM operation: BulkRevokeBias done
Event: 9845.063 Thread 0x000001af7163b800 Thread added: 0x000001af7163b800
Event: 9845.064 Executing VM operation: BulkRevokeBias
Event: 9845.065 Executing VM operation: BulkRevokeBias done
Event: 9845.065 Thread 0x000001af7163b800 Thread exited: 0x000001af7163b800
Event: 9855.884 Thread 0x000001af7163a000 Thread added: 0x000001af7163a000
Event: 9855.884 Executing VM operation: RevokeBias
Event: 9855.884 Executing VM operation: RevokeBias done
Event: 9855.885 Thread 0x000001af7163a000 Thread exited: 0x000001af7163a000


Dynamic libraries:
0x00007ff639870000 - 0x00007ff63987e000 	C:\Users\user\.jdks\OpenJDK11U-jdk_x64_windows_hotspot_11.0.26_4\jdk-11.0.26+4\bin\java.exe
0x00007ff8ec800000 - 0x00007ff8eca66000 	C:\WINDOWS\SYSTEM32\ntdll.dll
0x00007ff8ebef0000 - 0x00007ff8ebfb9000 	C:\WINDOWS\System32\KERNEL32.DLL
0x00007ff8e9ef0000 - 0x00007ff8ea2bc000 	C:\WINDOWS\System32\KERNELBASE.dll
0x00007ff8ea470000 - 0x00007ff8ea5bb000 	C:\WINDOWS\System32\ucrtbase.dll
0x00007ff8e43d0000 - 0x00007ff8e43ee000 	C:\Users\user\.jdks\OpenJDK11U-jdk_x64_windows_hotspot_11.0.26_4\jdk-11.0.26+4\bin\VCRUNTIME140.dll
0x00007ff8d53e0000 - 0x00007ff8d53f7000 	C:\Users\user\.jdks\OpenJDK11U-jdk_x64_windows_hotspot_11.0.26_4\jdk-11.0.26+4\bin\jli.dll
0x00007ff8ec1b0000 - 0x00007ff8ec37a000 	C:\WINDOWS\System32\USER32.dll
0x00007ff8ea440000 - 0x00007ff8ea467000 	C:\WINDOWS\System32\win32u.dll
0x00007ff8d4e60000 - 0x00007ff8d50fa000 	C:\WINDOWS\WinSxS\amd64_microsoft.windows.common-controls_6595b64144ccf1df_6.0.26100.3912_none_3e07963ce335137e\COMCTL32.dll
0x00007ff8eb3c0000 - 0x00007ff8eb3eb000 	C:\WINDOWS\System32\GDI32.dll
0x00007ff8ec380000 - 0x00007ff8ec429000 	C:\WINDOWS\System32\msvcrt.dll
0x00007ff8e9990000 - 0x00007ff8e9ac2000 	C:\WINDOWS\System32\gdi32full.dll
0x00007ff8e9ad0000 - 0x00007ff8e9b73000 	C:\WINDOWS\System32\msvcp_win.dll
0x00007ff8ebfc0000 - 0x00007ff8ebff0000 	C:\WINDOWS\System32\IMM32.DLL
0x00007ff8e4280000 - 0x00007ff8e428c000 	C:\Users\user\.jdks\OpenJDK11U-jdk_x64_windows_hotspot_11.0.26_4\jdk-11.0.26+4\bin\vcruntime140_1.dll
0x00007ff8b7480000 - 0x00007ff8b750d000 	C:\Users\user\.jdks\OpenJDK11U-jdk_x64_windows_hotspot_11.0.26_4\jdk-11.0.26+4\bin\msvcp140.dll
0x00007ff87fae0000 - 0x00007ff8806a3000 	C:\Users\user\.jdks\OpenJDK11U-jdk_x64_windows_hotspot_11.0.26_4\jdk-11.0.26+4\bin\server\jvm.dll
0x00007ff8ec550000 - 0x00007ff8ec602000 	C:\WINDOWS\System32\ADVAPI32.dll
0x00007ff8ec100000 - 0x00007ff8ec1a6000 	C:\WINDOWS\System32\sechost.dll
0x00007ff8ec430000 - 0x00007ff8ec546000 	C:\WINDOWS\System32\RPCRT4.dll
0x00007ff8ea820000 - 0x00007ff8ea894000 	C:\WINDOWS\System32\WS2_32.dll
0x00007ff8ec630000 - 0x00007ff8ec638000 	C:\WINDOWS\System32\PSAPI.DLL
0x00007ff8d8500000 - 0x00007ff8d850b000 	C:\WINDOWS\SYSTEM32\VERSION.dll
0x00007ff8e0340000 - 0x00007ff8e0376000 	C:\WINDOWS\SYSTEM32\WINMM.dll
0x00007ff8e8750000 - 0x00007ff8e876a000 	C:\WINDOWS\SYSTEM32\kernel.appcore.dll
0x00007ff8dfb50000 - 0x00007ff8dfb60000 	C:\Users\user\.jdks\OpenJDK11U-jdk_x64_windows_hotspot_11.0.26_4\jdk-11.0.26+4\bin\verify.dll
0x00007ff8e6ae0000 - 0x00007ff8e6d21000 	C:\WINDOWS\SYSTEM32\DBGHELP.DLL
0x00007ff8eafd0000 - 0x00007ff8eb354000 	C:\WINDOWS\System32\combase.dll
0x00007ff8ebe00000 - 0x00007ff8ebee0000 	C:\WINDOWS\System32\OLEAUT32.dll
0x00007ff8cc370000 - 0x00007ff8cc3a9000 	C:\WINDOWS\SYSTEM32\dbgcore.DLL
0x00007ff8e9c40000 - 0x00007ff8e9cd9000 	C:\WINDOWS\System32\bcryptPrimitives.dll
0x00007ff8bcc80000 - 0x00007ff8bcca8000 	C:\Users\user\.jdks\OpenJDK11U-jdk_x64_windows_hotspot_11.0.26_4\jdk-11.0.26+4\bin\java.dll
0x00007ff8d9fc0000 - 0x00007ff8d9fca000 	C:\Users\user\.jdks\OpenJDK11U-jdk_x64_windows_hotspot_11.0.26_4\jdk-11.0.26+4\bin\jimage.dll
0x00007ff8d53c0000 - 0x00007ff8d53d8000 	C:\Users\user\.jdks\OpenJDK11U-jdk_x64_windows_hotspot_11.0.26_4\jdk-11.0.26+4\bin\zip.dll
0x00007ff8eb650000 - 0x00007ff8ebd7d000 	C:\WINDOWS\System32\SHELL32.dll
0x00007ff8ea2c0000 - 0x00007ff8ea434000 	C:\WINDOWS\System32\wintypes.dll
0x00007ff8e7620000 - 0x00007ff8e7e76000 	C:\WINDOWS\SYSTEM32\windows.storage.dll
0x00007ff8ea8a0000 - 0x00007ff8ea98f000 	C:\WINDOWS\System32\SHCORE.dll
0x00007ff8ebd80000 - 0x00007ff8ebde9000 	C:\WINDOWS\System32\shlwapi.dll
0x00007ff8e98a0000 - 0x00007ff8e98cf000 	C:\WINDOWS\SYSTEM32\profapi.dll
0x00007ff8c8600000 - 0x00007ff8c8619000 	C:\Users\user\.jdks\OpenJDK11U-jdk_x64_windows_hotspot_11.0.26_4\jdk-11.0.26+4\bin\net.dll
0x00007ff8e2ed0000 - 0x00007ff8e2fee000 	C:\WINDOWS\SYSTEM32\WINHTTP.dll
0x00007ff8e8cc0000 - 0x00007ff8e8d2a000 	C:\WINDOWS\system32\mswsock.dll
0x00007ff8bd2c0000 - 0x00007ff8bd2d3000 	C:\Users\user\.jdks\OpenJDK11U-jdk_x64_windows_hotspot_11.0.26_4\jdk-11.0.26+4\bin\nio.dll
0x00007ff8bc970000 - 0x00007ff8bc997000 	C:\Users\user\.jdks\OpenJDK11U-jdk_x64_windows_hotspot_11.0.26_4\jdk-11.0.26+4\bin\sunec.dll
0x00007ff8e8f70000 - 0x00007ff8e8f8c000 	C:\WINDOWS\SYSTEM32\CRYPTSP.dll
0x00007ff8e86b0000 - 0x00007ff8e86ea000 	C:\WINDOWS\system32\rsaenh.dll
0x00007ff8e8d60000 - 0x00007ff8e8d8b000 	C:\WINDOWS\SYSTEM32\USERENV.dll
0x00007ff8e9870000 - 0x00007ff8e9896000 	C:\WINDOWS\SYSTEM32\bcrypt.dll
0x00007ff8e8f60000 - 0x00007ff8e8f6c000 	C:\WINDOWS\SYSTEM32\CRYPTBASE.dll
0x00007ff8e81e0000 - 0x00007ff8e8213000 	C:\WINDOWS\SYSTEM32\IPHLPAPI.DLL
0x00007ff8ebdf0000 - 0x00007ff8ebdfa000 	C:\WINDOWS\System32\NSI.dll
0x00007ff8e33b0000 - 0x00007ff8e33cf000 	C:\WINDOWS\SYSTEM32\dhcpcsvc6.DLL
0x00007ff8e3190000 - 0x00007ff8e31b5000 	C:\WINDOWS\SYSTEM32\dhcpcsvc.DLL
0x00007ff8e8280000 - 0x00007ff8e83a7000 	C:\WINDOWS\SYSTEM32\DNSAPI.dll
0x00007ff8e22e0000 - 0x00007ff8e22eb000 	C:\Windows\System32\rasadhlp.dll
0x00007ff8e34c0000 - 0x00007ff8e3546000 	C:\WINDOWS\System32\fwpuclnt.dll
0x00007ff8d9ef0000 - 0x00007ff8d9efe000 	C:\Users\user\.jdks\OpenJDK11U-jdk_x64_windows_hotspot_11.0.26_4\jdk-11.0.26+4\bin\sunmscapi.dll
0x00007ff8e9d70000 - 0x00007ff8e9ee7000 	C:\WINDOWS\System32\CRYPT32.dll
0x00007ff8e9170000 - 0x00007ff8e91a0000 	C:\WINDOWS\SYSTEM32\ncrypt.dll
0x00007ff8e9120000 - 0x00007ff8e915f000 	C:\WINDOWS\SYSTEM32\NTASN1.dll

dbghelp: loaded successfully - version: 4.0.5 - missing functions: none
symbol engine: initialized successfully - sym options: 0x614 - pdb path: .;C:\Users\user\.jdks\OpenJDK11U-jdk_x64_windows_hotspot_11.0.26_4\jdk-11.0.26+4\bin;C:\WINDOWS\SYSTEM32;C:\WINDOWS\WinSxS\amd64_microsoft.windows.common-controls_6595b64144ccf1df_6.0.26100.3912_none_3e07963ce335137e;C:\Users\user\.jdks\OpenJDK11U-jdk_x64_windows_hotspot_11.0.26_4\jdk-11.0.26+4\bin\server

VM Arguments:
java_command: Monitor
java_class_path (initial): jsoup-1.20.1.jar;out
Launcher Type: SUN_STANDARD

[Global flags]
     intx CICompilerCount                          = 4                                         {product} {ergonomic}
     uint ConcGCThreads                            = 3                                         {product} {ergonomic}
     uint G1ConcRefinementThreads                  = 10                                        {product} {ergonomic}
   size_t G1HeapRegionSize                         = 1048576                                   {product} {ergonomic}
    uintx GCDrainStackTargetSize                   = 64                                        {product} {ergonomic}
   size_t InitialHeapSize                          = 264241152                                 {product} {ergonomic}
   size_t MarkStackSize                            = 4194304                                   {product} {ergonomic}
   size_t MaxHeapSize                              = 4227858432                                {product} {ergonomic}
   size_t MaxNewSize                               = 2536505344                                {product} {ergonomic}
   size_t MinHeapDeltaBytes                        = 1048576                                   {product} {ergonomic}
    uintx NonNMethodCodeHeapSize                   = 5836300                                {pd product} {ergonomic}
    uintx NonProfiledCodeHeapSize                  = 122910970                              {pd product} {ergonomic}
    uintx ProfiledCodeHeapSize                     = 122910970                              {pd product} {ergonomic}
    uintx ReservedCodeCacheSize                    = 251658240                              {pd product} {ergonomic}
     bool SegmentedCodeCache                       = true                                      {product} {ergonomic}
     bool UseCompressedClassPointers               = true                                 {lp64_product} {ergonomic}
     bool UseCompressedOops                        = true                                 {lp64_product} {ergonomic}
     bool UseG1GC                                  = true                                      {product} {ergonomic}
     bool UseLargePagesIndividualAllocation        = false                                  {pd product} {ergonomic}

Logging:
Log output configuration:
 #0: stdout all=warning uptime,level,tags
 #1: stderr all=off uptime,level,tags

Environment Variables:
JAVA_HOME=C:\Users\user\.jdks\OpenJDK11U-jdk_x64_windows_hotspot_11.0.26_4\jdk-11.0.26+4
PATH=C:\app\user\product\21c\dbhomeXE\bin;C:\WINDOWS\system32;C:\WINDOWS;C:\WINDOWS\System32\Wbem;C:\WINDOWS\System32\WindowsPowerShell\v1.0\;C:\WINDOWS\System32\OpenSSH\;C:\Program Files\Git\cmd;C:\Users\user\maven-mvnd-1.0.2-windows-amd64\maven-mvnd-1.0.2-windows-amd64\mvn\bin;C:\Users\user\.jdks\OpenJDK11U-jdk_x64_windows_hotspot_11.0.26_4\jdk-11.0.26+4\bin;C:\Users\user\AppData\Local\Programs\Python\Python313\Scripts\;C:\Users\user\AppData\Local\Programs\Python\Python313\;C:\Users\user\AppData\Local\Programs\Python\Launcher\;C:\Users\user\AppData\Local\Microsoft\WindowsApps;C:\Users\user\AppData\Local\Programs\Microsoft VS Code\bin
USERNAME=user
OS=Windows_NT
PROCESSOR_IDENTIFIER=Intel64 Family 6 Model 186 Stepping 3, GenuineIntel
TMP=C:\Users\user\AppData\Local\Temp
TEMP=C:\Users\user\AppData\Local\Temp



---------------  S Y S T E M  ---------------

OS: Windows 11 , 64 bit Build 26100 (10.0.26100.3912)
OS uptime: 1 days 20:11 hours

CPU:total 12 (initial active 12) (6 cores per cpu, 2 threads per core) family 6 model 186 stepping 3 microcode 0x410e, cmov, cx8, fxsr, mmx, sse, sse2, sse3, ssse3, sse4.1, sse4.2, popcnt, avx, avx2, aes, clmul, erms, 3dnowpref, lzcnt, ht, tsc, tscinvbit, bmi1, bmi2, adx, sha, fma

Memory: 4k page, system-wide physical 16122M (3173M free)
TotalPageFile size 19122M (AvailPageFile size 1M)
current process WorkingSet (physical memory assigned to process): 330M, peak: 349M
current process commit charge ("private bytes"): 381M, peak: 392M

vm_info: OpenJDK 64-Bit Server VM (11.0.26+4) for windows-amd64 JRE (11.0.26+4), built on Jan 22 2025 03:32:54 by "" with MS VC++ 17.7 (VS2022)

END.
