#
# There is insufficient memory for the Java Runtime Environment to continue.
# Native memory allocation (mmap) failed to map 264241152 bytes for Failed to commit area from 0x0000000704000000 to 0x0000000713c00000 of length 264241152.
# Possible reasons:
#   The system is out of physical RAM or swap space
#   The process is running with CompressedOops enabled, and the Java Heap may be blocking the growth of the native heap
# Possible solutions:
#   Reduce memory load on the system
#   Increase physical memory or swap space
#   Check if swap backing store is full
#   Decrease Java heap size (-Xmx/-Xms)
#   Decrease number of Java threads
#   Decrease Java thread stack sizes (-Xss)
#   Set larger code cache with -XX:ReservedCodeCacheSize=
# This output file may be truncated or incomplete.
#
#  Out of Memory Error (os_windows.cpp:3388), pid=6616, tid=12560
#
# JRE version:  (11.0.26+4) (build )
# Java VM: OpenJDK 64-Bit Server VM (11.0.26+4, mixed mode, sharing, tiered, compressed oops, g1 gc, windows-amd64)
# No core dump will be written. Minidumps are not enabled by default on client versions of Windows
#

---------------  S U M M A R Y ------------

Command Line: Monitor

Host: 13th Gen Intel(R) Core(TM) i5-1335U, 12 cores, 15G,  Windows 11 , 64 bit Build 26100 (10.0.26100.3912)
Time: Fri May 30 14:17:34 2025  Windows 11 , 64 bit Build 26100 (10.0.26100.3912) elapsed time: 1.035509 seconds (0d 0h 0m 1s)

---------------  T H R E A D  ---------------

Current thread (0x000001ff68a9a000):  JavaThread "Unknown thread" [_thread_in_vm, id=12560, stack(0x00000081ba000000,0x00000081ba100000)]

Stack: [0x00000081ba000000,0x00000081ba100000]
Native frames: (J=compiled Java code, j=interpreted, Vv=VM code, C=native code)
V  [jvm.dll+0x64485a]
V  [jvm.dll+0x7d7099]
V  [jvm.dll+0x7d8779]
V  [jvm.dll+0x7d8e73]
V  [jvm.dll+0x269095]
V  [jvm.dll+0x641a89]
V  [jvm.dll+0x636325]
V  [jvm.dll+0x32552d]
V  [jvm.dll+0x325392]
V  [jvm.dll+0x329fb6]
V  [jvm.dll+0x370fb0]
V  [jvm.dll+0x370a22]
V  [jvm.dll+0x300458]
V  [jvm.dll+0x301555]
V  [jvm.dll+0x7b05c7]
V  [jvm.dll+0x7b1d4f]
V  [jvm.dll+0x37e2a9]
V  [jvm.dll+0x7921ef]
V  [jvm.dll+0x3eeb67]
V  [jvm.dll+0x3f1061]
C  [jli.dll+0x52c0]
C  [ucrtbase.dll+0x37b0]
C  [KERNEL32.DLL+0x2e8d7]
C  [ntdll.dll+0x9c5dc]


---------------  P R O C E S S  ---------------

Threads class SMR info:
_java_thread_list=0x000001ff668277c0, length=0, elements={
}

Java Threads: ( => current thread )

Other Threads:
  0x000001ff68ab2000 GCTaskThread "GC Thread#0" [stack: 0x00000081ba100000,0x00000081ba200000] [id=6612]
  0x000001ff68b0f800 ConcurrentGCThread "G1 Main Marker" [stack: 0x00000081ba200000,0x00000081ba300000] [id=22084]
  0x000001ff68b1e000 ConcurrentGCThread "G1 Conc#0" [stack: 0x00000081ba300000,0x00000081ba400000] [id=12252]

[error occurred during error reporting (printing all threads), id 0xc0000005, EXCEPTION_ACCESS_VIOLATION (0xc0000005) at pc=0x00007ff849cf12b7]

VM state:not at safepoint (not fully initialized)

VM Mutex/Monitor currently owned by a thread:  ([mutex/lock_event])
[0x000001ff68a97c70] Heap_lock - owner thread: 0x000001ff68a9a000

Heap address: 0x0000000704000000, size: 4032 MB, Compressed Oops mode: Non-zero based: 0x0000000704000000
Narrow klass base: 0x0000000000000000, Narrow klass shift: 0

GC Heap History (0 events):
No events

Deoptimization events (0 events):
No events

Classes redefined (0 events):
No events

Internal exceptions (0 events):
No events

Events (1 events):
Event: 0.005 Loaded shared library C:\Users\user\.jdks\OpenJDK11U-jdk_x64_windows_hotspot_11.0.26_4\jdk-11.0.26+4\bin\zip.dll


Dynamic libraries:
0x00007ff736650000 - 0x00007ff73665e000 	C:\Users\user\.jdks\OpenJDK11U-jdk_x64_windows_hotspot_11.0.26_4\jdk-11.0.26+4\bin\java.exe
0x00007ff8ec800000 - 0x00007ff8eca66000 	C:\WINDOWS\SYSTEM32\ntdll.dll
0x00007ff8ebef0000 - 0x00007ff8ebfb9000 	C:\WINDOWS\System32\KERNEL32.DLL
0x00007ff8e9ef0000 - 0x00007ff8ea2bc000 	C:\WINDOWS\System32\KERNELBASE.dll
0x00007ff8ea470000 - 0x00007ff8ea5bb000 	C:\WINDOWS\System32\ucrtbase.dll
0x00007ff8afd90000 - 0x00007ff8afda7000 	C:\Users\user\.jdks\OpenJDK11U-jdk_x64_windows_hotspot_11.0.26_4\jdk-11.0.26+4\bin\jli.dll
0x00007ff8ec1b0000 - 0x00007ff8ec37a000 	C:\WINDOWS\System32\USER32.dll
0x00007ff8927a0000 - 0x00007ff8927be000 	C:\Users\user\.jdks\OpenJDK11U-jdk_x64_windows_hotspot_11.0.26_4\jdk-11.0.26+4\bin\VCRUNTIME140.dll
0x00007ff8ea440000 - 0x00007ff8ea467000 	C:\WINDOWS\System32\win32u.dll
0x00007ff8eb3c0000 - 0x00007ff8eb3eb000 	C:\WINDOWS\System32\GDI32.dll
0x00007ff8e9990000 - 0x00007ff8e9ac2000 	C:\WINDOWS\System32\gdi32full.dll
0x00007ff8d4e60000 - 0x00007ff8d50fa000 	C:\WINDOWS\WinSxS\amd64_microsoft.windows.common-controls_6595b64144ccf1df_6.0.26100.3912_none_3e07963ce335137e\COMCTL32.dll
0x00007ff8e9ad0000 - 0x00007ff8e9b73000 	C:\WINDOWS\System32\msvcp_win.dll
0x00007ff8ec380000 - 0x00007ff8ec429000 	C:\WINDOWS\System32\msvcrt.dll
0x00007ff8ebfc0000 - 0x00007ff8ebff0000 	C:\WINDOWS\System32\IMM32.DLL
0x00007ff8bf5f0000 - 0x00007ff8bf5fc000 	C:\Users\user\.jdks\OpenJDK11U-jdk_x64_windows_hotspot_11.0.26_4\jdk-11.0.26+4\bin\vcruntime140_1.dll
0x00007ff8823c0000 - 0x00007ff88244d000 	C:\Users\user\.jdks\OpenJDK11U-jdk_x64_windows_hotspot_11.0.26_4\jdk-11.0.26+4\bin\msvcp140.dll
0x00007ff8499e0000 - 0x00007ff84a5a3000 	C:\Users\user\.jdks\OpenJDK11U-jdk_x64_windows_hotspot_11.0.26_4\jdk-11.0.26+4\bin\server\jvm.dll
0x00007ff8ec550000 - 0x00007ff8ec602000 	C:\WINDOWS\System32\ADVAPI32.dll
0x00007ff8ec100000 - 0x00007ff8ec1a6000 	C:\WINDOWS\System32\sechost.dll
0x00007ff8ec430000 - 0x00007ff8ec546000 	C:\WINDOWS\System32\RPCRT4.dll
0x00007ff8ea820000 - 0x00007ff8ea894000 	C:\WINDOWS\System32\WS2_32.dll
0x00007ff8ec630000 - 0x00007ff8ec638000 	C:\WINDOWS\System32\PSAPI.DLL
0x00007ff8e0340000 - 0x00007ff8e0376000 	C:\WINDOWS\SYSTEM32\WINMM.dll
0x00007ff8d8500000 - 0x00007ff8d850b000 	C:\WINDOWS\SYSTEM32\VERSION.dll
0x00007ff8e8750000 - 0x00007ff8e876a000 	C:\WINDOWS\SYSTEM32\kernel.appcore.dll
0x00007ff8bf340000 - 0x00007ff8bf350000 	C:\Users\user\.jdks\OpenJDK11U-jdk_x64_windows_hotspot_11.0.26_4\jdk-11.0.26+4\bin\verify.dll
0x00007ff8e6ae0000 - 0x00007ff8e6d21000 	C:\WINDOWS\SYSTEM32\DBGHELP.DLL
0x00007ff8eafd0000 - 0x00007ff8eb354000 	C:\WINDOWS\System32\combase.dll
0x00007ff8ebe00000 - 0x00007ff8ebee0000 	C:\WINDOWS\System32\OLEAUT32.dll
0x00007ff8cc370000 - 0x00007ff8cc3a9000 	C:\WINDOWS\SYSTEM32\dbgcore.DLL
0x00007ff8e9c40000 - 0x00007ff8e9cd9000 	C:\WINDOWS\System32\bcryptPrimitives.dll
0x00007ff888160000 - 0x00007ff888188000 	C:\Users\user\.jdks\OpenJDK11U-jdk_x64_windows_hotspot_11.0.26_4\jdk-11.0.26+4\bin\java.dll
0x00007ff8bce00000 - 0x00007ff8bce0a000 	C:\Users\user\.jdks\OpenJDK11U-jdk_x64_windows_hotspot_11.0.26_4\jdk-11.0.26+4\bin\jimage.dll
0x00007ff892640000 - 0x00007ff892658000 	C:\Users\user\.jdks\OpenJDK11U-jdk_x64_windows_hotspot_11.0.26_4\jdk-11.0.26+4\bin\zip.dll

dbghelp: loaded successfully - version: 4.0.5 - missing functions: none
symbol engine: initialized successfully - sym options: 0x614 - pdb path: .;C:\Users\user\.jdks\OpenJDK11U-jdk_x64_windows_hotspot_11.0.26_4\jdk-11.0.26+4\bin;C:\WINDOWS\SYSTEM32;C:\WINDOWS\WinSxS\amd64_microsoft.windows.common-controls_6595b64144ccf1df_6.0.26100.3912_none_3e07963ce335137e;C:\Users\user\.jdks\OpenJDK11U-jdk_x64_windows_hotspot_11.0.26_4\jdk-11.0.26+4\bin\server

VM Arguments:
java_command: Monitor
java_class_path (initial): jsoup-1.20.1.jar;out
Launcher Type: SUN_STANDARD

[Global flags]
     intx CICompilerCount                          = 4                                         {product} {ergonomic}
     uint ConcGCThreads                            = 3                                         {product} {ergonomic}
     uint G1ConcRefinementThreads                  = 10                                        {product} {ergonomic}
   size_t G1HeapRegionSize                         = 1048576                                   {product} {ergonomic}
    uintx GCDrainStackTargetSize                   = 64                                        {product} {ergonomic}
   size_t InitialHeapSize                          = 264241152                                 {product} {ergonomic}
   size_t MarkStackSize                            = 4194304                                   {product} {ergonomic}
   size_t MaxHeapSize                              = 4227858432                                {product} {ergonomic}
   size_t MinHeapDeltaBytes                        = 1048576                                   {product} {ergonomic}
    uintx NonNMethodCodeHeapSize                   = 5836300                                {pd product} {ergonomic}
    uintx NonProfiledCodeHeapSize                  = 122910970                              {pd product} {ergonomic}
    uintx ProfiledCodeHeapSize                     = 122910970                              {pd product} {ergonomic}
    uintx ReservedCodeCacheSize                    = 251658240                              {pd product} {ergonomic}
     bool SegmentedCodeCache                       = true                                      {product} {ergonomic}
     bool UseCompressedClassPointers               = true                                 {lp64_product} {ergonomic}
     bool UseCompressedOops                        = true                                 {lp64_product} {ergonomic}
     bool UseG1GC                                  = true                                      {product} {ergonomic}
     bool UseLargePagesIndividualAllocation        = false                                  {pd product} {ergonomic}

Logging:
Log output configuration:
 #0: stdout all=warning uptime,level,tags
 #1: stderr all=off uptime,level,tags

Environment Variables:
JAVA_HOME=C:\Users\user\.jdks\OpenJDK11U-jdk_x64_windows_hotspot_11.0.26_4\jdk-11.0.26+4
PATH=C:\app\user\product\21c\dbhomeXE\bin;C:\WINDOWS\system32;C:\WINDOWS;C:\WINDOWS\System32\Wbem;C:\WINDOWS\System32\WindowsPowerShell\v1.0\;C:\WINDOWS\System32\OpenSSH\;C:\Program Files\Git\cmd;C:\Users\user\maven-mvnd-1.0.2-windows-amd64\maven-mvnd-1.0.2-windows-amd64\mvn\bin;C:\Users\user\.jdks\OpenJDK11U-jdk_x64_windows_hotspot_11.0.26_4\jdk-11.0.26+4\bin;C:\Users\user\AppData\Local\Programs\Python\Python313\Scripts\;C:\Users\user\AppData\Local\Programs\Python\Python313\;C:\Users\user\AppData\Local\Programs\Python\Launcher\;C:\Users\user\AppData\Local\Microsoft\WindowsApps;C:\Users\user\AppData\Local\Programs\Microsoft VS Code\bin
USERNAME=user
OS=Windows_NT
PROCESSOR_IDENTIFIER=Intel64 Family 6 Model 186 Stepping 3, GenuineIntel
TMP=C:\Users\user\AppData\Local\Temp
TEMP=C:\Users\user\AppData\Local\Temp



---------------  S Y S T E M  ---------------

OS: Windows 11 , 64 bit Build 26100 (10.0.26100.3912)
OS uptime: 2 days 19:19 hours

CPU:total 12 (initial active 12) (6 cores per cpu, 2 threads per core) family 6 model 186 stepping 3 microcode 0x410e, cmov, cx8, fxsr, mmx, sse, sse2, sse3, ssse3, sse4.1, sse4.2, popcnt, avx, avx2, aes, clmul, erms, 3dnowpref, lzcnt, ht, tsc, tscinvbit, bmi1, bmi2, adx, sha, fma

Memory: 4k page, system-wide physical 16122M (2914M free)
TotalPageFile size 19122M (AvailPageFile size 223M)
current process WorkingSet (physical memory assigned to process): 12M, peak: 12M
current process commit charge ("private bytes"): 65M, peak: 317M

vm_info: OpenJDK 64-Bit Server VM (11.0.26+4) for windows-amd64 JRE (11.0.26+4), built on Jan 22 2025 03:32:54 by "" with MS VC++ 17.7 (VS2022)

END.
